Virtual User Script started at: 17.07.2020 0:10:51
Starting action vuser_init.
Web Turbo Replay of LoadRunner 12.55.0 for Windows 10; build 911 (июл 24 2017 19:46:00)  	[MsgId: MMSG-26983]
Run mode: HTML  	[MsgId: MMSG-26993]
Replay user agent: Mozilla/5.0 (Windows NT 10.0; WOW64; rv:40.0) Gecko/20100101 Firefox/40.0  	[MsgId: MMSG-26988]
Run-Time Settings file: "C:\Users\Никита\Desktop\IBS\VuGen\AppLine_LoadRunner\Скрипты\05_Check_itenerary\\default.cfg"  	[MsgId: MMSG-27141]
Ending action vuser_init.
Running Vuser...
Starting iteration 1.
Maximum number of concurrent connections per server: 6  	[MsgId: MMSG-26989]
Starting action Action.
Action.c(3): Notify: Transaction "05_Check_itenerary" started.
Action.c(5): Notify: Transaction "open_site" started.
Action.c(8): web_url("WebTours") started  	[MsgId: MMSG-26355]
Action.c(8): Detected non-resource "http://localhost:1080/WebTours/header.html" in "http://localhost:1080/WebTours/"  	[MsgId: MMSG-26574]
Action.c(8): Detected non-resource "http://localhost:1080/cgi-bin/welcome.pl?signOff=true" in "http://localhost:1080/WebTours/"  	[MsgId: MMSG-26574]
Action.c(8): Found resource "http://localhost:1080/WebTours/images/hp_logo.png" in HTML "http://localhost:1080/WebTours/header.html"  	[MsgId: MMSG-26659]
Action.c(8): Found resource "http://localhost:1080/WebTours/images/webtours.png" in HTML "http://localhost:1080/WebTours/header.html"  	[MsgId: MMSG-26659]
Action.c(8): Detected non-resource "http://localhost:1080/cgi-bin/nav.pl?in=home" in "http://localhost:1080/cgi-bin/welcome.pl?signOff=true"  	[MsgId: MMSG-26574]
Action.c(8): Detected non-resource "http://localhost:1080/WebTours/home.html" in "http://localhost:1080/cgi-bin/welcome.pl?signOff=true"  	[MsgId: MMSG-26574]
Action.c(8): Found resource "http://localhost:1080/WebTours/images/mer_login.gif" in HTML "http://localhost:1080/cgi-bin/nav.pl?in=home"  	[MsgId: MMSG-26659]
Action.c(8): web_url("WebTours") was successful, 10080 body bytes, 2371 header bytes, 24 chunking overhead bytes  	[MsgId: MMSG-26385]
Action.c(17): web_url("header.html") started  	[MsgId: MMSG-26355]
Action.c(17): Retrieving data from cache for "http://localhost:1080/WebTours/header.html"  	[MsgId: MMSG-26558]
Action.c(17): Resource "http://localhost:1080/WebTours/images/hp_logo.png" is in the cache already and will not be downloaded again  	[MsgId: MMSG-26655]
Action.c(17): Resource "http://localhost:1080/WebTours/images/webtours.png" is in the cache already and will not be downloaded again  	[MsgId: MMSG-26655]
Action.c(17): web_url("header.html") was successful, 0 body bytes, 0 header bytes  	[MsgId: MMSG-26386]
Action.c(26): web_reg_save_param_ex started  	[MsgId: MMSG-26355]
Action.c(26): Registering web_reg_save_param_ex was successful  	[MsgId: MMSG-26390]
Action.c(33): web_reg_find started  	[MsgId: MMSG-26355]
Action.c(33): Registering web_reg_find was successful  	[MsgId: MMSG-26390]
Action.c(36): web_url("welcome.pl") started  	[MsgId: MMSG-26355]
Action.c(36): Detected non-resource "http://localhost:1080/cgi-bin/nav.pl?in=home" in "http://localhost:1080/cgi-bin/welcome.pl?signOff=true"  	[MsgId: MMSG-26574]
Action.c(36): Detected non-resource "http://localhost:1080/WebTours/home.html" in "http://localhost:1080/cgi-bin/welcome.pl?signOff=true"  	[MsgId: MMSG-26574]
Action.c(36): Retrieving data from cache for "http://localhost:1080/WebTours/home.html"  	[MsgId: MMSG-26558]
Action.c(36): Resource "http://localhost:1080/WebTours/images/mer_login.gif" is in the cache already and will not be downloaded again  	[MsgId: MMSG-26655]
Action.c(36): Registered web_reg_find successful for "Text=A Session ID has been created and loaded into" (count=1)  	[MsgId: MMSG-26364]
Action.c(36): web_url("welcome.pl") was successful, 2170 body bytes, 582 header bytes, 24 chunking overhead bytes  	[MsgId: MMSG-26385]
Action.c(46): web_set_sockets_option started  	[MsgId: MMSG-26355]
Action.c(46): web_set_sockets_option was successful  	[MsgId: MMSG-26392]
Action.c(50): Notify: Transaction "open_site" ended with a "Pass" status (Duration: 7.0139 Wasted Time: 0.3285).
Action.c(52): Notify: Transaction "Login" started.
Action.c(55): web_reg_find started  	[MsgId: MMSG-26355]
Action.c(55): Registering web_reg_find was successful  	[MsgId: MMSG-26390]
Action.c(58): web_submit_data("login.pl") started  	[MsgId: MMSG-26355]
Action.c(58): Detected non-resource "http://localhost:1080/cgi-bin/nav.pl?page=menu&in=home" in "http://localhost:1080/cgi-bin/login.pl"  	[MsgId: MMSG-26574]
Action.c(58): Detected non-resource "http://localhost:1080/cgi-bin/login.pl?intro=true" in "http://localhost:1080/cgi-bin/login.pl"  	[MsgId: MMSG-26574]
Action.c(58): Found resource "http://localhost:1080/WebTours/images/flights.gif" in HTML "http://localhost:1080/cgi-bin/nav.pl?page=menu&in=home"  	[MsgId: MMSG-26659]
Action.c(58): Found resource "http://localhost:1080/WebTours/images/itinerary.gif" in HTML "http://localhost:1080/cgi-bin/nav.pl?page=menu&in=home"  	[MsgId: MMSG-26659]
Action.c(58): Found resource "http://localhost:1080/WebTours/images/in_home.gif" in HTML "http://localhost:1080/cgi-bin/nav.pl?page=menu&in=home"  	[MsgId: MMSG-26659]
Action.c(58): Found resource "http://localhost:1080/WebTours/images/signoff.gif" in HTML "http://localhost:1080/cgi-bin/nav.pl?page=menu&in=home"  	[MsgId: MMSG-26659]
Action.c(58): Registered web_reg_find successful for "Text=User password was correct" (count=1)  	[MsgId: MMSG-26364]
Action.c(58): web_submit_data("login.pl") was successful, 5779 body bytes, 2058 header bytes, 36 chunking overhead bytes  	[MsgId: MMSG-26385]
Action.c(75): Notify: Transaction "Login" ended with a "Pass" status (Duration: 1.2710 Wasted Time: 0.1105).
Action.c(79): Notify: Transaction "Itenerary_click" started.
Action.c(82): web_reg_find started  	[MsgId: MMSG-26355]
Action.c(82): Registering web_reg_find was successful  	[MsgId: MMSG-26390]
Action.c(85): web_url("Itinerary Button") started  	[MsgId: MMSG-26355]
Action.c(85): Detected non-resource "http://localhost:1080/cgi-bin/nav.pl?page=menu&in=itinerary" in "http://localhost:1080/cgi-bin/welcome.pl?page=itinerary"  	[MsgId: MMSG-26574]
Action.c(85): Detected non-resource "http://localhost:1080/cgi-bin/itinerary.pl" in "http://localhost:1080/cgi-bin/welcome.pl?page=itinerary"  	[MsgId: MMSG-26574]
Action.c(85): Resource "http://localhost:1080/WebTours/images/flights.gif" is in the cache already and will not be downloaded again  	[MsgId: MMSG-26655]
Action.c(85): Found resource "http://localhost:1080/WebTours/images/in_itinerary.gif" in HTML "http://localhost:1080/cgi-bin/nav.pl?page=menu&in=itinerary"  	[MsgId: MMSG-26659]
Action.c(85): Found resource "http://localhost:1080/WebTours/images/home.gif" in HTML "http://localhost:1080/cgi-bin/nav.pl?page=menu&in=itinerary"  	[MsgId: MMSG-26659]
Action.c(85): Resource "http://localhost:1080/WebTours/images/signoff.gif" is in the cache already and will not be downloaded again  	[MsgId: MMSG-26655]
Action.c(85): Registered web_reg_find successful for "Text= User wants the intineraries." (count=1)  	[MsgId: MMSG-26364]
Action.c(85): web_url("Itinerary Button") was successful, 4381 body bytes, 1319 header bytes, 36 chunking overhead bytes  	[MsgId: MMSG-26385]
Action.c(95): Notify: Transaction "Itenerary_click" ended with a "Pass" status (Duration: 1.4482 Wasted Time: 0.0756).
Action.c(99): Notify: Transaction "Logout" started.
Action.c(102): web_reg_find started  	[MsgId: MMSG-26355]
Action.c(102): Registering web_reg_find was successful  	[MsgId: MMSG-26390]
Action.c(105): web_url("SignOff Button") started  	[MsgId: MMSG-26355]
Action.c(105): Detected non-resource "http://localhost:1080/cgi-bin/nav.pl?in=home" in "http://localhost:1080/cgi-bin/welcome.pl?signOff=1"  	[MsgId: MMSG-26574]
Action.c(105): Detected non-resource "http://localhost:1080/WebTours/home.html" in "http://localhost:1080/cgi-bin/welcome.pl?signOff=1"  	[MsgId: MMSG-26574]
Action.c(105): Retrieving data from cache for "http://localhost:1080/WebTours/home.html"  	[MsgId: MMSG-26558]
Action.c(105): Resource "http://localhost:1080/WebTours/images/mer_login.gif" is in the cache already and will not be downloaded again  	[MsgId: MMSG-26655]
Action.c(105): Registered web_reg_find successful for "Text= A Session ID has been created and loaded into" (count=1)  	[MsgId: MMSG-26364]
Action.c(105): web_url("SignOff Button") was successful, 2176 body bytes, 582 header bytes, 24 chunking overhead bytes  	[MsgId: MMSG-26385]
Action.c(115): Notify: Transaction "Logout" ended with a "Pass" status (Duration: 1.1795 Wasted Time: 0.0702).
Action.c(117): Notify: Transaction "05_Check_itenerary" ended with a "Pass" status (Duration: 17.6706 Wasted Time: 0.5847).
Ending action Action.
Ending iteration 1.
Starting iteration 2.
Starting action Action.
Action.c(3): Notify: Transaction "05_Check_itenerary" started.
Action.c(5): Notify: Transaction "open_site" started.
Action.c(8): web_url("WebTours") started  	[MsgId: MMSG-26355]
Action.c(8): Detected non-resource "http://localhost:1080/WebTours/header.html" in "http://localhost:1080/WebTours/"  	[MsgId: MMSG-26574]
Action.c(8): Detected non-resource "http://localhost:1080/cgi-bin/welcome.pl?signOff=true" in "http://localhost:1080/WebTours/"  	[MsgId: MMSG-26574]
Action.c(8): Found resource "http://localhost:1080/WebTours/images/hp_logo.png" in HTML "http://localhost:1080/WebTours/header.html"  	[MsgId: MMSG-26659]
Action.c(8): Found resource "http://localhost:1080/WebTours/images/webtours.png" in HTML "http://localhost:1080/WebTours/header.html"  	[MsgId: MMSG-26659]
Action.c(8): Detected non-resource "http://localhost:1080/cgi-bin/nav.pl?in=home" in "http://localhost:1080/cgi-bin/welcome.pl?signOff=true"  	[MsgId: MMSG-26574]
Action.c(8): Detected non-resource "http://localhost:1080/WebTours/home.html" in "http://localhost:1080/cgi-bin/welcome.pl?signOff=true"  	[MsgId: MMSG-26574]
Action.c(8): Found resource "http://localhost:1080/WebTours/images/mer_login.gif" in HTML "http://localhost:1080/cgi-bin/nav.pl?in=home"  	[MsgId: MMSG-26659]
Action.c(8): web_url("WebTours") was successful, 10077 body bytes, 2371 header bytes, 24 chunking overhead bytes  	[MsgId: MMSG-26385]
Action.c(17): web_url("header.html") started  	[MsgId: MMSG-26355]
Action.c(17): Retrieving data from cache for "http://localhost:1080/WebTours/header.html"  	[MsgId: MMSG-26558]
Action.c(17): Resource "http://localhost:1080/WebTours/images/hp_logo.png" is in the cache already and will not be downloaded again  	[MsgId: MMSG-26655]
Action.c(17): Resource "http://localhost:1080/WebTours/images/webtours.png" is in the cache already and will not be downloaded again  	[MsgId: MMSG-26655]
Action.c(17): web_url("header.html") was successful, 0 body bytes, 0 header bytes  	[MsgId: MMSG-26386]
Action.c(26): web_reg_save_param_ex started  	[MsgId: MMSG-26355]
Action.c(26): Registering web_reg_save_param_ex was successful  	[MsgId: MMSG-26390]
Action.c(33): web_reg_find started  	[MsgId: MMSG-26355]
Action.c(33): Registering web_reg_find was successful  	[MsgId: MMSG-26390]
Action.c(36): web_url("welcome.pl") started  	[MsgId: MMSG-26355]
Action.c(36): Detected non-resource "http://localhost:1080/cgi-bin/nav.pl?in=home" in "http://localhost:1080/cgi-bin/welcome.pl?signOff=true"  	[MsgId: MMSG-26574]
Action.c(36): Detected non-resource "http://localhost:1080/WebTours/home.html" in "http://localhost:1080/cgi-bin/welcome.pl?signOff=true"  	[MsgId: MMSG-26574]
Action.c(36): Retrieving data from cache for "http://localhost:1080/WebTours/home.html"  	[MsgId: MMSG-26558]
Action.c(36): Resource "http://localhost:1080/WebTours/images/mer_login.gif" is in the cache already and will not be downloaded again  	[MsgId: MMSG-26655]
Action.c(36): Registered web_reg_find successful for "Text=A Session ID has been created and loaded into" (count=1)  	[MsgId: MMSG-26364]
Action.c(36): web_url("welcome.pl") was successful, 2176 body bytes, 582 header bytes, 24 chunking overhead bytes  	[MsgId: MMSG-26385]
Action.c(46): web_set_sockets_option started  	[MsgId: MMSG-26355]
Action.c(46): web_set_sockets_option was successful  	[MsgId: MMSG-26392]
Action.c(50): Notify: Transaction "open_site" ended with a "Pass" status (Duration: 6.4705 Wasted Time: 0.2121).
Action.c(52): Notify: Transaction "Login" started.
Action.c(55): web_reg_find started  	[MsgId: MMSG-26355]
Action.c(55): Registering web_reg_find was successful  	[MsgId: MMSG-26390]
Action.c(58): web_submit_data("login.pl") started  	[MsgId: MMSG-26355]
Action.c(58): Detected non-resource "http://localhost:1080/cgi-bin/nav.pl?page=menu&in=home" in "http://localhost:1080/cgi-bin/login.pl"  	[MsgId: MMSG-26574]
Action.c(58): Detected non-resource "http://localhost:1080/cgi-bin/login.pl?intro=true" in "http://localhost:1080/cgi-bin/login.pl"  	[MsgId: MMSG-26574]
Action.c(58): Found resource "http://localhost:1080/WebTours/images/flights.gif" in HTML "http://localhost:1080/cgi-bin/nav.pl?page=menu&in=home"  	[MsgId: MMSG-26659]
Action.c(58): Found resource "http://localhost:1080/WebTours/images/itinerary.gif" in HTML "http://localhost:1080/cgi-bin/nav.pl?page=menu&in=home"  	[MsgId: MMSG-26659]
Action.c(58): Found resource "http://localhost:1080/WebTours/images/in_home.gif" in HTML "http://localhost:1080/cgi-bin/nav.pl?page=menu&in=home"  	[MsgId: MMSG-26659]
Action.c(58): Found resource "http://localhost:1080/WebTours/images/signoff.gif" in HTML "http://localhost:1080/cgi-bin/nav.pl?page=menu&in=home"  	[MsgId: MMSG-26659]
Action.c(58): Registered web_reg_find successful for "Text=User password was correct" (count=1)  	[MsgId: MMSG-26364]
Action.c(58): web_submit_data("login.pl") was successful, 5778 body bytes, 2061 header bytes, 36 chunking overhead bytes  	[MsgId: MMSG-26385]
Action.c(75): Notify: Transaction "Login" ended with a "Pass" status (Duration: 1.3066 Wasted Time: 0.1091).
Action.c(79): Notify: Transaction "Itenerary_click" started.
Action.c(82): web_reg_find started  	[MsgId: MMSG-26355]
Action.c(82): Registering web_reg_find was successful  	[MsgId: MMSG-26390]
Action.c(85): web_url("Itinerary Button") started  	[MsgId: MMSG-26355]
Action.c(85): Detected non-resource "http://localhost:1080/cgi-bin/nav.pl?page=menu&in=itinerary" in "http://localhost:1080/cgi-bin/welcome.pl?page=itinerary"  	[MsgId: MMSG-26574]
Action.c(85): Detected non-resource "http://localhost:1080/cgi-bin/itinerary.pl" in "http://localhost:1080/cgi-bin/welcome.pl?page=itinerary"  	[MsgId: MMSG-26574]
Action.c(85): Resource "http://localhost:1080/WebTours/images/flights.gif" is in the cache already and will not be downloaded again  	[MsgId: MMSG-26655]
Action.c(85): Found resource "http://localhost:1080/WebTours/images/in_itinerary.gif" in HTML "http://localhost:1080/cgi-bin/nav.pl?page=menu&in=itinerary"  	[MsgId: MMSG-26659]
Action.c(85): Found resource "http://localhost:1080/WebTours/images/home.gif" in HTML "http://localhost:1080/cgi-bin/nav.pl?page=menu&in=itinerary"  	[MsgId: MMSG-26659]
Action.c(85): Resource "http://localhost:1080/WebTours/images/signoff.gif" is in the cache already and will not be downloaded again  	[MsgId: MMSG-26655]
Action.c(85): Registered web_reg_find successful for "Text= User wants the intineraries." (count=1)  	[MsgId: MMSG-26364]
Action.c(85): web_url("Itinerary Button") was successful, 4381 body bytes, 1319 header bytes, 36 chunking overhead bytes  	[MsgId: MMSG-26385]
Action.c(95): Notify: Transaction "Itenerary_click" ended with a "Pass" status (Duration: 1.2205 Wasted Time: 0.1005).
Action.c(99): Notify: Transaction "Logout" started.
Action.c(102): web_reg_find started  	[MsgId: MMSG-26355]
Action.c(102): Registering web_reg_find was successful  	[MsgId: MMSG-26390]
Action.c(105): web_url("SignOff Button") started  	[MsgId: MMSG-26355]
Action.c(105): Detected non-resource "http://localhost:1080/cgi-bin/nav.pl?in=home" in "http://localhost:1080/cgi-bin/welcome.pl?signOff=1"  	[MsgId: MMSG-26574]
Action.c(105): Detected non-resource "http://localhost:1080/WebTours/home.html" in "http://localhost:1080/cgi-bin/welcome.pl?signOff=1"  	[MsgId: MMSG-26574]
Action.c(105): Retrieving data from cache for "http://localhost:1080/WebTours/home.html"  	[MsgId: MMSG-26558]
Action.c(105): Resource "http://localhost:1080/WebTours/images/mer_login.gif" is in the cache already and will not be downloaded again  	[MsgId: MMSG-26655]
Action.c(105): Registered web_reg_find successful for "Text= A Session ID has been created and loaded into" (count=1)  	[MsgId: MMSG-26364]
Action.c(105): web_url("SignOff Button") was successful, 2168 body bytes, 582 header bytes, 24 chunking overhead bytes  	[MsgId: MMSG-26385]
Action.c(115): Notify: Transaction "Logout" ended with a "Pass" status (Duration: 1.2078 Wasted Time: 0.1968).
Action.c(117): Notify: Transaction "05_Check_itenerary" ended with a "Pass" status (Duration: 12.9516 Wasted Time: 0.6184).
Ending action Action.
Ending iteration 2.
Starting iteration 3.
Starting action Action.
Action.c(3): Notify: Transaction "05_Check_itenerary" started.
Action.c(5): Notify: Transaction "open_site" started.
Action.c(8): web_url("WebTours") started  	[MsgId: MMSG-26355]
Action.c(8): Detected non-resource "http://localhost:1080/WebTours/header.html" in "http://localhost:1080/WebTours/"  	[MsgId: MMSG-26574]
Action.c(8): Detected non-resource "http://localhost:1080/cgi-bin/welcome.pl?signOff=true" in "http://localhost:1080/WebTours/"  	[MsgId: MMSG-26574]
Action.c(8): Found resource "http://localhost:1080/WebTours/images/hp_logo.png" in HTML "http://localhost:1080/WebTours/header.html"  	[MsgId: MMSG-26659]
Action.c(8): Found resource "http://localhost:1080/WebTours/images/webtours.png" in HTML "http://localhost:1080/WebTours/header.html"  	[MsgId: MMSG-26659]
Action.c(8): Detected non-resource "http://localhost:1080/cgi-bin/nav.pl?in=home" in "http://localhost:1080/cgi-bin/welcome.pl?signOff=true"  	[MsgId: MMSG-26574]
Action.c(8): Detected non-resource "http://localhost:1080/WebTours/home.html" in "http://localhost:1080/cgi-bin/welcome.pl?signOff=true"  	[MsgId: MMSG-26574]
Action.c(8): Found resource "http://localhost:1080/WebTours/images/mer_login.gif" in HTML "http://localhost:1080/cgi-bin/nav.pl?in=home"  	[MsgId: MMSG-26659]
Action.c(8): web_url("WebTours") was successful, 10079 body bytes, 2371 header bytes, 24 chunking overhead bytes  	[MsgId: MMSG-26385]
Action.c(17): web_url("header.html") started  	[MsgId: MMSG-26355]
Action.c(17): Retrieving data from cache for "http://localhost:1080/WebTours/header.html"  	[MsgId: MMSG-26558]
Action.c(17): Resource "http://localhost:1080/WebTours/images/hp_logo.png" is in the cache already and will not be downloaded again  	[MsgId: MMSG-26655]
Action.c(17): Resource "http://localhost:1080/WebTours/images/webtours.png" is in the cache already and will not be downloaded again  	[MsgId: MMSG-26655]
Action.c(17): web_url("header.html") was successful, 0 body bytes, 0 header bytes  	[MsgId: MMSG-26386]
Action.c(26): web_reg_save_param_ex started  	[MsgId: MMSG-26355]
Action.c(26): Registering web_reg_save_param_ex was successful  	[MsgId: MMSG-26390]
Action.c(33): web_reg_find started  	[MsgId: MMSG-26355]
Action.c(33): Registering web_reg_find was successful  	[MsgId: MMSG-26390]
Action.c(36): web_url("welcome.pl") started  	[MsgId: MMSG-26355]
Action.c(36): Detected non-resource "http://localhost:1080/cgi-bin/nav.pl?in=home" in "http://localhost:1080/cgi-bin/welcome.pl?signOff=true"  	[MsgId: MMSG-26574]
Action.c(36): Detected non-resource "http://localhost:1080/WebTours/home.html" in "http://localhost:1080/cgi-bin/welcome.pl?signOff=true"  	[MsgId: MMSG-26574]
Action.c(36): Retrieving data from cache for "http://localhost:1080/WebTours/home.html"  	[MsgId: MMSG-26558]
Action.c(36): Resource "http://localhost:1080/WebTours/images/mer_login.gif" is in the cache already and will not be downloaded again  	[MsgId: MMSG-26655]
Action.c(36): Registered web_reg_find successful for "Text=A Session ID has been created and loaded into" (count=1)  	[MsgId: MMSG-26364]
Action.c(36): web_url("welcome.pl") was successful, 2167 body bytes, 582 header bytes, 24 chunking overhead bytes  	[MsgId: MMSG-26385]
Action.c(46): web_set_sockets_option started  	[MsgId: MMSG-26355]
Action.c(46): web_set_sockets_option was successful  	[MsgId: MMSG-26392]
Action.c(50): Notify: Transaction "open_site" ended with a "Pass" status (Duration: 4.3839 Wasted Time: 0.2434).
Action.c(52): Notify: Transaction "Login" started.
Action.c(55): web_reg_find started  	[MsgId: MMSG-26355]
Action.c(55): Registering web_reg_find was successful  	[MsgId: MMSG-26390]
Action.c(58): web_submit_data("login.pl") started  	[MsgId: MMSG-26355]
Action.c(58): Detected non-resource "http://localhost:1080/cgi-bin/nav.pl?page=menu&in=home" in "http://localhost:1080/cgi-bin/login.pl"  	[MsgId: MMSG-26574]
Action.c(58): Detected non-resource "http://localhost:1080/cgi-bin/login.pl?intro=true" in "http://localhost:1080/cgi-bin/login.pl"  	[MsgId: MMSG-26574]
Action.c(58): Found resource "http://localhost:1080/WebTours/images/flights.gif" in HTML "http://localhost:1080/cgi-bin/nav.pl?page=menu&in=home"  	[MsgId: MMSG-26659]
Action.c(58): Found resource "http://localhost:1080/WebTours/images/itinerary.gif" in HTML "http://localhost:1080/cgi-bin/nav.pl?page=menu&in=home"  	[MsgId: MMSG-26659]
Action.c(58): Found resource "http://localhost:1080/WebTours/images/in_home.gif" in HTML "http://localhost:1080/cgi-bin/nav.pl?page=menu&in=home"  	[MsgId: MMSG-26659]
Action.c(58): Found resource "http://localhost:1080/WebTours/images/signoff.gif" in HTML "http://localhost:1080/cgi-bin/nav.pl?page=menu&in=home"  	[MsgId: MMSG-26659]
Action.c(58): Registered web_reg_find successful for "Text=User password was correct" (count=1)  	[MsgId: MMSG-26364]
Action.c(58): web_submit_data("login.pl") was successful, 5779 body bytes, 2056 header bytes, 36 chunking overhead bytes  	[MsgId: MMSG-26385]
Action.c(75): Notify: Transaction "Login" ended with a "Pass" status (Duration: 0.9503 Wasted Time: 0.1361).
Action.c(79): Notify: Transaction "Itenerary_click" started.
Action.c(82): web_reg_find started  	[MsgId: MMSG-26355]
Action.c(82): Registering web_reg_find was successful  	[MsgId: MMSG-26390]
Action.c(85): web_url("Itinerary Button") started  	[MsgId: MMSG-26355]
Action.c(85): Detected non-resource "http://localhost:1080/cgi-bin/nav.pl?page=menu&in=itinerary" in "http://localhost:1080/cgi-bin/welcome.pl?page=itinerary"  	[MsgId: MMSG-26574]
Action.c(85): Detected non-resource "http://localhost:1080/cgi-bin/itinerary.pl" in "http://localhost:1080/cgi-bin/welcome.pl?page=itinerary"  	[MsgId: MMSG-26574]
Action.c(85): Resource "http://localhost:1080/WebTours/images/flights.gif" is in the cache already and will not be downloaded again  	[MsgId: MMSG-26655]
Action.c(85): Found resource "http://localhost:1080/WebTours/images/in_itinerary.gif" in HTML "http://localhost:1080/cgi-bin/nav.pl?page=menu&in=itinerary"  	[MsgId: MMSG-26659]
Action.c(85): Found resource "http://localhost:1080/WebTours/images/home.gif" in HTML "http://localhost:1080/cgi-bin/nav.pl?page=menu&in=itinerary"  	[MsgId: MMSG-26659]
Action.c(85): Resource "http://localhost:1080/WebTours/images/signoff.gif" is in the cache already and will not be downloaded again  	[MsgId: MMSG-26655]
Action.c(85): Registered web_reg_find successful for "Text= User wants the intineraries." (count=1)  	[MsgId: MMSG-26364]
Action.c(85): web_url("Itinerary Button") was successful, 4381 body bytes, 1319 header bytes, 36 chunking overhead bytes  	[MsgId: MMSG-26385]
Action.c(95): Notify: Transaction "Itenerary_click" ended with a "Pass" status (Duration: 1.5426 Wasted Time: 0.1153).
Action.c(99): Notify: Transaction "Logout" started.
Action.c(102): web_reg_find started  	[MsgId: MMSG-26355]
Action.c(102): Registering web_reg_find was successful  	[MsgId: MMSG-26390]
Action.c(105): web_url("SignOff Button") started  	[MsgId: MMSG-26355]
Action.c(105): Detected non-resource "http://localhost:1080/cgi-bin/nav.pl?in=home" in "http://localhost:1080/cgi-bin/welcome.pl?signOff=1"  	[MsgId: MMSG-26574]
Action.c(105): Detected non-resource "http://localhost:1080/WebTours/home.html" in "http://localhost:1080/cgi-bin/welcome.pl?signOff=1"  	[MsgId: MMSG-26574]
Action.c(105): Retrieving data from cache for "http://localhost:1080/WebTours/home.html"  	[MsgId: MMSG-26558]
Action.c(105): Resource "http://localhost:1080/WebTours/images/mer_login.gif" is in the cache already and will not be downloaded again  	[MsgId: MMSG-26655]
Action.c(105): Registered web_reg_find successful for "Text= A Session ID has been created and loaded into" (count=1)  	[MsgId: MMSG-26364]
Action.c(105): web_url("SignOff Button") was successful, 2170 body bytes, 582 header bytes, 24 chunking overhead bytes  	[MsgId: MMSG-26385]
Action.c(115): Notify: Transaction "Logout" ended with a "Pass" status (Duration: 1.1712 Wasted Time: 0.1059).
Action.c(117): Notify: Transaction "05_Check_itenerary" ended with a "Pass" status (Duration: 11.0398 Wasted Time: 0.6007).
Ending action Action.
Ending iteration 3.
Starting iteration 4.
Starting action Action.
Action.c(3): Notify: Transaction "05_Check_itenerary" started.
Action.c(5): Notify: Transaction "open_site" started.
Action.c(8): web_url("WebTours") started  	[MsgId: MMSG-26355]
Action.c(8): Detected non-resource "http://localhost:1080/WebTours/header.html" in "http://localhost:1080/WebTours/"  	[MsgId: MMSG-26574]
Action.c(8): Detected non-resource "http://localhost:1080/cgi-bin/welcome.pl?signOff=true" in "http://localhost:1080/WebTours/"  	[MsgId: MMSG-26574]
Action.c(8): Found resource "http://localhost:1080/WebTours/images/hp_logo.png" in HTML "http://localhost:1080/WebTours/header.html"  	[MsgId: MMSG-26659]
Action.c(8): Found resource "http://localhost:1080/WebTours/images/webtours.png" in HTML "http://localhost:1080/WebTours/header.html"  	[MsgId: MMSG-26659]
Action.c(8): Detected non-resource "http://localhost:1080/cgi-bin/nav.pl?in=home" in "http://localhost:1080/cgi-bin/welcome.pl?signOff=true"  	[MsgId: MMSG-26574]
Action.c(8): Detected non-resource "http://localhost:1080/WebTours/home.html" in "http://localhost:1080/cgi-bin/welcome.pl?signOff=true"  	[MsgId: MMSG-26574]
Action.c(8): Found resource "http://localhost:1080/WebTours/images/mer_login.gif" in HTML "http://localhost:1080/cgi-bin/nav.pl?in=home"  	[MsgId: MMSG-26659]
Action.c(8): web_url("WebTours") was successful, 10076 body bytes, 2371 header bytes, 24 chunking overhead bytes  	[MsgId: MMSG-26385]
Action.c(17): web_url("header.html") started  	[MsgId: MMSG-26355]
Action.c(17): Retrieving data from cache for "http://localhost:1080/WebTours/header.html"  	[MsgId: MMSG-26558]
Action.c(17): Resource "http://localhost:1080/WebTours/images/hp_logo.png" is in the cache already and will not be downloaded again  	[MsgId: MMSG-26655]
Action.c(17): Resource "http://localhost:1080/WebTours/images/webtours.png" is in the cache already and will not be downloaded again  	[MsgId: MMSG-26655]
Action.c(17): web_url("header.html") was successful, 0 body bytes, 0 header bytes  	[MsgId: MMSG-26386]
Action.c(26): web_reg_save_param_ex started  	[MsgId: MMSG-26355]
Action.c(26): Registering web_reg_save_param_ex was successful  	[MsgId: MMSG-26390]
Action.c(33): web_reg_find started  	[MsgId: MMSG-26355]
Action.c(33): Registering web_reg_find was successful  	[MsgId: MMSG-26390]
Action.c(36): web_url("welcome.pl") started  	[MsgId: MMSG-26355]
Action.c(36): Detected non-resource "http://localhost:1080/cgi-bin/nav.pl?in=home" in "http://localhost:1080/cgi-bin/welcome.pl?signOff=true"  	[MsgId: MMSG-26574]
Action.c(36): Detected non-resource "http://localhost:1080/WebTours/home.html" in "http://localhost:1080/cgi-bin/welcome.pl?signOff=true"  	[MsgId: MMSG-26574]
Action.c(36): Retrieving data from cache for "http://localhost:1080/WebTours/home.html"  	[MsgId: MMSG-26558]
Action.c(36): Resource "http://localhost:1080/WebTours/images/mer_login.gif" is in the cache already and will not be downloaded again  	[MsgId: MMSG-26655]
Action.c(36): Registered web_reg_find successful for "Text=A Session ID has been created and loaded into" (count=1)  	[MsgId: MMSG-26364]
Action.c(36): web_url("welcome.pl") was successful, 2175 body bytes, 582 header bytes, 24 chunking overhead bytes  	[MsgId: MMSG-26385]
Action.c(46): web_set_sockets_option started  	[MsgId: MMSG-26355]
Action.c(46): web_set_sockets_option was successful  	[MsgId: MMSG-26392]
Action.c(50): Notify: Transaction "open_site" ended with a "Pass" status (Duration: 2.4777 Wasted Time: 0.2773).
Action.c(52): Notify: Transaction "Login" started.
Action.c(55): web_reg_find started  	[MsgId: MMSG-26355]
Action.c(55): Registering web_reg_find was successful  	[MsgId: MMSG-26390]
Action.c(58): web_submit_data("login.pl") started  	[MsgId: MMSG-26355]
Action.c(58): Detected non-resource "http://localhost:1080/cgi-bin/nav.pl?page=menu&in=home" in "http://localhost:1080/cgi-bin/login.pl"  	[MsgId: MMSG-26574]
Action.c(58): Detected non-resource "http://localhost:1080/cgi-bin/login.pl?intro=true" in "http://localhost:1080/cgi-bin/login.pl"  	[MsgId: MMSG-26574]
Action.c(58): Found resource "http://localhost:1080/WebTours/images/flights.gif" in HTML "http://localhost:1080/cgi-bin/nav.pl?page=menu&in=home"  	[MsgId: MMSG-26659]
Action.c(58): Found resource "http://localhost:1080/WebTours/images/itinerary.gif" in HTML "http://localhost:1080/cgi-bin/nav.pl?page=menu&in=home"  	[MsgId: MMSG-26659]
Action.c(58): Found resource "http://localhost:1080/WebTours/images/in_home.gif" in HTML "http://localhost:1080/cgi-bin/nav.pl?page=menu&in=home"  	[MsgId: MMSG-26659]
Action.c(58): Found resource "http://localhost:1080/WebTours/images/signoff.gif" in HTML "http://localhost:1080/cgi-bin/nav.pl?page=menu&in=home"  	[MsgId: MMSG-26659]
Action.c(58): Registered web_reg_find successful for "Text=User password was correct" (count=1)  	[MsgId: MMSG-26364]
Action.c(58): web_submit_data("login.pl") was successful, 5781 body bytes, 2053 header bytes, 36 chunking overhead bytes  	[MsgId: MMSG-26385]
Action.c(75): Notify: Transaction "Login" ended with a "Pass" status (Duration: 0.8610 Wasted Time: 0.1179).
Action.c(79): Notify: Transaction "Itenerary_click" started.
Action.c(82): web_reg_find started  	[MsgId: MMSG-26355]
Action.c(82): Registering web_reg_find was successful  	[MsgId: MMSG-26390]
Action.c(85): web_url("Itinerary Button") started  	[MsgId: MMSG-26355]
Action.c(85): Detected non-resource "http://localhost:1080/cgi-bin/nav.pl?page=menu&in=itinerary" in "http://localhost:1080/cgi-bin/welcome.pl?page=itinerary"  	[MsgId: MMSG-26574]
Action.c(85): Detected non-resource "http://localhost:1080/cgi-bin/itinerary.pl" in "http://localhost:1080/cgi-bin/welcome.pl?page=itinerary"  	[MsgId: MMSG-26574]
Action.c(85): Resource "http://localhost:1080/WebTours/images/flights.gif" is in the cache already and will not be downloaded again  	[MsgId: MMSG-26655]
Action.c(85): Found resource "http://localhost:1080/WebTours/images/in_itinerary.gif" in HTML "http://localhost:1080/cgi-bin/nav.pl?page=menu&in=itinerary"  	[MsgId: MMSG-26659]
Action.c(85): Found resource "http://localhost:1080/WebTours/images/home.gif" in HTML "http://localhost:1080/cgi-bin/nav.pl?page=menu&in=itinerary"  	[MsgId: MMSG-26659]
Action.c(85): Resource "http://localhost:1080/WebTours/images/signoff.gif" is in the cache already and will not be downloaded again  	[MsgId: MMSG-26655]
Action.c(85): Registered web_reg_find successful for "Text= User wants the intineraries." (count=1)  	[MsgId: MMSG-26364]
Action.c(85): web_url("Itinerary Button") was successful, 4381 body bytes, 1319 header bytes, 36 chunking overhead bytes  	[MsgId: MMSG-26385]
Action.c(95): Notify: Transaction "Itenerary_click" ended with a "Pass" status (Duration: 0.8480 Wasted Time: 0.0936).
Action.c(97): Notify: Transaction "05_Check_itenerary" ended with a "Stop" status (Duration: 10.0940 Wasted Time: 0.4888).
Abort was called from an action.
Ending Vuser...
Starting action vuser_end.
Ending action vuser_end.
Vuser Terminated.
