Virtual User Script started at: 16.07.2020 18:32:35
Starting action vuser_init.
Web Turbo Replay of LoadRunner 12.55.0 for Windows 10; build 911 (июл 24 2017 19:46:00)  	[MsgId: MMSG-26983]
Run mode: HTML  	[MsgId: MMSG-26993]
Replay user agent: Mozilla/5.0 (Windows NT 10.0; WOW64; rv:40.0) Gecko/20100101 Firefox/40.0  	[MsgId: MMSG-26988]
Run-Time Settings file: "C:\Users\Никита\Desktop\IBS\VuGen\Buy_ticket_without_check_itenerary\\default.cfg"  	[MsgId: MMSG-27141]
Ending action vuser_init.
Running Vuser...
Starting iteration 1.
Maximum number of concurrent connections per server: 6  	[MsgId: MMSG-26989]
Starting action Action.
Action.c(3): Notify: Transaction "04_Buy_ticket_without_check_itenerary" started.
Action.c(5): Notify: Transaction "open_site" started.
Action.c(7): web_url("WebTours") started  	[MsgId: MMSG-26355]
Action.c(7): Detected non-resource "http://localhost:1080/WebTours/header.html" in "http://localhost:1080/WebTours/"  	[MsgId: MMSG-26574]
Action.c(7): Detected non-resource "http://localhost:1080/cgi-bin/welcome.pl?signOff=true" in "http://localhost:1080/WebTours/"  	[MsgId: MMSG-26574]
Action.c(7): Found resource "http://localhost:1080/WebTours/images/hp_logo.png" in HTML "http://localhost:1080/WebTours/header.html"  	[MsgId: MMSG-26659]
Action.c(7): Found resource "http://localhost:1080/WebTours/images/webtours.png" in HTML "http://localhost:1080/WebTours/header.html"  	[MsgId: MMSG-26659]
Action.c(7): Detected non-resource "http://localhost:1080/cgi-bin/nav.pl?in=home" in "http://localhost:1080/cgi-bin/welcome.pl?signOff=true"  	[MsgId: MMSG-26574]
Action.c(7): Detected non-resource "http://localhost:1080/WebTours/home.html" in "http://localhost:1080/cgi-bin/welcome.pl?signOff=true"  	[MsgId: MMSG-26574]
Action.c(7): Found resource "http://localhost:1080/WebTours/images/mer_login.gif" in HTML "http://localhost:1080/cgi-bin/nav.pl?in=home"  	[MsgId: MMSG-26659]
Action.c(7): web_url("WebTours") was successful, 10072 body bytes, 2371 header bytes, 24 chunking overhead bytes  	[MsgId: MMSG-26385]
Action.c(16): web_url("header.html") started  	[MsgId: MMSG-26355]
Action.c(16): Retrieving data from cache for "http://localhost:1080/WebTours/header.html"  	[MsgId: MMSG-26558]
Action.c(16): Resource "http://localhost:1080/WebTours/images/hp_logo.png" is in the cache already and will not be downloaded again  	[MsgId: MMSG-26655]
Action.c(16): Resource "http://localhost:1080/WebTours/images/webtours.png" is in the cache already and will not be downloaded again  	[MsgId: MMSG-26655]
Action.c(16): web_url("header.html") was successful, 0 body bytes, 0 header bytes  	[MsgId: MMSG-26386]
Action.c(25): web_url("welcome.pl") started  	[MsgId: MMSG-26355]
Action.c(25): Detected non-resource "http://localhost:1080/cgi-bin/nav.pl?in=home" in "http://localhost:1080/cgi-bin/welcome.pl?signOff=true"  	[MsgId: MMSG-26574]
Action.c(25): Detected non-resource "http://localhost:1080/WebTours/home.html" in "http://localhost:1080/cgi-bin/welcome.pl?signOff=true"  	[MsgId: MMSG-26574]
Action.c(25): Retrieving data from cache for "http://localhost:1080/WebTours/home.html"  	[MsgId: MMSG-26558]
Action.c(25): Resource "http://localhost:1080/WebTours/images/mer_login.gif" is in the cache already and will not be downloaded again  	[MsgId: MMSG-26655]
Action.c(25): web_url("welcome.pl") was successful, 2176 body bytes, 582 header bytes, 24 chunking overhead bytes  	[MsgId: MMSG-26385]
Action.c(35): web_set_sockets_option started  	[MsgId: MMSG-26355]
Action.c(35): web_set_sockets_option was successful  	[MsgId: MMSG-26392]
Action.c(37): Notify: Transaction "open_site" ended with a "Pass" status (Duration: 1.4849 Wasted Time: 0.5191).
Action.c(40): Notify: Transaction "Login" started.
Action.c(42): web_submit_data("login.pl") started  	[MsgId: MMSG-26355]
Action.c(42): web_submit_data("login.pl") was successful, 795 body bytes, 228 header bytes, 12 chunking overhead bytes  	[MsgId: MMSG-26385]
Action.c(59): Notify: Transaction "Login" ended with a "Pass" status (Duration: 0.2865 Wasted Time: 0.0425).
Action.c(63): Notify: Transaction "Flights_click" started.
Action.c(65): web_url("Search Flights Button") started  	[MsgId: MMSG-26355]
Action.c(65): Detected non-resource "http://localhost:1080/cgi-bin/nav.pl?page=menu&in=flights" in "http://localhost:1080/cgi-bin/welcome.pl?page=search"  	[MsgId: MMSG-26574]
Action.c(65): Detected non-resource "http://localhost:1080/cgi-bin/reservations.pl?page=welcome" in "http://localhost:1080/cgi-bin/welcome.pl?page=search"  	[MsgId: MMSG-26574]
Action.c(65): Found resource "http://localhost:1080/WebTours/images/in_flights.gif" in HTML "http://localhost:1080/cgi-bin/nav.pl?page=menu&in=flights"  	[MsgId: MMSG-26659]
Action.c(65): Found resource "http://localhost:1080/WebTours/images/itinerary.gif" in HTML "http://localhost:1080/cgi-bin/nav.pl?page=menu&in=flights"  	[MsgId: MMSG-26659]
Action.c(65): Found resource "http://localhost:1080/WebTours/images/home.gif" in HTML "http://localhost:1080/cgi-bin/nav.pl?page=menu&in=flights"  	[MsgId: MMSG-26659]
Action.c(65): Found resource "http://localhost:1080/WebTours/images/signoff.gif" in HTML "http://localhost:1080/cgi-bin/nav.pl?page=menu&in=flights"  	[MsgId: MMSG-26659]
Action.c(65): Found resource "http://localhost:1080/WebTours/images/button_next.gif" in HTML "http://localhost:1080/cgi-bin/reservations.pl?page=welcome"  	[MsgId: MMSG-26659]
Action.c(65): web_url("Search Flights Button") was successful, 10000 body bytes, 2212 header bytes, 43 chunking overhead bytes  	[MsgId: MMSG-26385]
Action.c(75): Notify: Transaction "Flights_click" ended with a "Pass" status (Duration: 0.5113 Wasted Time: 0.0811).
Action.c(79): Notify: Transaction "Find_flight" started.
Action.c(81): web_submit_data("reservations.pl") started  	[MsgId: MMSG-26355]
Action.c(81): Resource "http://localhost:1080/WebTours/images/button_next.gif" is in the cache already and will not be downloaded again  	[MsgId: MMSG-26655]
Action.c(81): web_submit_data("reservations.pl") was successful, 2441 body bytes, 255 header bytes, 12 chunking overhead bytes  	[MsgId: MMSG-26385]
Action.c(105): Notify: Transaction "Find_flight" ended with a "Pass" status (Duration: 0.3204 Wasted Time: 0.0477).
Action.c(109): Notify: Transaction "Choose_flight" started.
Action.c(111): web_submit_data("reservations.pl_2") started  	[MsgId: MMSG-26355]
Action.c(111): Resource "http://localhost:1080/WebTours/images/button_next.gif" is in the cache already and will not be downloaded again  	[MsgId: MMSG-26655]
Action.c(111): web_submit_data("reservations.pl_2") was successful, 2639 body bytes, 255 header bytes, 12 chunking overhead bytes  	[MsgId: MMSG-26385]
Action.c(129): Notify: Transaction "Choose_flight" ended with a "Pass" status (Duration: 0,3247 Wasted Time: 0,0614).
Action.c(133): Notify: Transaction "Insert_payment_details" started.
Action.c(135): web_submit_data("reservations.pl_3") started  	[MsgId: MMSG-26355]
Action.c(135): Found resource "http://localhost:1080/WebTours/images/bookanother.gif" in HTML "http://localhost:1080/cgi-bin/reservations.pl"  	[MsgId: MMSG-26659]
Action.c(135): web_submit_data("reservations.pl_3") was successful, 3286 body bytes, 585 header bytes, 12 chunking overhead bytes  	[MsgId: MMSG-26385]
Action.c(164): Notify: Transaction "Insert_payment_details" ended with a "Pass" status (Duration: 0.3576 Wasted Time: 0.0864).
Action.c(168): Notify: Transaction "Logout" started.
Action.c(170): web_url("SignOff Button") started  	[MsgId: MMSG-26355]
Action.c(170): Detected non-resource "http://localhost:1080/cgi-bin/nav.pl?in=home" in "http://localhost:1080/cgi-bin/welcome.pl?signOff=1"  	[MsgId: MMSG-26574]
Action.c(170): Detected non-resource "http://localhost:1080/WebTours/home.html" in "http://localhost:1080/cgi-bin/welcome.pl?signOff=1"  	[MsgId: MMSG-26574]
Action.c(170): Retrieving data from cache for "http://localhost:1080/WebTours/home.html"  	[MsgId: MMSG-26558]
Action.c(170): Resource "http://localhost:1080/WebTours/images/mer_login.gif" is in the cache already and will not be downloaded again  	[MsgId: MMSG-26655]
Action.c(170): web_url("SignOff Button") was successful, 2173 body bytes, 582 header bytes, 24 chunking overhead bytes  	[MsgId: MMSG-26385]
Action.c(180): Notify: Transaction "Logout" ended with a "Pass" status (Duration: 0.6124 Wasted Time: 0.0773).
Action.c(182): Notify: Transaction "04_Buy_ticket_without_check_itenerary" ended with a "Pass" status (Duration: 4.7213 Wasted Time: 0.9154).
Ending action Action.
Ending iteration 1.
Ending Vuser...
Starting action vuser_end.
Ending action vuser_end.
Vuser Terminated.
