Virtual User Script started at: 17.07.2020 2:03:27
Starting action vuser_init.
Web Turbo Replay of LoadRunner 12.55.0 for Windows 10; build 911 (июл 24 2017 19:46:00)  	[MsgId: MMSG-26983]
Run mode: HTML  	[MsgId: MMSG-26993]
Replay user agent: Mozilla/5.0 (Windows NT 10.0; WOW64; rv:40.0) Gecko/20100101 Firefox/40.0  	[MsgId: MMSG-26988]
Run-Time Settings file: "C:\Users\Никита\Desktop\IBS\VuGen\AppLine_LoadRunner\Скрипты\01_Buy_ticket\\default.cfg"  	[MsgId: MMSG-27141]
Ending action vuser_init.
Running Vuser...
Starting iteration 1.
Maximum number of concurrent connections per server: 6  	[MsgId: MMSG-26989]
Starting action Action.
Action.c(3): Notify: Transaction "01_Buy_ticket" started.
Action.c(5): Notify: Transaction "open_site" started.
Action.c(7): web_url("WebTours") started  	[MsgId: MMSG-26355]
Action.c(7): Detected non-resource "http://localhost:1080/WebTours/header.html" in "http://localhost:1080/WebTours/"  	[MsgId: MMSG-26574]
Action.c(7): Detected non-resource "http://localhost:1080/cgi-bin/welcome.pl?signOff=true" in "http://localhost:1080/WebTours/"  	[MsgId: MMSG-26574]
Action.c(7): Found resource "http://localhost:1080/WebTours/images/hp_logo.png" in HTML "http://localhost:1080/WebTours/header.html"  	[MsgId: MMSG-26659]
Action.c(7): Found resource "http://localhost:1080/WebTours/images/webtours.png" in HTML "http://localhost:1080/WebTours/header.html"  	[MsgId: MMSG-26659]
Action.c(7): Detected non-resource "http://localhost:1080/cgi-bin/nav.pl?in=home" in "http://localhost:1080/cgi-bin/welcome.pl?signOff=true"  	[MsgId: MMSG-26574]
Action.c(7): Detected non-resource "http://localhost:1080/WebTours/home.html" in "http://localhost:1080/cgi-bin/welcome.pl?signOff=true"  	[MsgId: MMSG-26574]
Action.c(7): Found resource "http://localhost:1080/WebTours/images/mer_login.gif" in HTML "http://localhost:1080/cgi-bin/nav.pl?in=home"  	[MsgId: MMSG-26659]
Action.c(7): web_url("WebTours") was successful, 10077 body bytes, 2371 header bytes, 24 chunking overhead bytes  	[MsgId: MMSG-26385]
Action.c(16): web_url("header.html") started  	[MsgId: MMSG-26355]
Action.c(16): Retrieving data from cache for "http://localhost:1080/WebTours/header.html"  	[MsgId: MMSG-26558]
Action.c(16): Resource "http://localhost:1080/WebTours/images/hp_logo.png" is in the cache already and will not be downloaded again  	[MsgId: MMSG-26655]
Action.c(16): Resource "http://localhost:1080/WebTours/images/webtours.png" is in the cache already and will not be downloaded again  	[MsgId: MMSG-26655]
Action.c(16): web_url("header.html") was successful, 0 body bytes, 0 header bytes  	[MsgId: MMSG-26386]
Action.c(25): web_reg_save_param_ex started  	[MsgId: MMSG-26355]
Action.c(25): Registering web_reg_save_param_ex was successful  	[MsgId: MMSG-26390]
Action.c(32): web_reg_find started  	[MsgId: MMSG-26355]
Action.c(32): Registering web_reg_find was successful  	[MsgId: MMSG-26390]
Action.c(35): web_url("welcome.pl") started  	[MsgId: MMSG-26355]
Action.c(35): Detected non-resource "http://localhost:1080/cgi-bin/nav.pl?in=home" in "http://localhost:1080/cgi-bin/welcome.pl?signOff=true"  	[MsgId: MMSG-26574]
Action.c(35): Detected non-resource "http://localhost:1080/WebTours/home.html" in "http://localhost:1080/cgi-bin/welcome.pl?signOff=true"  	[MsgId: MMSG-26574]
Action.c(35): Retrieving data from cache for "http://localhost:1080/WebTours/home.html"  	[MsgId: MMSG-26558]
Action.c(35): Resource "http://localhost:1080/WebTours/images/mer_login.gif" is in the cache already and will not be downloaded again  	[MsgId: MMSG-26655]
Action.c(35): Registered web_reg_find successful for "Text= A Session ID has been created and loaded into" (count=1)  	[MsgId: MMSG-26364]
Action.c(35): web_url("welcome.pl") was successful, 2173 body bytes, 582 header bytes, 24 chunking overhead bytes  	[MsgId: MMSG-26385]
Action.c(45): Notify: Transaction "open_site" ended with a "Pass" status (Duration: 1.1827 Wasted Time: 0.4514).
Action.c(47): web_set_sockets_option started  	[MsgId: MMSG-26355]
Action.c(47): web_set_sockets_option was successful  	[MsgId: MMSG-26392]
Action.c(51): Notify: Transaction "Login" started.
Action.c(54): web_reg_find started  	[MsgId: MMSG-26355]
Action.c(54): Registering web_reg_find was successful  	[MsgId: MMSG-26390]
Action.c(57): web_submit_data("login.pl") started  	[MsgId: MMSG-26355]
Action.c(57): Detected non-resource "http://localhost:1080/cgi-bin/nav.pl?page=menu&in=home" in "http://localhost:1080/cgi-bin/login.pl"  	[MsgId: MMSG-26574]
Action.c(57): Detected non-resource "http://localhost:1080/cgi-bin/login.pl?intro=true" in "http://localhost:1080/cgi-bin/login.pl"  	[MsgId: MMSG-26574]
Action.c(57): Found resource "http://localhost:1080/WebTours/images/flights.gif" in HTML "http://localhost:1080/cgi-bin/nav.pl?page=menu&in=home"  	[MsgId: MMSG-26659]
Action.c(57): Found resource "http://localhost:1080/WebTours/images/itinerary.gif" in HTML "http://localhost:1080/cgi-bin/nav.pl?page=menu&in=home"  	[MsgId: MMSG-26659]
Action.c(57): Found resource "http://localhost:1080/WebTours/images/in_home.gif" in HTML "http://localhost:1080/cgi-bin/nav.pl?page=menu&in=home"  	[MsgId: MMSG-26659]
Action.c(57): Found resource "http://localhost:1080/WebTours/images/signoff.gif" in HTML "http://localhost:1080/cgi-bin/nav.pl?page=menu&in=home"  	[MsgId: MMSG-26659]
Action.c(57): Registered web_reg_find successful for "Text=User password was correct " (count=1)  	[MsgId: MMSG-26364]
Action.c(57): web_submit_data("login.pl") was successful, 5779 body bytes, 2056 header bytes, 36 chunking overhead bytes  	[MsgId: MMSG-26385]
Action.c(74): Notify: Transaction "Login" ended with a "Pass" status (Duration: 0.5635 Wasted Time: 0.1361).
Action.c(78): Notify: Transaction "Flights_click" started.
Action.c(81): web_reg_find started  	[MsgId: MMSG-26355]
Action.c(81): Registering web_reg_find was successful  	[MsgId: MMSG-26390]
Action.c(84): web_url("Search Flights Button") started  	[MsgId: MMSG-26355]
Action.c(84): Detected non-resource "http://localhost:1080/cgi-bin/nav.pl?page=menu&in=flights" in "http://localhost:1080/cgi-bin/welcome.pl?page=search"  	[MsgId: MMSG-26574]
Action.c(84): Detected non-resource "http://localhost:1080/cgi-bin/reservations.pl?page=welcome" in "http://localhost:1080/cgi-bin/welcome.pl?page=search"  	[MsgId: MMSG-26574]
Action.c(84): Found resource "http://localhost:1080/WebTours/images/in_flights.gif" in HTML "http://localhost:1080/cgi-bin/nav.pl?page=menu&in=flights"  	[MsgId: MMSG-26659]
Action.c(84): Resource "http://localhost:1080/WebTours/images/itinerary.gif" is in the cache already and will not be downloaded again  	[MsgId: MMSG-26655]
Action.c(84): Found resource "http://localhost:1080/WebTours/images/home.gif" in HTML "http://localhost:1080/cgi-bin/nav.pl?page=menu&in=flights"  	[MsgId: MMSG-26659]
Action.c(84): Resource "http://localhost:1080/WebTours/images/signoff.gif" is in the cache already and will not be downloaded again  	[MsgId: MMSG-26655]
Action.c(84): Found resource "http://localhost:1080/WebTours/images/button_next.gif" in HTML "http://localhost:1080/cgi-bin/reservations.pl?page=welcome"  	[MsgId: MMSG-26659]
Action.c(84): Registered web_reg_find successful for "Text= User has returned to the search page." (count=1)  	[MsgId: MMSG-26364]
Action.c(84): web_url("Search Flights Button") was successful, 8516 body bytes, 1616 header bytes, 43 chunking overhead bytes  	[MsgId: MMSG-26385]
Action.c(94): Notify: Transaction "Flights_click" ended with a "Pass" status (Duration: 0.6743 Wasted Time: 0.2460).
Action.c(98): Notify: Transaction "Find_flight" started.
Action.c(101): web_reg_find started  	[MsgId: MMSG-26355]
Action.c(101): Registering web_reg_find was successful  	[MsgId: MMSG-26390]
Action.c(104): web_submit_data("reservations.pl") started  	[MsgId: MMSG-26355]
Action.c(104): Resource "http://localhost:1080/WebTours/images/button_next.gif" is in the cache already and will not be downloaded again  	[MsgId: MMSG-26655]
Action.c(104): Registered web_reg_find successful for "Text=Flight Selections" (count=1)  	[MsgId: MMSG-26364]
Action.c(104): web_submit_data("reservations.pl") was successful, 2440 body bytes, 255 header bytes, 12 chunking overhead bytes  	[MsgId: MMSG-26385]
Action.c(128): Notify: Transaction "Find_flight" ended with a "Pass" status (Duration: 0.2886 Wasted Time: 0.0623).
Action.c(132): Notify: Transaction "Choose_flight" started.
Action.c(135): web_reg_find started  	[MsgId: MMSG-26355]
Action.c(135): Registering web_reg_find was successful  	[MsgId: MMSG-26390]
Action.c(138): web_submit_data("reservations.pl_2") started  	[MsgId: MMSG-26355]
Action.c(138): Resource "http://localhost:1080/WebTours/images/button_next.gif" is in the cache already and will not be downloaded again  	[MsgId: MMSG-26655]
Action.c(138): Registered web_reg_find successful for "Text=Flight Reservation" (count=1)  	[MsgId: MMSG-26364]
Action.c(138): web_submit_data("reservations.pl_2") was successful, 2737 body bytes, 255 header bytes, 12 chunking overhead bytes  	[MsgId: MMSG-26385]
Action.c(156): Notify: Transaction "Choose_flight" ended with a "Pass" status (Duration: 0.3005 Wasted Time: 0.0665).
Action.c(160): Notify: Transaction "Insert_payment_details" started.
Action.c(163): web_reg_find started  	[MsgId: MMSG-26355]
Action.c(163): Registering web_reg_find was successful  	[MsgId: MMSG-26390]
Action.c(166): web_submit_data("reservations.pl_3") started  	[MsgId: MMSG-26355]
Action.c(166): Found resource "http://localhost:1080/WebTours/images/bookanother.gif" in HTML "http://localhost:1080/cgi-bin/reservations.pl"  	[MsgId: MMSG-26659]
Action.c(166): Registered web_reg_find successful for "Text=Reservation Made!" (count=1)  	[MsgId: MMSG-26364]
Action.c(166): web_submit_data("reservations.pl_3") was successful, 3294 body bytes, 683 header bytes, 12 chunking overhead bytes  	[MsgId: MMSG-26385]
Action.c(195): Notify: Transaction "Insert_payment_details" ended with a "Pass" status (Duration: 0.3646 Wasted Time: 0.0873).
Action.c(199): Notify: Transaction "Itenerary_click" started.
Action.c(202): web_reg_find started  	[MsgId: MMSG-26355]
Action.c(202): Registering web_reg_find was successful  	[MsgId: MMSG-26390]
Action.c(205): web_url("Itinerary Button") started  	[MsgId: MMSG-26355]
Action.c(205): Detected non-resource "http://localhost:1080/cgi-bin/nav.pl?page=menu&in=itinerary" in "http://localhost:1080/cgi-bin/welcome.pl?page=itinerary"  	[MsgId: MMSG-26574]
Action.c(205): Detected non-resource "http://localhost:1080/cgi-bin/itinerary.pl" in "http://localhost:1080/cgi-bin/welcome.pl?page=itinerary"  	[MsgId: MMSG-26574]
Action.c(205): Resource "http://localhost:1080/WebTours/images/flights.gif" is in the cache already and will not be downloaded again  	[MsgId: MMSG-26655]
Action.c(205): Found resource "http://localhost:1080/WebTours/images/in_itinerary.gif" in HTML "http://localhost:1080/cgi-bin/nav.pl?page=menu&in=itinerary"  	[MsgId: MMSG-26659]
Action.c(205): Resource "http://localhost:1080/WebTours/images/home.gif" is in the cache already and will not be downloaded again  	[MsgId: MMSG-26655]
Action.c(205): Resource "http://localhost:1080/WebTours/images/signoff.gif" is in the cache already and will not be downloaded again  	[MsgId: MMSG-26655]
Action.c(205): Found resource "http://localhost:1080/WebTours/images/cancelreservation.gif" in HTML "http://localhost:1080/cgi-bin/itinerary.pl"  	[MsgId: MMSG-26659]
Action.c(205): Found resource "http://localhost:1080/WebTours/images/cancelallreservations.gif" in HTML "http://localhost:1080/cgi-bin/itinerary.pl"  	[MsgId: MMSG-26659]
Action.c(205): Registered web_reg_find successful for "Text= User wants the intineraries." (count=1)  	[MsgId: MMSG-26364]
Action.c(205): web_url("Itinerary Button") was successful, 12674 body bytes, 1616 header bytes, 50 chunking overhead bytes  	[MsgId: MMSG-26385]
Action.c(215): Notify: Transaction "Itenerary_click" ended with a "Pass" status (Duration: 0.6624 Wasted Time: 0.1004).
Action.c(219): Notify: Transaction "Logout" started.
Action.c(222): web_reg_find started  	[MsgId: MMSG-26355]
Action.c(222): Registering web_reg_find was successful  	[MsgId: MMSG-26390]
Action.c(225): web_url("SignOff Button") started  	[MsgId: MMSG-26355]
Action.c(225): Detected non-resource "http://localhost:1080/cgi-bin/nav.pl?in=home" in "http://localhost:1080/cgi-bin/welcome.pl?signOff=1"  	[MsgId: MMSG-26574]
Action.c(225): Detected non-resource "http://localhost:1080/WebTours/home.html" in "http://localhost:1080/cgi-bin/welcome.pl?signOff=1"  	[MsgId: MMSG-26574]
Action.c(225): Retrieving data from cache for "http://localhost:1080/WebTours/home.html"  	[MsgId: MMSG-26558]
Action.c(225): Resource "http://localhost:1080/WebTours/images/mer_login.gif" is in the cache already and will not be downloaded again  	[MsgId: MMSG-26655]
Action.c(225): Registered web_reg_find successful for "Text= A Session ID has been created and loaded into" (count=1)  	[MsgId: MMSG-26364]
Action.c(225): web_url("SignOff Button") was successful, 2174 body bytes, 582 header bytes, 24 chunking overhead bytes  	[MsgId: MMSG-26385]
Action.c(235): Notify: Transaction "Logout" ended with a "Pass" status (Duration: 0.4275 Wasted Time: 0.0918).
Action.c(237): Notify: Transaction "01_Buy_ticket" ended with a "Pass" status (Duration: 5.4323 Wasted Time: 1.2419).
Ending action Action.
Ending iteration 1.
Ending Vuser...
Starting action vuser_end.
Ending action vuser_end.
Vuser Terminated.
