Start auto log messages stack - Iteration 1.	[MsgId: MMSG-10545]
Action.c(84): lr_think_time: 5,00 seconds.	[MsgId: MMSG-15948]
Action.c(86): Notify: Transaction "Choose_reservation" started.	[MsgId: MMSG-16999]
Action.c(88): web_reg_find started  	[MsgId: MMSG-26355]
Action.c(88): Registering web_reg_find was successful  	[MsgId: MMSG-26390]
Action.c(92): web_submit_form("itinerary.pl") started  	[MsgId: MMSG-26355]
Action.c(92): Submitting form to "http://localhost:1080/cgi-bin/itinerary.pl", Target Frame=""  	[MsgId: MMSG-27978]
Action.c(92): Resource "http://localhost:1080/WebTours/images/cancelreservation.gif" is in the cache already and will not be downloaded again  	[MsgId: MMSG-26655]
Action.c(92): Resource "http://localhost:1080/WebTours/images/cancelallreservations.gif" is in the cache already and will not be downloaded again  	[MsgId: MMSG-26655]
Action.c(92): Error -26368: "Text=87531141" found for web_reg_find (count=1)  	[MsgId: MERR-26368]
End auto log messages stack.	[MsgId: MMSG-10544]


Start auto log messages stack - Iteration 3.	[MsgId: MMSG-10545]
Action.c(84): lr_think_time: 5,00 seconds.	[MsgId: MMSG-15948]
Action.c(86): Notify: Transaction "Choose_reservation" started.	[MsgId: MMSG-16999]
Action.c(88): web_reg_find started  	[MsgId: MMSG-26355]
Action.c(88): Registering web_reg_find was successful  	[MsgId: MMSG-26390]
Action.c(92): web_submit_form("itinerary.pl") started  	[MsgId: MMSG-26355]
Action.c(92): Submitting form to "http://localhost:1080/cgi-bin/itinerary.pl", Target Frame=""  	[MsgId: MMSG-27978]
Action.c(92): Resource "http://localhost:1080/WebTours/images/cancelreservation.gif" is in the cache already and will not be downloaded again  	[MsgId: MMSG-26655]
Action.c(92): Resource "http://localhost:1080/WebTours/images/cancelallreservations.gif" is in the cache already and will not be downloaded again  	[MsgId: MMSG-26655]
Action.c(92): Error -26368: "Text=1790807492" found for web_reg_find (count=1)  	[MsgId: MERR-26368]
End auto log messages stack.	[MsgId: MMSG-10544]


Start auto log messages stack - Iteration 38.	[MsgId: MMSG-10545]
Action.c(84): lr_think_time: 5,00 seconds.	[MsgId: MMSG-15948]
Action.c(86): Notify: Transaction "Choose_reservation" started.	[MsgId: MMSG-16999]
Action.c(88): web_reg_find started  	[MsgId: MMSG-26355]
Action.c(88): Registering web_reg_find was successful  	[MsgId: MMSG-26390]
Action.c(92): web_submit_form("itinerary.pl") started  	[MsgId: MMSG-26355]
Action.c(92): Submitting form to "http://localhost:1080/cgi-bin/itinerary.pl", Target Frame=""  	[MsgId: MMSG-27978]
Action.c(92): Resource "http://localhost:1080/WebTours/images/cancelreservation.gif" is in the cache already and will not be downloaded again  	[MsgId: MMSG-26655]
Action.c(92): Resource "http://localhost:1080/WebTours/images/cancelallreservations.gif" is in the cache already and will not be downloaded again  	[MsgId: MMSG-26655]
Action.c(92): Error -26368: "Text=366064819" found for web_reg_find (count=1)  	[MsgId: MERR-26368]
End auto log messages stack.	[MsgId: MMSG-10544]


Start auto log messages stack - Iteration 9.	[MsgId: MMSG-10545]
Action.c(84): lr_think_time: 5,00 seconds.	[MsgId: MMSG-15948]
Action.c(86): Notify: Transaction "Choose_reservation" started.	[MsgId: MMSG-16999]
Action.c(88): web_reg_find started  	[MsgId: MMSG-26355]
Action.c(88): Registering web_reg_find was successful  	[MsgId: MMSG-26390]
Action.c(92): web_submit_form("itinerary.pl") started  	[MsgId: MMSG-26355]
Action.c(92): Submitting form to "http://localhost:1080/cgi-bin/itinerary.pl", Target Frame=""  	[MsgId: MMSG-27978]
Action.c(92): Resource "http://localhost:1080/WebTours/images/cancelreservation.gif" is in the cache already and will not be downloaded again  	[MsgId: MMSG-26655]
Action.c(92): Resource "http://localhost:1080/WebTours/images/cancelallreservations.gif" is in the cache already and will not be downloaded again  	[MsgId: MMSG-26655]
Action.c(92): Error -26368: "Text=54415195" found for web_reg_find (count=1)  	[MsgId: MERR-26368]
End auto log messages stack.	[MsgId: MMSG-10544]


Start auto log messages stack - Iteration 11.	[MsgId: MMSG-10545]
Action.c(84): lr_think_time: 5,00 seconds.	[MsgId: MMSG-15948]
Action.c(86): Notify: Transaction "Choose_reservation" started.	[MsgId: MMSG-16999]
Action.c(88): web_reg_find started  	[MsgId: MMSG-26355]
Action.c(88): Registering web_reg_find was successful  	[MsgId: MMSG-26390]
Action.c(92): web_submit_form("itinerary.pl") started  	[MsgId: MMSG-26355]
Action.c(92): Submitting form to "http://localhost:1080/cgi-bin/itinerary.pl", Target Frame=""  	[MsgId: MMSG-27978]
Action.c(92): Resource "http://localhost:1080/WebTours/images/cancelreservation.gif" is in the cache already and will not be downloaded again  	[MsgId: MMSG-26655]
Action.c(92): Resource "http://localhost:1080/WebTours/images/cancelallreservations.gif" is in the cache already and will not be downloaded again  	[MsgId: MMSG-26655]
Action.c(92): Error -26368: "Text=167040399" found for web_reg_find (count=1)  	[MsgId: MERR-26368]
End auto log messages stack.	[MsgId: MMSG-10544]


Start auto log messages stack - Iteration 41.	[MsgId: MMSG-10545]
Action.c(84): lr_think_time: 5,00 seconds.	[MsgId: MMSG-15948]
Action.c(86): Notify: Transaction "Choose_reservation" started.	[MsgId: MMSG-16999]
Action.c(88): web_reg_find started  	[MsgId: MMSG-26355]
Action.c(88): Registering web_reg_find was successful  	[MsgId: MMSG-26390]
Action.c(92): web_submit_form("itinerary.pl") started  	[MsgId: MMSG-26355]
Action.c(92): Submitting form to "http://localhost:1080/cgi-bin/itinerary.pl", Target Frame=""  	[MsgId: MMSG-27978]
Action.c(92): Resource "http://localhost:1080/WebTours/images/cancelreservation.gif" is in the cache already and will not be downloaded again  	[MsgId: MMSG-26655]
Action.c(92): Resource "http://localhost:1080/WebTours/images/cancelallreservations.gif" is in the cache already and will not be downloaded again  	[MsgId: MMSG-26655]
Action.c(92): Error -26368: "Text=875185" found for web_reg_find (count=1)  	[MsgId: MERR-26368]
End auto log messages stack.	[MsgId: MMSG-10544]


Start auto log messages stack - Iteration 26.	[MsgId: MMSG-10545]
Action.c(84): lr_think_time: 5,00 seconds.	[MsgId: MMSG-15948]
Action.c(86): Notify: Transaction "Choose_reservation" started.	[MsgId: MMSG-16999]
Action.c(88): web_reg_find started  	[MsgId: MMSG-26355]
Action.c(88): Registering web_reg_find was successful  	[MsgId: MMSG-26390]
Action.c(92): web_submit_form("itinerary.pl") started  	[MsgId: MMSG-26355]
Action.c(92): Submitting form to "http://localhost:1080/cgi-bin/itinerary.pl", Target Frame=""  	[MsgId: MMSG-27978]
Action.c(92): Resource "http://localhost:1080/WebTours/images/cancelreservation.gif" is in the cache already and will not be downloaded again  	[MsgId: MMSG-26655]
Action.c(92): Resource "http://localhost:1080/WebTours/images/cancelallreservations.gif" is in the cache already and will not be downloaded again  	[MsgId: MMSG-26655]
Action.c(92): Error -26368: "Text=3098351" found for web_reg_find (count=2)  	[MsgId: MERR-26368]
End auto log messages stack.	[MsgId: MMSG-10544]


Start auto log messages stack - Iteration 28.	[MsgId: MMSG-10545]
Action.c(84): lr_think_time: 5,00 seconds.	[MsgId: MMSG-15948]
Action.c(86): Notify: Transaction "Choose_reservation" started.	[MsgId: MMSG-16999]
Action.c(88): web_reg_find started  	[MsgId: MMSG-26355]
Action.c(88): Registering web_reg_find was successful  	[MsgId: MMSG-26390]
Action.c(92): web_submit_form("itinerary.pl") started  	[MsgId: MMSG-26355]
Action.c(92): Submitting form to "http://localhost:1080/cgi-bin/itinerary.pl", Target Frame=""  	[MsgId: MMSG-27978]
Action.c(92): Resource "http://localhost:1080/WebTours/images/cancelreservation.gif" is in the cache already and will not be downloaded again  	[MsgId: MMSG-26655]
Action.c(92): Resource "http://localhost:1080/WebTours/images/cancelallreservations.gif" is in the cache already and will not be downloaded again  	[MsgId: MMSG-26655]
Action.c(92): Error -26368: "Text=214781126" found for web_reg_find (count=1)  	[MsgId: MERR-26368]
End auto log messages stack.	[MsgId: MMSG-10544]


Start auto log messages stack - Iteration 31.	[MsgId: MMSG-10545]
Action.c(84): lr_think_time: 5,00 seconds.	[MsgId: MMSG-15948]
Action.c(86): Notify: Transaction "Choose_reservation" started.	[MsgId: MMSG-16999]
Action.c(88): web_reg_find started  	[MsgId: MMSG-26355]
Action.c(88): Registering web_reg_find was successful  	[MsgId: MMSG-26390]
Action.c(92): web_submit_form("itinerary.pl") started  	[MsgId: MMSG-26355]
Action.c(92): Submitting form to "http://localhost:1080/cgi-bin/itinerary.pl", Target Frame=""  	[MsgId: MMSG-27978]
Action.c(92): Resource "http://localhost:1080/WebTours/images/cancelreservation.gif" is in the cache already and will not be downloaded again  	[MsgId: MMSG-26655]
Action.c(92): Resource "http://localhost:1080/WebTours/images/cancelallreservations.gif" is in the cache already and will not be downloaded again  	[MsgId: MMSG-26655]
Action.c(92): Error -26368: "Text=167058152" found for web_reg_find (count=1)  	[MsgId: MERR-26368]
End auto log messages stack.	[MsgId: MMSG-10544]


Start auto log messages stack - Iteration 3.	[MsgId: MMSG-10545]
Action.c(84): lr_think_time: 5,00 seconds.	[MsgId: MMSG-15948]
Action.c(86): Notify: Transaction "Choose_reservation" started.	[MsgId: MMSG-16999]
Action.c(88): web_reg_find started  	[MsgId: MMSG-26355]
Action.c(88): Registering web_reg_find was successful  	[MsgId: MMSG-26390]
Action.c(92): web_submit_form("itinerary.pl") started  	[MsgId: MMSG-26355]
Action.c(92): Submitting form to "http://localhost:1080/cgi-bin/itinerary.pl", Target Frame=""  	[MsgId: MMSG-27978]
Action.c(92): Resource "http://localhost:1080/WebTours/images/cancelreservation.gif" is in the cache already and will not be downloaded again  	[MsgId: MMSG-26655]
Action.c(92): Resource "http://localhost:1080/WebTours/images/cancelallreservations.gif" is in the cache already and will not be downloaded again  	[MsgId: MMSG-26655]
Action.c(92): Error -26368: "Text=1790807492" found for web_reg_find (count=1)  	[MsgId: MERR-26368]
End auto log messages stack.	[MsgId: MMSG-10544]


Start auto log messages stack - Iteration 72.	[MsgId: MMSG-10545]
Action.c(84): lr_think_time: 5,00 seconds.	[MsgId: MMSG-15948]
Action.c(86): Notify: Transaction "Choose_reservation" started.	[MsgId: MMSG-16999]
Action.c(88): web_reg_find started  	[MsgId: MMSG-26355]
Action.c(88): Registering web_reg_find was successful  	[MsgId: MMSG-26390]
Action.c(92): web_submit_form("itinerary.pl") started  	[MsgId: MMSG-26355]
Action.c(92): Submitting form to "http://localhost:1080/cgi-bin/itinerary.pl", Target Frame=""  	[MsgId: MMSG-27978]
Action.c(92): Resource "http://localhost:1080/WebTours/images/cancelreservation.gif" is in the cache already and will not be downloaded again  	[MsgId: MMSG-26655]
Action.c(92): Resource "http://localhost:1080/WebTours/images/cancelallreservations.gif" is in the cache already and will not be downloaded again  	[MsgId: MMSG-26655]
Action.c(92): Error -26368: "Text=39519271" found for web_reg_find (count=1)  	[MsgId: MERR-26368]
End auto log messages stack.	[MsgId: MMSG-10544]


Start auto log messages stack - Iteration 43.	[MsgId: MMSG-10545]
Action.c(84): lr_think_time: 5,00 seconds.	[MsgId: MMSG-15948]
Action.c(86): Notify: Transaction "Choose_reservation" started.	[MsgId: MMSG-16999]
Action.c(88): web_reg_find started  	[MsgId: MMSG-26355]
Action.c(88): Registering web_reg_find was successful  	[MsgId: MMSG-26390]
Action.c(92): web_submit_form("itinerary.pl") started  	[MsgId: MMSG-26355]
Action.c(92): Submitting form to "http://localhost:1080/cgi-bin/itinerary.pl", Target Frame=""  	[MsgId: MMSG-27978]
Action.c(92): Resource "http://localhost:1080/WebTours/images/cancelreservation.gif" is in the cache already and will not be downloaded again  	[MsgId: MMSG-26655]
Action.c(92): Resource "http://localhost:1080/WebTours/images/cancelallreservations.gif" is in the cache already and will not be downloaded again  	[MsgId: MMSG-26655]
Action.c(92): Error -26368: "Text=1790822" found for web_reg_find (count=1)  	[MsgId: MERR-26368]
End auto log messages stack.	[MsgId: MMSG-10544]


Start auto log messages stack - Iteration 44.	[MsgId: MMSG-10545]
Action.c(84): lr_think_time: 5,00 seconds.	[MsgId: MMSG-15948]
Action.c(86): Notify: Transaction "Choose_reservation" started.	[MsgId: MMSG-16999]
Action.c(88): web_reg_find started  	[MsgId: MMSG-26355]
Action.c(88): Registering web_reg_find was successful  	[MsgId: MMSG-26390]
Action.c(92): web_submit_form("itinerary.pl") started  	[MsgId: MMSG-26355]
Action.c(92): Submitting form to "http://localhost:1080/cgi-bin/itinerary.pl", Target Frame=""  	[MsgId: MMSG-27978]
Action.c(92): Resource "http://localhost:1080/WebTours/images/cancelreservation.gif" is in the cache already and will not be downloaded again  	[MsgId: MMSG-26655]
Action.c(92): Resource "http://localhost:1080/WebTours/images/cancelallreservations.gif" is in the cache already and will not be downloaded again  	[MsgId: MMSG-26655]
Action.c(92): Error -26368: "Text=163283337" found for web_reg_find (count=1)  	[MsgId: MERR-26368]
End auto log messages stack.	[MsgId: MMSG-10544]


Start auto log messages stack - Iteration 46.	[MsgId: MMSG-10545]
Action.c(84): lr_think_time: 5,00 seconds.	[MsgId: MMSG-15948]
Action.c(86): Notify: Transaction "Choose_reservation" started.	[MsgId: MMSG-16999]
Action.c(88): web_reg_find started  	[MsgId: MMSG-26355]
Action.c(88): Registering web_reg_find was successful  	[MsgId: MMSG-26390]
Action.c(92): web_submit_form("itinerary.pl") started  	[MsgId: MMSG-26355]
Action.c(92): Submitting form to "http://localhost:1080/cgi-bin/itinerary.pl", Target Frame=""  	[MsgId: MMSG-27978]
Action.c(92): Resource "http://localhost:1080/WebTours/images/cancelreservation.gif" is in the cache already and will not be downloaded again  	[MsgId: MMSG-26655]
Action.c(92): Resource "http://localhost:1080/WebTours/images/cancelallreservations.gif" is in the cache already and will not be downloaded again  	[MsgId: MMSG-26655]
Action.c(92): Error -26368: "Text=3098351" found for web_reg_find (count=1)  	[MsgId: MERR-26368]
End auto log messages stack.	[MsgId: MMSG-10544]


Start auto log messages stack - Iteration 82.	[MsgId: MMSG-10545]
Action.c(84): lr_think_time: 5,00 seconds.	[MsgId: MMSG-15948]
Action.c(86): Notify: Transaction "Choose_reservation" started.	[MsgId: MMSG-16999]
Action.c(88): web_reg_find started  	[MsgId: MMSG-26355]
Action.c(88): Registering web_reg_find was successful  	[MsgId: MMSG-26390]
Action.c(92): web_submit_form("itinerary.pl") started  	[MsgId: MMSG-26355]
Action.c(92): Submitting form to "http://localhost:1080/cgi-bin/itinerary.pl", Target Frame=""  	[MsgId: MMSG-27978]
Action.c(92): Resource "http://localhost:1080/WebTours/images/cancelreservation.gif" is in the cache already and will not be downloaded again  	[MsgId: MMSG-26655]
Action.c(92): Resource "http://localhost:1080/WebTours/images/cancelallreservations.gif" is in the cache already and will not be downloaded again  	[MsgId: MMSG-26655]
Action.c(92): Error -26368: "Text=3396007" found for web_reg_find (count=1)  	[MsgId: MERR-26368]
End auto log messages stack.	[MsgId: MMSG-10544]


Start auto log messages stack - Iteration 53.	[MsgId: MMSG-10545]
Action.c(84): lr_think_time: 5,00 seconds.	[MsgId: MMSG-15948]
Action.c(86): Notify: Transaction "Choose_reservation" started.	[MsgId: MMSG-16999]
Action.c(88): web_reg_find started  	[MsgId: MMSG-26355]
Action.c(88): Registering web_reg_find was successful  	[MsgId: MMSG-26390]
Action.c(92): web_submit_form("itinerary.pl") started  	[MsgId: MMSG-26355]
Action.c(92): Submitting form to "http://localhost:1080/cgi-bin/itinerary.pl", Target Frame=""  	[MsgId: MMSG-27978]
Action.c(92): Resource "http://localhost:1080/WebTours/images/cancelreservation.gif" is in the cache already and will not be downloaded again  	[MsgId: MMSG-26655]
Action.c(92): Resource "http://localhost:1080/WebTours/images/cancelallreservations.gif" is in the cache already and will not be downloaded again  	[MsgId: MMSG-26655]
Action.c(92): Error -26368: "Text=122790386" found for web_reg_find (count=1)  	[MsgId: MERR-26368]
End auto log messages stack.	[MsgId: MMSG-10544]


Start auto log messages stack - Iteration 25.	[MsgId: MMSG-10545]
Action.c(84): lr_think_time: 5,00 seconds.	[MsgId: MMSG-15948]
Action.c(86): Notify: Transaction "Choose_reservation" started.	[MsgId: MMSG-16999]
Action.c(88): web_reg_find started  	[MsgId: MMSG-26355]
Action.c(88): Registering web_reg_find was successful  	[MsgId: MMSG-26390]
Action.c(92): web_submit_form("itinerary.pl") started  	[MsgId: MMSG-26355]
Action.c(92): Submitting form to "http://localhost:1080/cgi-bin/itinerary.pl", Target Frame=""  	[MsgId: MMSG-27978]
Action.c(92): Resource "http://localhost:1080/WebTours/images/cancelreservation.gif" is in the cache already and will not be downloaded again  	[MsgId: MMSG-26655]
Action.c(92): Resource "http://localhost:1080/WebTours/images/cancelallreservations.gif" is in the cache already and will not be downloaded again  	[MsgId: MMSG-26655]
Action.c(92): Error -26368: "Text=55378166" found for web_reg_find (count=1)  	[MsgId: MERR-26368]
End auto log messages stack.	[MsgId: MMSG-10544]


Start auto log messages stack - Iteration 26.	[MsgId: MMSG-10545]
Action.c(84): lr_think_time: 5,00 seconds.	[MsgId: MMSG-15948]
Action.c(86): Notify: Transaction "Choose_reservation" started.	[MsgId: MMSG-16999]
Action.c(88): web_reg_find started  	[MsgId: MMSG-26355]
Action.c(88): Registering web_reg_find was successful  	[MsgId: MMSG-26390]
Action.c(92): web_submit_form("itinerary.pl") started  	[MsgId: MMSG-26355]
Action.c(92): Submitting form to "http://localhost:1080/cgi-bin/itinerary.pl", Target Frame=""  	[MsgId: MMSG-27978]
Action.c(92): Resource "http://localhost:1080/WebTours/images/cancelreservation.gif" is in the cache already and will not be downloaded again  	[MsgId: MMSG-26655]
Action.c(92): Resource "http://localhost:1080/WebTours/images/cancelallreservations.gif" is in the cache already and will not be downloaded again  	[MsgId: MMSG-26655]
Action.c(92): Error -26368: "Text=309832244" found for web_reg_find (count=1)  	[MsgId: MERR-26368]
End auto log messages stack.	[MsgId: MMSG-10544]


Start auto log messages stack - Iteration 87.	[MsgId: MMSG-10545]
Action.c(84): lr_think_time: 5,00 seconds.	[MsgId: MMSG-15948]
Action.c(86): Notify: Transaction "Choose_reservation" started.	[MsgId: MMSG-16999]
Action.c(88): web_reg_find started  	[MsgId: MMSG-26355]
Action.c(88): Registering web_reg_find was successful  	[MsgId: MMSG-26390]
Action.c(92): web_submit_form("itinerary.pl") started  	[MsgId: MMSG-26355]
Action.c(92): Submitting form to "http://localhost:1080/cgi-bin/itinerary.pl", Target Frame=""  	[MsgId: MMSG-27978]
Action.c(92): Resource "http://localhost:1080/WebTours/images/cancelreservation.gif" is in the cache already and will not be downloaded again  	[MsgId: MMSG-26655]
Action.c(92): Resource "http://localhost:1080/WebTours/images/cancelallreservations.gif" is in the cache already and will not be downloaded again  	[MsgId: MMSG-26655]
Action.c(92): Error -26368: "Text=3235140" found for web_reg_find (count=1)  	[MsgId: MERR-26368]
End auto log messages stack.	[MsgId: MMSG-10544]


Start auto log messages stack - Iteration 29.	[MsgId: MMSG-10545]
Action.c(84): lr_think_time: 5,00 seconds.	[MsgId: MMSG-15948]
Action.c(86): Notify: Transaction "Choose_reservation" started.	[MsgId: MMSG-16999]
Action.c(88): web_reg_find started  	[MsgId: MMSG-26355]
Action.c(88): Registering web_reg_find was successful  	[MsgId: MMSG-26390]
Action.c(92): web_submit_form("itinerary.pl") started  	[MsgId: MMSG-26355]
Action.c(92): Submitting form to "http://localhost:1080/cgi-bin/itinerary.pl", Target Frame=""  	[MsgId: MMSG-27978]
Action.c(92): Resource "http://localhost:1080/WebTours/images/cancelreservation.gif" is in the cache already and will not be downloaded again  	[MsgId: MMSG-26655]
Action.c(92): Resource "http://localhost:1080/WebTours/images/cancelallreservations.gif" is in the cache already and will not be downloaded again  	[MsgId: MMSG-26655]
Action.c(92): Error -26368: "Text=54407804" found for web_reg_find (count=1)  	[MsgId: MERR-26368]
End auto log messages stack.	[MsgId: MMSG-10544]


Start auto log messages stack - Iteration 89.	[MsgId: MMSG-10545]
Action.c(84): lr_think_time: 5,00 seconds.	[MsgId: MMSG-15948]
Action.c(86): Notify: Transaction "Choose_reservation" started.	[MsgId: MMSG-16999]
Action.c(88): web_reg_find started  	[MsgId: MMSG-26355]
Action.c(88): Registering web_reg_find was successful  	[MsgId: MMSG-26390]
Action.c(92): web_submit_form("itinerary.pl") started  	[MsgId: MMSG-26355]
Action.c(92): Submitting form to "http://localhost:1080/cgi-bin/itinerary.pl", Target Frame=""  	[MsgId: MMSG-27978]
Action.c(92): Resource "http://localhost:1080/WebTours/images/cancelreservation.gif" is in the cache already and will not be downloaded again  	[MsgId: MMSG-26655]
Action.c(92): Resource "http://localhost:1080/WebTours/images/cancelallreservations.gif" is in the cache already and will not be downloaded again  	[MsgId: MMSG-26655]
Action.c(92): Error -26368: "Text=54415195" found for web_reg_find (count=1)  	[MsgId: MERR-26368]
End auto log messages stack.	[MsgId: MMSG-10544]


Start auto log messages stack - Iteration 92.	[MsgId: MMSG-10545]
Action.c(84): lr_think_time: 5,00 seconds.	[MsgId: MMSG-15948]
Action.c(86): Notify: Transaction "Choose_reservation" started.	[MsgId: MMSG-16999]
Action.c(88): web_reg_find started  	[MsgId: MMSG-26355]
Action.c(88): Registering web_reg_find was successful  	[MsgId: MMSG-26390]
Action.c(92): web_submit_form("itinerary.pl") started  	[MsgId: MMSG-26355]
Action.c(92): Submitting form to "http://localhost:1080/cgi-bin/itinerary.pl", Target Frame=""  	[MsgId: MMSG-27978]
Action.c(92): Resource "http://localhost:1080/WebTours/images/cancelreservation.gif" is in the cache already and will not be downloaded again  	[MsgId: MMSG-26655]
Action.c(92): Resource "http://localhost:1080/WebTours/images/cancelallreservations.gif" is in the cache already and will not be downloaded again  	[MsgId: MMSG-26655]
Action.c(92): Error -26368: "Text=395225" found for web_reg_find (count=1)  	[MsgId: MERR-26368]
End auto log messages stack.	[MsgId: MMSG-10544]


Start auto log messages stack - Iteration 33.	[MsgId: MMSG-10545]
Action.c(84): lr_think_time: 5,00 seconds.	[MsgId: MMSG-15948]
Action.c(86): Notify: Transaction "Choose_reservation" started.	[MsgId: MMSG-16999]
Action.c(88): web_reg_find started  	[MsgId: MMSG-26355]
Action.c(88): Registering web_reg_find was successful  	[MsgId: MMSG-26390]
Action.c(92): web_submit_form("itinerary.pl") started  	[MsgId: MMSG-26355]
Action.c(92): Submitting form to "http://localhost:1080/cgi-bin/itinerary.pl", Target Frame=""  	[MsgId: MMSG-27978]
Action.c(92): Resource "http://localhost:1080/WebTours/images/cancelreservation.gif" is in the cache already and will not be downloaded again  	[MsgId: MMSG-26655]
Action.c(92): Resource "http://localhost:1080/WebTours/images/cancelallreservations.gif" is in the cache already and will not be downloaded again  	[MsgId: MMSG-26655]
Action.c(92): Error -26368: "Text=122780014" found for web_reg_find (count=1)  	[MsgId: MERR-26368]
End auto log messages stack.	[MsgId: MMSG-10544]


Start auto log messages stack - Iteration 96.	[MsgId: MMSG-10545]
Action.c(84): lr_think_time: 5,00 seconds.	[MsgId: MMSG-15948]
Action.c(86): Notify: Transaction "Choose_reservation" started.	[MsgId: MMSG-16999]
Action.c(88): web_reg_find started  	[MsgId: MMSG-26355]
Action.c(88): Registering web_reg_find was successful  	[MsgId: MMSG-26390]
Action.c(92): web_submit_form("itinerary.pl") started  	[MsgId: MMSG-26355]
Action.c(92): Submitting form to "http://localhost:1080/cgi-bin/itinerary.pl", Target Frame=""  	[MsgId: MMSG-27978]
Action.c(92): Resource "http://localhost:1080/WebTours/images/cancelreservation.gif" is in the cache already and will not be downloaded again  	[MsgId: MMSG-26655]
Action.c(92): Resource "http://localhost:1080/WebTours/images/cancelallreservations.gif" is in the cache already and will not be downloaded again  	[MsgId: MMSG-26655]
Action.c(92): Error -26368: "Text=1492148203" found for web_reg_find (count=1)  	[MsgId: MERR-26368]
End auto log messages stack.	[MsgId: MMSG-10544]


Start auto log messages stack - Iteration 8.	[MsgId: MMSG-10545]
Action.c(84): lr_think_time: 5,00 seconds.	[MsgId: MMSG-15948]
Action.c(86): Notify: Transaction "Choose_reservation" started.	[MsgId: MMSG-16999]
Action.c(88): web_reg_find started  	[MsgId: MMSG-26355]
Action.c(88): Registering web_reg_find was successful  	[MsgId: MMSG-26390]
Action.c(92): web_submit_form("itinerary.pl") started  	[MsgId: MMSG-26355]
Action.c(92): Submitting form to "http://localhost:1080/cgi-bin/itinerary.pl", Target Frame=""  	[MsgId: MMSG-27978]
Action.c(92): Resource "http://localhost:1080/WebTours/images/cancelreservation.gif" is in the cache already and will not be downloaded again  	[MsgId: MMSG-26655]
Action.c(92): Resource "http://localhost:1080/WebTours/images/cancelallreservations.gif" is in the cache already and will not be downloaded again  	[MsgId: MMSG-26655]
Action.c(92): Error -26368: "Text=2147940" found for web_reg_find (count=1)  	[MsgId: MERR-26368]
End auto log messages stack.	[MsgId: MMSG-10544]


Start auto log messages stack - Iteration 43.	[MsgId: MMSG-10545]
Action.c(84): lr_think_time: 5,00 seconds.	[MsgId: MMSG-15948]
Action.c(86): Notify: Transaction "Choose_reservation" started.	[MsgId: MMSG-16999]
Action.c(88): web_reg_find started  	[MsgId: MMSG-26355]
Action.c(88): Registering web_reg_find was successful  	[MsgId: MMSG-26390]
Action.c(92): web_submit_form("itinerary.pl") started  	[MsgId: MMSG-26355]
Action.c(92): Submitting form to "http://localhost:1080/cgi-bin/itinerary.pl", Target Frame=""  	[MsgId: MMSG-27978]
Action.c(92): Resource "http://localhost:1080/WebTours/images/cancelreservation.gif" is in the cache already and will not be downloaded again  	[MsgId: MMSG-26655]
Action.c(92): Resource "http://localhost:1080/WebTours/images/cancelallreservations.gif" is in the cache already and will not be downloaded again  	[MsgId: MMSG-26655]
Action.c(92): Error -26368: "Text=179098153" found for web_reg_find (count=1)  	[MsgId: MERR-26368]
End auto log messages stack.	[MsgId: MMSG-10544]


Start auto log messages stack - Iteration 47.	[MsgId: MMSG-10545]
Action.c(84): lr_think_time: 5,00 seconds.	[MsgId: MMSG-15948]
Action.c(86): Notify: Transaction "Choose_reservation" started.	[MsgId: MMSG-16999]
Action.c(88): web_reg_find started  	[MsgId: MMSG-26355]
Action.c(88): Registering web_reg_find was successful  	[MsgId: MMSG-26390]
Action.c(92): web_submit_form("itinerary.pl") started  	[MsgId: MMSG-26355]
Action.c(92): Submitting form to "http://localhost:1080/cgi-bin/itinerary.pl", Target Frame=""  	[MsgId: MMSG-27978]
Action.c(92): Resource "http://localhost:1080/WebTours/images/cancelreservation.gif" is in the cache already and will not be downloaded again  	[MsgId: MMSG-26655]
Action.c(92): Resource "http://localhost:1080/WebTours/images/cancelallreservations.gif" is in the cache already and will not be downloaded again  	[MsgId: MMSG-26655]
Action.c(92): Error -26368: "Text=323486318" found for web_reg_find (count=1)  	[MsgId: MERR-26368]
End auto log messages stack.	[MsgId: MMSG-10544]


Start auto log messages stack - Iteration 78.	[MsgId: MMSG-10545]
Action.c(84): lr_think_time: 5,00 seconds.	[MsgId: MMSG-15948]
Action.c(86): Notify: Transaction "Choose_reservation" started.	[MsgId: MMSG-16999]
Action.c(88): web_reg_find started  	[MsgId: MMSG-26355]
Action.c(88): Registering web_reg_find was successful  	[MsgId: MMSG-26390]
Action.c(92): web_submit_form("itinerary.pl") started  	[MsgId: MMSG-26355]
Action.c(92): Submitting form to "http://localhost:1080/cgi-bin/itinerary.pl", Target Frame=""  	[MsgId: MMSG-27978]
Action.c(92): Resource "http://localhost:1080/WebTours/images/cancelreservation.gif" is in the cache already and will not be downloaded again  	[MsgId: MMSG-26655]
Action.c(92): Resource "http://localhost:1080/WebTours/images/cancelallreservations.gif" is in the cache already and will not be downloaded again  	[MsgId: MMSG-26655]
Action.c(92): Error -26368: "Text=366056316" found for web_reg_find (count=1)  	[MsgId: MERR-26368]
End auto log messages stack.	[MsgId: MMSG-10544]


Start auto log messages stack - Iteration 49.	[MsgId: MMSG-10545]
Action.c(84): lr_think_time: 5,00 seconds.	[MsgId: MMSG-15948]
Action.c(86): Notify: Transaction "Choose_reservation" started.	[MsgId: MMSG-16999]
Action.c(88): web_reg_find started  	[MsgId: MMSG-26355]
Action.c(88): Registering web_reg_find was successful  	[MsgId: MMSG-26390]
Action.c(92): web_submit_form("itinerary.pl") started  	[MsgId: MMSG-26355]
Action.c(92): Submitting form to "http://localhost:1080/cgi-bin/itinerary.pl", Target Frame=""  	[MsgId: MMSG-27978]
Action.c(92): Resource "http://localhost:1080/WebTours/images/cancelreservation.gif" is in the cache already and will not be downloaded again  	[MsgId: MMSG-26655]
Action.c(92): Resource "http://localhost:1080/WebTours/images/cancelallreservations.gif" is in the cache already and will not be downloaded again  	[MsgId: MMSG-26655]
Action.c(92): Error -26368: "Text=544370412" found for web_reg_find (count=1)  	[MsgId: MERR-26368]
End auto log messages stack.	[MsgId: MMSG-10544]


Start auto log messages stack - Iteration 20.	[MsgId: MMSG-10545]
Action.c(84): lr_think_time: 5,00 seconds.	[MsgId: MMSG-15948]
Action.c(86): Notify: Transaction "Choose_reservation" started.	[MsgId: MMSG-16999]
Action.c(88): web_reg_find started  	[MsgId: MMSG-26355]
Action.c(88): Registering web_reg_find was successful  	[MsgId: MMSG-26390]
Action.c(92): web_submit_form("itinerary.pl") started  	[MsgId: MMSG-26355]
Action.c(92): Submitting form to "http://localhost:1080/cgi-bin/itinerary.pl", Target Frame=""  	[MsgId: MMSG-27978]
Action.c(92): Resource "http://localhost:1080/WebTours/images/cancelreservation.gif" is in the cache already and will not be downloaded again  	[MsgId: MMSG-26655]
Action.c(92): Resource "http://localhost:1080/WebTours/images/cancelallreservations.gif" is in the cache already and will not be downloaded again  	[MsgId: MMSG-26655]
Action.c(92): Error -26368: "Text=264571115" found for web_reg_find (count=1)  	[MsgId: MERR-26368]
End auto log messages stack.	[MsgId: MMSG-10544]


Start auto log messages stack - Iteration 113.	[MsgId: MMSG-10545]
Action.c(84): lr_think_time: 5,00 seconds.	[MsgId: MMSG-15948]
Action.c(86): Notify: Transaction "Choose_reservation" started.	[MsgId: MMSG-16999]
Action.c(88): web_reg_find started  	[MsgId: MMSG-26355]
Action.c(88): Registering web_reg_find was successful  	[MsgId: MMSG-26390]
Action.c(92): web_submit_form("itinerary.pl") started  	[MsgId: MMSG-26355]
Action.c(92): Submitting form to "http://localhost:1080/cgi-bin/itinerary.pl", Target Frame=""  	[MsgId: MMSG-27978]
Action.c(92): Resource "http://localhost:1080/WebTours/images/cancelreservation.gif" is in the cache already and will not be downloaded again  	[MsgId: MMSG-26655]
Action.c(92): Resource "http://localhost:1080/WebTours/images/cancelallreservations.gif" is in the cache already and will not be downloaded again  	[MsgId: MMSG-26655]
Action.c(92): Error -26368: "Text=1227881581" found for web_reg_find (count=1)  	[MsgId: MERR-26368]
End auto log messages stack.	[MsgId: MMSG-10544]


Start auto log messages stack - Iteration 3.	[MsgId: MMSG-10545]
Action.c(84): lr_think_time: 5,00 seconds.	[MsgId: MMSG-15948]
Action.c(86): Notify: Transaction "Choose_reservation" started.	[MsgId: MMSG-16999]
Action.c(88): web_reg_find started  	[MsgId: MMSG-26355]
Action.c(88): Registering web_reg_find was successful  	[MsgId: MMSG-26390]
Action.c(92): web_submit_form("itinerary.pl") started  	[MsgId: MMSG-26355]
Action.c(92): Submitting form to "http://localhost:1080/cgi-bin/itinerary.pl", Target Frame=""  	[MsgId: MMSG-27978]
Action.c(92): Resource "http://localhost:1080/WebTours/images/cancelreservation.gif" is in the cache already and will not be downloaded again  	[MsgId: MMSG-26655]
Action.c(92): Resource "http://localhost:1080/WebTours/images/cancelallreservations.gif" is in the cache already and will not be downloaded again  	[MsgId: MMSG-26655]
Action.c(92): Error -26368: "Text=179085198" found for web_reg_find (count=1)  	[MsgId: MERR-26368]
End auto log messages stack.	[MsgId: MMSG-10544]


Start auto log messages stack - Iteration 25.	[MsgId: MMSG-10545]
Action.c(84): lr_think_time: 5,00 seconds.	[MsgId: MMSG-15948]
Action.c(86): Notify: Transaction "Choose_reservation" started.	[MsgId: MMSG-16999]
Action.c(88): web_reg_find started  	[MsgId: MMSG-26355]
Action.c(88): Registering web_reg_find was successful  	[MsgId: MMSG-26390]
Action.c(92): web_submit_form("itinerary.pl") started  	[MsgId: MMSG-26355]
Action.c(92): Submitting form to "http://localhost:1080/cgi-bin/itinerary.pl", Target Frame=""  	[MsgId: MMSG-27978]
Action.c(92): Resource "http://localhost:1080/WebTours/images/cancelreservation.gif" is in the cache already and will not be downloaded again  	[MsgId: MMSG-26655]
Action.c(92): Resource "http://localhost:1080/WebTours/images/cancelallreservations.gif" is in the cache already and will not be downloaded again  	[MsgId: MMSG-26655]
Action.c(92): Error -26368: "Text=55392600" found for web_reg_find (count=1)  	[MsgId: MERR-26368]
End auto log messages stack.	[MsgId: MMSG-10544]


Start auto log messages stack - Iteration 84.	[MsgId: MMSG-10545]
Action.c(84): lr_think_time: 5,00 seconds.	[MsgId: MMSG-15948]
Action.c(86): Notify: Transaction "Choose_reservation" started.	[MsgId: MMSG-16999]
Action.c(88): web_reg_find started  	[MsgId: MMSG-26355]
Action.c(88): Registering web_reg_find was successful  	[MsgId: MMSG-26390]
Action.c(92): web_submit_form("itinerary.pl") started  	[MsgId: MMSG-26355]
Action.c(92): Submitting form to "http://localhost:1080/cgi-bin/itinerary.pl", Target Frame=""  	[MsgId: MMSG-27978]
Action.c(92): Resource "http://localhost:1080/WebTours/images/cancelreservation.gif" is in the cache already and will not be downloaded again  	[MsgId: MMSG-26655]
Action.c(92): Resource "http://localhost:1080/WebTours/images/cancelallreservations.gif" is in the cache already and will not be downloaded again  	[MsgId: MMSG-26655]
Action.c(92): Error -26368: "Text=16328706" found for web_reg_find (count=1)  	[MsgId: MERR-26368]
End auto log messages stack.	[MsgId: MMSG-10544]


Start auto log messages stack - Iteration 4.	[MsgId: MMSG-10545]
Action.c(84): lr_think_time: 5,00 seconds.	[MsgId: MMSG-15948]
Action.c(86): Notify: Transaction "Choose_reservation" started.	[MsgId: MMSG-16999]
Action.c(88): web_reg_find started  	[MsgId: MMSG-26355]
Action.c(88): Registering web_reg_find was successful  	[MsgId: MMSG-26390]
Action.c(92): web_submit_form("itinerary.pl") started  	[MsgId: MMSG-26355]
Action.c(92): Submitting form to "http://localhost:1080/cgi-bin/itinerary.pl", Target Frame=""  	[MsgId: MMSG-27978]
Action.c(92): Resource "http://localhost:1080/WebTours/images/cancelreservation.gif" is in the cache already and will not be downloaded again  	[MsgId: MMSG-26655]
Action.c(92): Resource "http://localhost:1080/WebTours/images/cancelallreservations.gif" is in the cache already and will not be downloaded again  	[MsgId: MMSG-26655]
Action.c(92): Error -26368: "Text=163286302" found for web_reg_find (count=1)  	[MsgId: MERR-26368]
End auto log messages stack.	[MsgId: MMSG-10544]


Start auto log messages stack - Iteration 26.	[MsgId: MMSG-10545]
Action.c(84): lr_think_time: 5,00 seconds.	[MsgId: MMSG-15948]
Action.c(86): Notify: Transaction "Choose_reservation" started.	[MsgId: MMSG-16999]
Action.c(88): web_reg_find started  	[MsgId: MMSG-26355]
Action.c(88): Registering web_reg_find was successful  	[MsgId: MMSG-26390]
Action.c(92): web_submit_form("itinerary.pl") started  	[MsgId: MMSG-26355]
Action.c(92): Submitting form to "http://localhost:1080/cgi-bin/itinerary.pl", Target Frame=""  	[MsgId: MMSG-27978]
Action.c(92): Resource "http://localhost:1080/WebTours/images/cancelreservation.gif" is in the cache already and will not be downloaded again  	[MsgId: MMSG-26655]
Action.c(92): Resource "http://localhost:1080/WebTours/images/cancelallreservations.gif" is in the cache already and will not be downloaded again  	[MsgId: MMSG-26655]
Action.c(92): Error -26368: "Text=3098251929" found for web_reg_find (count=1)  	[MsgId: MERR-26368]
End auto log messages stack.	[MsgId: MMSG-10544]


Start auto log messages stack - Iteration 28.	[MsgId: MMSG-10545]
Action.c(84): lr_think_time: 5,00 seconds.	[MsgId: MMSG-15948]
Action.c(86): Notify: Transaction "Choose_reservation" started.	[MsgId: MMSG-16999]
Action.c(88): web_reg_find started  	[MsgId: MMSG-26355]
Action.c(88): Registering web_reg_find was successful  	[MsgId: MMSG-26390]
Action.c(92): web_submit_form("itinerary.pl") started  	[MsgId: MMSG-26355]
Action.c(92): Submitting form to "http://localhost:1080/cgi-bin/itinerary.pl", Target Frame=""  	[MsgId: MMSG-27978]
Action.c(92): Resource "http://localhost:1080/WebTours/images/cancelreservation.gif" is in the cache already and will not be downloaded again  	[MsgId: MMSG-26655]
Action.c(92): Resource "http://localhost:1080/WebTours/images/cancelallreservations.gif" is in the cache already and will not be downloaded again  	[MsgId: MMSG-26655]
Action.c(92): Error -26368: "Text=2147874114" found for web_reg_find (count=1)  	[MsgId: MERR-26368]
End auto log messages stack.	[MsgId: MMSG-10544]


Start auto log messages stack - Iteration 7.	[MsgId: MMSG-10545]
Action.c(84): lr_think_time: 5,00 seconds.	[MsgId: MMSG-15948]
Action.c(86): Notify: Transaction "Choose_reservation" started.	[MsgId: MMSG-16999]
Action.c(88): web_reg_find started  	[MsgId: MMSG-26355]
Action.c(88): Registering web_reg_find was successful  	[MsgId: MMSG-26390]
Action.c(92): web_submit_form("itinerary.pl") started  	[MsgId: MMSG-26355]
Action.c(92): Submitting form to "http://localhost:1080/cgi-bin/itinerary.pl", Target Frame=""  	[MsgId: MMSG-27978]
Action.c(92): Resource "http://localhost:1080/WebTours/images/cancelreservation.gif" is in the cache already and will not be downloaded again  	[MsgId: MMSG-26655]
Action.c(92): Resource "http://localhost:1080/WebTours/images/cancelallreservations.gif" is in the cache already and will not be downloaded again  	[MsgId: MMSG-26655]
Action.c(92): Error -26368: "Text=323516691" found for web_reg_find (count=1)  	[MsgId: MERR-26368]
End auto log messages stack.	[MsgId: MMSG-10544]


Start auto log messages stack - Iteration 30.	[MsgId: MMSG-10545]
Action.c(84): lr_think_time: 5,00 seconds.	[MsgId: MMSG-15948]
Action.c(86): Notify: Transaction "Choose_reservation" started.	[MsgId: MMSG-16999]
Action.c(88): web_reg_find started  	[MsgId: MMSG-26355]
Action.c(88): Registering web_reg_find was successful  	[MsgId: MMSG-26390]
Action.c(92): web_submit_form("itinerary.pl") started  	[MsgId: MMSG-26355]
Action.c(92): Submitting form to "http://localhost:1080/cgi-bin/itinerary.pl", Target Frame=""  	[MsgId: MMSG-27978]
Action.c(92): Resource "http://localhost:1080/WebTours/images/cancelreservation.gif" is in the cache already and will not be downloaded again  	[MsgId: MMSG-26655]
Action.c(92): Resource "http://localhost:1080/WebTours/images/cancelallreservations.gif" is in the cache already and will not be downloaded again  	[MsgId: MMSG-26655]
Action.c(92): Error -26368: "Text=121636677" found for web_reg_find (count=1)  	[MsgId: MERR-26368]
End auto log messages stack.	[MsgId: MMSG-10544]


Start auto log messages stack - Iteration 121.	[MsgId: MMSG-10545]
Action.c(84): lr_think_time: 5,00 seconds.	[MsgId: MMSG-15948]
Action.c(86): Notify: Transaction "Choose_reservation" started.	[MsgId: MMSG-16999]
Action.c(88): web_reg_find started  	[MsgId: MMSG-26355]
Action.c(88): Registering web_reg_find was successful  	[MsgId: MMSG-26390]
Action.c(92): web_submit_form("itinerary.pl") started  	[MsgId: MMSG-26355]
Action.c(92): Submitting form to "http://localhost:1080/cgi-bin/itinerary.pl", Target Frame=""  	[MsgId: MMSG-27978]
Action.c(92): Resource "http://localhost:1080/WebTours/images/cancelreservation.gif" is in the cache already and will not be downloaded again  	[MsgId: MMSG-26655]
Action.c(92): Resource "http://localhost:1080/WebTours/images/cancelallreservations.gif" is in the cache already and will not be downloaded again  	[MsgId: MMSG-26655]
Action.c(92): Error -26368: "Text=87546300" found for web_reg_find (count=1)  	[MsgId: MERR-26368]
End auto log messages stack.	[MsgId: MMSG-10544]


Start auto log messages stack - Iteration 11.	[MsgId: MMSG-10545]
Action.c(84): lr_think_time: 5,00 seconds.	[MsgId: MMSG-15948]
Action.c(86): Notify: Transaction "Choose_reservation" started.	[MsgId: MMSG-16999]
Action.c(88): web_reg_find started  	[MsgId: MMSG-26355]
Action.c(88): Registering web_reg_find was successful  	[MsgId: MMSG-26390]
Action.c(92): web_submit_form("itinerary.pl") started  	[MsgId: MMSG-26355]
Action.c(92): Submitting form to "http://localhost:1080/cgi-bin/itinerary.pl", Target Frame=""  	[MsgId: MMSG-27978]
Action.c(92): Resource "http://localhost:1080/WebTours/images/cancelreservation.gif" is in the cache already and will not be downloaded again  	[MsgId: MMSG-26655]
Action.c(92): Resource "http://localhost:1080/WebTours/images/cancelallreservations.gif" is in the cache already and will not be downloaded again  	[MsgId: MMSG-26655]
Action.c(92): Error -26368: "Text=167041863" found for web_reg_find (count=1)  	[MsgId: MERR-26368]
End auto log messages stack.	[MsgId: MMSG-10544]


Start auto log messages stack - Iteration 16.	[MsgId: MMSG-10545]
Action.c(84): lr_think_time: 5,00 seconds.	[MsgId: MMSG-15948]
Action.c(86): Notify: Transaction "Choose_reservation" started.	[MsgId: MMSG-16999]
Action.c(88): web_reg_find started  	[MsgId: MMSG-26355]
Action.c(88): Registering web_reg_find was successful  	[MsgId: MMSG-26390]
Action.c(92): web_submit_form("itinerary.pl") started  	[MsgId: MMSG-26355]
Action.c(92): Submitting form to "http://localhost:1080/cgi-bin/itinerary.pl", Target Frame=""  	[MsgId: MMSG-27978]
Action.c(92): Resource "http://localhost:1080/WebTours/images/cancelreservation.gif" is in the cache already and will not be downloaded again  	[MsgId: MMSG-26655]
Action.c(92): Resource "http://localhost:1080/WebTours/images/cancelallreservations.gif" is in the cache already and will not be downloaded again  	[MsgId: MMSG-26655]
Action.c(92): Error -26368: "Text=149208179" found for web_reg_find (count=1)  	[MsgId: MERR-26368]
End auto log messages stack.	[MsgId: MMSG-10544]


Start auto log messages stack - Iteration 68.	[MsgId: MMSG-10545]
Action.c(84): lr_think_time: 5,00 seconds.	[MsgId: MMSG-15948]
Action.c(86): Notify: Transaction "Choose_reservation" started.	[MsgId: MMSG-16999]
Action.c(88): web_reg_find started  	[MsgId: MMSG-26355]
Action.c(88): Registering web_reg_find was successful  	[MsgId: MMSG-26390]
Action.c(92): web_submit_form("itinerary.pl") started  	[MsgId: MMSG-26355]
Action.c(92): Submitting form to "http://localhost:1080/cgi-bin/itinerary.pl", Target Frame=""  	[MsgId: MMSG-27978]
Action.c(92): Resource "http://localhost:1080/WebTours/images/cancelreservation.gif" is in the cache already and will not be downloaded again  	[MsgId: MMSG-26655]
Action.c(92): Resource "http://localhost:1080/WebTours/images/cancelallreservations.gif" is in the cache already and will not be downloaded again  	[MsgId: MMSG-26655]
Action.c(92): Error -26368: "Text=214799646" found for web_reg_find (count=1)  	[MsgId: MERR-26368]
End auto log messages stack.	[MsgId: MMSG-10544]


