Start auto log messages stack - Iteration 1.	[MsgId: MMSG-10545]
Action.c(72): Registered web_reg_find successful for "Text= User wants the intineraries. " (count=1)  	[MsgId: MMSG-26364]
Action.c(72): web_url("Itinerary Button") was successful, 44055 body bytes, 1916 header bytes, 107 chunking overhead bytes  	[MsgId: MMSG-26385]
Action.c(82): Notify: Transaction "Itenerary_click" ended with a "Pass" status (Duration: 0,1889 Wasted Time: 0,0005).	[MsgId: MMSG-16871]
Action.c(84): lr_think_time: 5,00 seconds.	[MsgId: MMSG-15948]
Action.c(86): Notify: Transaction "Choose_reservation" started.	[MsgId: MMSG-16999]
Action.c(88): web_reg_save_param started  	[MsgId: MMSG-26355]
Action.c(88): Registering web_reg_save_param was successful  	[MsgId: MMSG-26390]
Action.c(93): web_submit_form("itinerary.pl") started  	[MsgId: MMSG-26355]
Action.c(93): Submitting form to "http://localhost:1080/cgi-bin/itinerary.pl", Target Frame=""  	[MsgId: MMSG-27978]
Action.c(93): Error -26377: No match found for the requested parameter "1_FlightID_AfterDelete". Either the specified boundaries were not found in the response or the matched text is longer than current max html parameter size of 256 bytes. The total length of the response is 932 bytes. You can use "web_set_max_html_param_len" to increase the max parameter size.  	[MsgId: MERR-26377]
End auto log messages stack.	[MsgId: MMSG-10544]


Start auto log messages stack - Iteration 54.	[MsgId: MMSG-10545]
Action.c(72): Registered web_reg_find successful for "Text= User wants the intineraries. " (count=1)  	[MsgId: MMSG-26364]
Action.c(72): web_url("Itinerary Button") was successful, 57588 body bytes, 1917 header bytes, 131 chunking overhead bytes  	[MsgId: MMSG-26385]
Action.c(82): Notify: Transaction "Itenerary_click" ended with a "Pass" status (Duration: 0,1890 Wasted Time: 0,0008).	[MsgId: MMSG-16871]
Action.c(84): lr_think_time: 5,00 seconds.	[MsgId: MMSG-15948]
Action.c(86): Notify: Transaction "Choose_reservation" started.	[MsgId: MMSG-16999]
Action.c(88): web_reg_save_param started  	[MsgId: MMSG-26355]
Action.c(88): Registering web_reg_save_param was successful  	[MsgId: MMSG-26390]
Action.c(93): web_submit_form("itinerary.pl") started  	[MsgId: MMSG-26355]
Action.c(93): Submitting form to "http://localhost:1080/cgi-bin/itinerary.pl", Target Frame=""  	[MsgId: MMSG-27978]
Action.c(93): Error -26377: No match found for the requested parameter "1_FlightID_AfterDelete". Either the specified boundaries were not found in the response or the matched text is longer than current max html parameter size of 256 bytes. The total length of the response is 932 bytes. You can use "web_set_max_html_param_len" to increase the max parameter size.  	[MsgId: MERR-26377]
End auto log messages stack.	[MsgId: MMSG-10544]


Start auto log messages stack - Iteration 41.	[MsgId: MMSG-10545]
Action.c(72): Registered web_reg_find successful for "Text= User wants the intineraries. " (count=1)  	[MsgId: MMSG-26364]
Action.c(72): web_url("Itinerary Button") was successful, 67905 body bytes, 1917 header bytes, 155 chunking overhead bytes  	[MsgId: MMSG-26385]
Action.c(82): Notify: Transaction "Itenerary_click" ended with a "Pass" status (Duration: 0,2828 Wasted Time: 0,0010).	[MsgId: MMSG-16871]
Action.c(84): lr_think_time: 5,00 seconds.	[MsgId: MMSG-15948]
Action.c(86): Notify: Transaction "Choose_reservation" started.	[MsgId: MMSG-16999]
Action.c(88): web_reg_save_param started  	[MsgId: MMSG-26355]
Action.c(88): Registering web_reg_save_param was successful  	[MsgId: MMSG-26390]
Action.c(93): web_submit_form("itinerary.pl") started  	[MsgId: MMSG-26355]
Action.c(93): Submitting form to "http://localhost:1080/cgi-bin/itinerary.pl", Target Frame=""  	[MsgId: MMSG-27978]
Action.c(93): Error -26377: No match found for the requested parameter "1_FlightID_AfterDelete". Either the specified boundaries were not found in the response or the matched text is longer than current max html parameter size of 256 bytes. The total length of the response is 932 bytes. You can use "web_set_max_html_param_len" to increase the max parameter size.  	[MsgId: MERR-26377]
End auto log messages stack.	[MsgId: MMSG-10544]


Start auto log messages stack - Iteration 47.	[MsgId: MMSG-10545]
Action.c(72): Registered web_reg_find successful for "Text= User wants the intineraries. " (count=1)  	[MsgId: MMSG-26364]
Action.c(72): web_url("Itinerary Button") was successful, 67857 body bytes, 1919 header bytes, 155 chunking overhead bytes  	[MsgId: MMSG-26385]
Action.c(82): Notify: Transaction "Itenerary_click" ended with a "Pass" status (Duration: 0,2108 Wasted Time: 0,0009).	[MsgId: MMSG-16871]
Action.c(84): lr_think_time: 5,00 seconds.	[MsgId: MMSG-15948]
Action.c(86): Notify: Transaction "Choose_reservation" started.	[MsgId: MMSG-16999]
Action.c(88): web_reg_save_param started  	[MsgId: MMSG-26355]
Action.c(88): Registering web_reg_save_param was successful  	[MsgId: MMSG-26390]
Action.c(93): web_submit_form("itinerary.pl") started  	[MsgId: MMSG-26355]
Action.c(93): Submitting form to "http://localhost:1080/cgi-bin/itinerary.pl", Target Frame=""  	[MsgId: MMSG-27978]
Action.c(93): Error -26377: No match found for the requested parameter "1_FlightID_AfterDelete". Either the specified boundaries were not found in the response or the matched text is longer than current max html parameter size of 256 bytes. The total length of the response is 932 bytes. You can use "web_set_max_html_param_len" to increase the max parameter size.  	[MsgId: MERR-26377]
End auto log messages stack.	[MsgId: MMSG-10544]


Start auto log messages stack - Iteration 54.	[MsgId: MMSG-10545]
Action.c(72): Registered web_reg_find successful for "Text= User wants the intineraries. " (count=1)  	[MsgId: MMSG-26364]
Action.c(72): web_url("Itinerary Button") was successful, 65572 body bytes, 1917 header bytes, 147 chunking overhead bytes  	[MsgId: MMSG-26385]
Action.c(82): Notify: Transaction "Itenerary_click" ended with a "Pass" status (Duration: 0,2202 Wasted Time: 0,0009).	[MsgId: MMSG-16871]
Action.c(84): lr_think_time: 5,00 seconds.	[MsgId: MMSG-15948]
Action.c(86): Notify: Transaction "Choose_reservation" started.	[MsgId: MMSG-16999]
Action.c(88): web_reg_save_param started  	[MsgId: MMSG-26355]
Action.c(88): Registering web_reg_save_param was successful  	[MsgId: MMSG-26390]
Action.c(93): web_submit_form("itinerary.pl") started  	[MsgId: MMSG-26355]
Action.c(93): Submitting form to "http://localhost:1080/cgi-bin/itinerary.pl", Target Frame=""  	[MsgId: MMSG-27978]
Action.c(93): Error -26377: No match found for the requested parameter "1_FlightID_AfterDelete". Either the specified boundaries were not found in the response or the matched text is longer than current max html parameter size of 256 bytes. The total length of the response is 932 bytes. You can use "web_set_max_html_param_len" to increase the max parameter size.  	[MsgId: MERR-26377]
End auto log messages stack.	[MsgId: MMSG-10544]


Start auto log messages stack - Iteration 62.	[MsgId: MMSG-10545]
Action.c(72): Registered web_reg_find successful for "Text= User wants the intineraries. " (count=1)  	[MsgId: MMSG-26364]
Action.c(72): web_url("Itinerary Button") was successful, 78125 body bytes, 1917 header bytes, 171 chunking overhead bytes  	[MsgId: MMSG-26385]
Action.c(82): Notify: Transaction "Itenerary_click" ended with a "Pass" status (Duration: 11,3301 Wasted Time: 0,0010).	[MsgId: MMSG-16871]
Action.c(84): lr_think_time: 5,00 seconds.	[MsgId: MMSG-15948]
Action.c(86): Notify: Transaction "Choose_reservation" started.	[MsgId: MMSG-16999]
Action.c(88): web_reg_save_param started  	[MsgId: MMSG-26355]
Action.c(88): Registering web_reg_save_param was successful  	[MsgId: MMSG-26390]
Action.c(93): web_submit_form("itinerary.pl") started  	[MsgId: MMSG-26355]
Action.c(93): Submitting form to "http://localhost:1080/cgi-bin/itinerary.pl", Target Frame=""  	[MsgId: MMSG-27978]
Action.c(93): Error -26377: No match found for the requested parameter "1_FlightID_AfterDelete". Either the specified boundaries were not found in the response or the matched text is longer than current max html parameter size of 256 bytes. The total length of the response is 932 bytes. You can use "web_set_max_html_param_len" to increase the max parameter size.  	[MsgId: MERR-26377]
End auto log messages stack.	[MsgId: MMSG-10544]


Start auto log messages stack - Iteration 34.	[MsgId: MMSG-10545]
Action.c(72): Registered web_reg_find successful for "Text= User wants the intineraries. " (count=1)  	[MsgId: MMSG-26364]
Action.c(72): web_url("Itinerary Button") was successful, 74630 body bytes, 1918 header bytes, 170 chunking overhead bytes  	[MsgId: MMSG-26385]
Action.c(82): Notify: Transaction "Itenerary_click" ended with a "Pass" status (Duration: 9,2125 Wasted Time: 0,0010).	[MsgId: MMSG-16871]
Action.c(84): lr_think_time: 5,00 seconds.	[MsgId: MMSG-15948]
Action.c(86): Notify: Transaction "Choose_reservation" started.	[MsgId: MMSG-16999]
Action.c(88): web_reg_save_param started  	[MsgId: MMSG-26355]
Action.c(88): Registering web_reg_save_param was successful  	[MsgId: MMSG-26390]
Action.c(93): web_submit_form("itinerary.pl") started  	[MsgId: MMSG-26355]
Action.c(93): Submitting form to "http://localhost:1080/cgi-bin/itinerary.pl", Target Frame=""  	[MsgId: MMSG-27978]
Action.c(93): Error -26377: No match found for the requested parameter "1_FlightID_AfterDelete". Either the specified boundaries were not found in the response or the matched text is longer than current max html parameter size of 256 bytes. The total length of the response is 932 bytes. You can use "web_set_max_html_param_len" to increase the max parameter size.  	[MsgId: MERR-26377]
End auto log messages stack.	[MsgId: MMSG-10544]


Start auto log messages stack - Iteration 35.	[MsgId: MMSG-10545]
Action.c(72): Registered web_reg_find successful for "Text= User wants the intineraries. " (count=1)  	[MsgId: MMSG-26364]
Action.c(72): web_url("Itinerary Button") was successful, 70227 body bytes, 1917 header bytes, 155 chunking overhead bytes  	[MsgId: MMSG-26385]
Action.c(82): Notify: Transaction "Itenerary_click" ended with a "Pass" status (Duration: 12,0376 Wasted Time: 0,0013).	[MsgId: MMSG-16871]
Action.c(84): lr_think_time: 5,00 seconds.	[MsgId: MMSG-15948]
Action.c(86): Notify: Transaction "Choose_reservation" started.	[MsgId: MMSG-16999]
Action.c(88): web_reg_save_param started  	[MsgId: MMSG-26355]
Action.c(88): Registering web_reg_save_param was successful  	[MsgId: MMSG-26390]
Action.c(93): web_submit_form("itinerary.pl") started  	[MsgId: MMSG-26355]
Action.c(93): Submitting form to "http://localhost:1080/cgi-bin/itinerary.pl", Target Frame=""  	[MsgId: MMSG-27978]
Action.c(93): Error -26377: No match found for the requested parameter "1_FlightID_AfterDelete". Either the specified boundaries were not found in the response or the matched text is longer than current max html parameter size of 256 bytes. The total length of the response is 932 bytes. You can use "web_set_max_html_param_len" to increase the max parameter size.  	[MsgId: MERR-26377]
End auto log messages stack.	[MsgId: MMSG-10544]


Start auto log messages stack - Iteration 95.	[MsgId: MMSG-10545]
Action.c(72): Registered web_reg_find successful for "Text= User wants the intineraries. " (count=1)  	[MsgId: MMSG-26364]
Action.c(72): web_url("Itinerary Button") was successful, 72499 body bytes, 1917 header bytes, 163 chunking overhead bytes  	[MsgId: MMSG-26385]
Action.c(82): Notify: Transaction "Itenerary_click" ended with a "Pass" status (Duration: 13,0861 Wasted Time: 0,0016).	[MsgId: MMSG-16871]
Action.c(84): lr_think_time: 5,00 seconds.	[MsgId: MMSG-15948]
Action.c(86): Notify: Transaction "Choose_reservation" started.	[MsgId: MMSG-16999]
Action.c(88): web_reg_save_param started  	[MsgId: MMSG-26355]
Action.c(88): Registering web_reg_save_param was successful  	[MsgId: MMSG-26390]
Action.c(93): web_submit_form("itinerary.pl") started  	[MsgId: MMSG-26355]
Action.c(93): Submitting form to "http://localhost:1080/cgi-bin/itinerary.pl", Target Frame=""  	[MsgId: MMSG-27978]
Action.c(93): Error -26377: No match found for the requested parameter "1_FlightID_AfterDelete". Either the specified boundaries were not found in the response or the matched text is longer than current max html parameter size of 256 bytes. The total length of the response is 932 bytes. You can use "web_set_max_html_param_len" to increase the max parameter size.  	[MsgId: MERR-26377]
End auto log messages stack.	[MsgId: MMSG-10544]


Start auto log messages stack - Iteration 96.	[MsgId: MMSG-10545]
Action.c(72): Registered web_reg_find successful for "Text= User wants the intineraries. " (count=1)  	[MsgId: MMSG-26364]
Action.c(72): web_url("Itinerary Button") was successful, 70277 body bytes, 1917 header bytes, 155 chunking overhead bytes  	[MsgId: MMSG-26385]
Action.c(82): Notify: Transaction "Itenerary_click" ended with a "Pass" status (Duration: 11,4120 Wasted Time: 0,0009).	[MsgId: MMSG-16871]
Action.c(84): lr_think_time: 5,00 seconds.	[MsgId: MMSG-15948]
Action.c(86): Notify: Transaction "Choose_reservation" started.	[MsgId: MMSG-16999]
Action.c(88): web_reg_save_param started  	[MsgId: MMSG-26355]
Action.c(88): Registering web_reg_save_param was successful  	[MsgId: MMSG-26390]
Action.c(93): web_submit_form("itinerary.pl") started  	[MsgId: MMSG-26355]
Action.c(93): Submitting form to "http://localhost:1080/cgi-bin/itinerary.pl", Target Frame=""  	[MsgId: MMSG-27978]
Action.c(93): Error -26377: No match found for the requested parameter "1_FlightID_AfterDelete". Either the specified boundaries were not found in the response or the matched text is longer than current max html parameter size of 256 bytes. The total length of the response is 932 bytes. You can use "web_set_max_html_param_len" to increase the max parameter size.  	[MsgId: MERR-26377]
End auto log messages stack.	[MsgId: MMSG-10544]


Start auto log messages stack - Iteration 42.	[MsgId: MMSG-10545]
Action.c(72): Registered web_reg_find successful for "Text= User wants the intineraries. " (count=1)  	[MsgId: MMSG-26364]
Action.c(72): web_url("Itinerary Button") was successful, 94063 body bytes, 1917 header bytes, 203 chunking overhead bytes  	[MsgId: MMSG-26385]
Action.c(82): Notify: Transaction "Itenerary_click" ended with a "Pass" status (Duration: 10,0023 Wasted Time: 0,0013).	[MsgId: MMSG-16871]
Action.c(84): lr_think_time: 5,00 seconds.	[MsgId: MMSG-15948]
Action.c(86): Notify: Transaction "Choose_reservation" started.	[MsgId: MMSG-16999]
Action.c(88): web_reg_save_param started  	[MsgId: MMSG-26355]
Action.c(88): Registering web_reg_save_param was successful  	[MsgId: MMSG-26390]
Action.c(93): web_submit_form("itinerary.pl") started  	[MsgId: MMSG-26355]
Action.c(93): Submitting form to "http://localhost:1080/cgi-bin/itinerary.pl", Target Frame=""  	[MsgId: MMSG-27978]
Action.c(93): Error -26377: No match found for the requested parameter "1_FlightID_AfterDelete". Either the specified boundaries were not found in the response or the matched text is longer than current max html parameter size of 256 bytes. The total length of the response is 932 bytes. You can use "web_set_max_html_param_len" to increase the max parameter size.  	[MsgId: MERR-26377]
End auto log messages stack.	[MsgId: MMSG-10544]


Start auto log messages stack - Iteration 103.	[MsgId: MMSG-10545]
Action.c(72): Registered web_reg_find successful for "Text= User wants the intineraries. " (count=1)  	[MsgId: MMSG-26364]
Action.c(72): web_url("Itinerary Button") was successful, 87226 body bytes, 1917 header bytes, 195 chunking overhead bytes  	[MsgId: MMSG-26385]
Action.c(82): Notify: Transaction "Itenerary_click" ended with a "Pass" status (Duration: 12,3622 Wasted Time: 0,0011).	[MsgId: MMSG-16871]
Action.c(84): lr_think_time: 5,00 seconds.	[MsgId: MMSG-15948]
Action.c(86): Notify: Transaction "Choose_reservation" started.	[MsgId: MMSG-16999]
Action.c(88): web_reg_save_param started  	[MsgId: MMSG-26355]
Action.c(88): Registering web_reg_save_param was successful  	[MsgId: MMSG-26390]
Action.c(93): web_submit_form("itinerary.pl") started  	[MsgId: MMSG-26355]
Action.c(93): Submitting form to "http://localhost:1080/cgi-bin/itinerary.pl", Target Frame=""  	[MsgId: MMSG-27978]
Action.c(93): Error -26377: No match found for the requested parameter "1_FlightID_AfterDelete". Either the specified boundaries were not found in the response or the matched text is longer than current max html parameter size of 256 bytes. The total length of the response is 932 bytes. You can use "web_set_max_html_param_len" to increase the max parameter size.  	[MsgId: MERR-26377]
End auto log messages stack.	[MsgId: MMSG-10544]


Start auto log messages stack - Iteration 104.	[MsgId: MMSG-10545]
Action.c(72): Registered web_reg_find successful for "Text= User wants the intineraries. " (count=1)  	[MsgId: MMSG-26364]
Action.c(72): web_url("Itinerary Button") was successful, 82806 body bytes, 1919 header bytes, 186 chunking overhead bytes  	[MsgId: MMSG-26385]
Action.c(82): Notify: Transaction "Itenerary_click" ended with a "Pass" status (Duration: 13,0262 Wasted Time: 0,0010).	[MsgId: MMSG-16871]
Action.c(84): lr_think_time: 5,00 seconds.	[MsgId: MMSG-15948]
Action.c(86): Notify: Transaction "Choose_reservation" started.	[MsgId: MMSG-16999]
Action.c(88): web_reg_save_param started  	[MsgId: MMSG-26355]
Action.c(88): Registering web_reg_save_param was successful  	[MsgId: MMSG-26390]
Action.c(93): web_submit_form("itinerary.pl") started  	[MsgId: MMSG-26355]
Action.c(93): Submitting form to "http://localhost:1080/cgi-bin/itinerary.pl", Target Frame=""  	[MsgId: MMSG-27978]
Action.c(93): Error -26377: No match found for the requested parameter "1_FlightID_AfterDelete". Either the specified boundaries were not found in the response or the matched text is longer than current max html parameter size of 256 bytes. The total length of the response is 932 bytes. You can use "web_set_max_html_param_len" to increase the max parameter size.  	[MsgId: MERR-26377]
End auto log messages stack.	[MsgId: MMSG-10544]


Start auto log messages stack - Iteration 50.	[MsgId: MMSG-10545]
Action.c(72): Registered web_reg_find successful for "Text= User wants the intineraries. " (count=1)  	[MsgId: MMSG-26364]
Action.c(72): web_url("Itinerary Button") was successful, 81604 body bytes, 1919 header bytes, 179 chunking overhead bytes  	[MsgId: MMSG-26385]
Action.c(82): Notify: Transaction "Itenerary_click" ended with a "Pass" status (Duration: 12,0679 Wasted Time: 0,0013).	[MsgId: MMSG-16871]
Action.c(84): lr_think_time: 5,00 seconds.	[MsgId: MMSG-15948]
Action.c(86): Notify: Transaction "Choose_reservation" started.	[MsgId: MMSG-16999]
Action.c(88): web_reg_save_param started  	[MsgId: MMSG-26355]
Action.c(88): Registering web_reg_save_param was successful  	[MsgId: MMSG-26390]
Action.c(93): web_submit_form("itinerary.pl") started  	[MsgId: MMSG-26355]
Action.c(93): Submitting form to "http://localhost:1080/cgi-bin/itinerary.pl", Target Frame=""  	[MsgId: MMSG-27978]
Action.c(93): Error -26377: No match found for the requested parameter "1_FlightID_AfterDelete". Either the specified boundaries were not found in the response or the matched text is longer than current max html parameter size of 256 bytes. The total length of the response is 932 bytes. You can use "web_set_max_html_param_len" to increase the max parameter size.  	[MsgId: MERR-26377]
End auto log messages stack.	[MsgId: MMSG-10544]


Start auto log messages stack - Iteration 111.	[MsgId: MMSG-10545]
Action.c(72): Registered web_reg_find successful for "Text= User wants the intineraries. " (count=1)  	[MsgId: MMSG-26364]
Action.c(72): web_url("Itinerary Button") was successful, 83895 body bytes, 1917 header bytes, 187 chunking overhead bytes  	[MsgId: MMSG-26385]
Action.c(82): Notify: Transaction "Itenerary_click" ended with a "Pass" status (Duration: 14,8017 Wasted Time: 0,0010).	[MsgId: MMSG-16871]
Action.c(84): lr_think_time: 5,00 seconds.	[MsgId: MMSG-15948]
Action.c(86): Notify: Transaction "Choose_reservation" started.	[MsgId: MMSG-16999]
Action.c(88): web_reg_save_param started  	[MsgId: MMSG-26355]
Action.c(88): Registering web_reg_save_param was successful  	[MsgId: MMSG-26390]
Action.c(93): web_submit_form("itinerary.pl") started  	[MsgId: MMSG-26355]
Action.c(93): Submitting form to "http://localhost:1080/cgi-bin/itinerary.pl", Target Frame=""  	[MsgId: MMSG-27978]
Action.c(93): Error -26377: No match found for the requested parameter "1_FlightID_AfterDelete". Either the specified boundaries were not found in the response or the matched text is longer than current max html parameter size of 256 bytes. The total length of the response is 932 bytes. You can use "web_set_max_html_param_len" to increase the max parameter size.  	[MsgId: MERR-26377]
End auto log messages stack.	[MsgId: MMSG-10544]


Start auto log messages stack - Iteration 52.	[MsgId: MMSG-10545]
Action.c(72): Registered web_reg_find successful for "Text= User wants the intineraries. " (count=1)  	[MsgId: MMSG-26364]
Action.c(72): web_url("Itinerary Button") was successful, 82723 body bytes, 1919 header bytes, 179 chunking overhead bytes  	[MsgId: MMSG-26385]
Action.c(82): Notify: Transaction "Itenerary_click" ended with a "Pass" status (Duration: 16,0427 Wasted Time: 0,0008).	[MsgId: MMSG-16871]
Action.c(84): lr_think_time: 5,00 seconds.	[MsgId: MMSG-15948]
Action.c(86): Notify: Transaction "Choose_reservation" started.	[MsgId: MMSG-16999]
Action.c(88): web_reg_save_param started  	[MsgId: MMSG-26355]
Action.c(88): Registering web_reg_save_param was successful  	[MsgId: MMSG-26390]
Action.c(93): web_submit_form("itinerary.pl") started  	[MsgId: MMSG-26355]
Action.c(93): Submitting form to "http://localhost:1080/cgi-bin/itinerary.pl", Target Frame=""  	[MsgId: MMSG-27978]
Action.c(93): Error -26377: No match found for the requested parameter "1_FlightID_AfterDelete". Either the specified boundaries were not found in the response or the matched text is longer than current max html parameter size of 256 bytes. The total length of the response is 932 bytes. You can use "web_set_max_html_param_len" to increase the max parameter size.  	[MsgId: MERR-26377]
End auto log messages stack.	[MsgId: MMSG-10544]


Start auto log messages stack - Iteration 1.	[MsgId: MMSG-10545]
Action.c(72): Registered web_reg_find successful for "Text= User wants the intineraries. " (count=1)  	[MsgId: MMSG-26364]
Action.c(72): web_url("Itinerary Button") was successful, 84925 body bytes, 1919 header bytes, 187 chunking overhead bytes  	[MsgId: MMSG-26385]
Action.c(82): Notify: Transaction "Itenerary_click" ended with a "Pass" status (Duration: 16,2722 Wasted Time: 0,0017).	[MsgId: MMSG-16871]
Action.c(84): lr_think_time: 5,00 seconds.	[MsgId: MMSG-15948]
Action.c(86): Notify: Transaction "Choose_reservation" started.	[MsgId: MMSG-16999]
Action.c(88): web_reg_save_param started  	[MsgId: MMSG-26355]
Action.c(88): Registering web_reg_save_param was successful  	[MsgId: MMSG-26390]
Action.c(93): web_submit_form("itinerary.pl") started  	[MsgId: MMSG-26355]
Action.c(93): Submitting form to "http://localhost:1080/cgi-bin/itinerary.pl", Target Frame=""  	[MsgId: MMSG-27978]
Action.c(93): Error -26377: No match found for the requested parameter "1_FlightID_AfterDelete". Either the specified boundaries were not found in the response or the matched text is longer than current max html parameter size of 256 bytes. The total length of the response is 932 bytes. You can use "web_set_max_html_param_len" to increase the max parameter size.  	[MsgId: MERR-26377]
End auto log messages stack.	[MsgId: MMSG-10544]


Start auto log messages stack - Iteration 113.	[MsgId: MMSG-10545]
Action.c(72): Registered web_reg_find successful for "Text= User wants the intineraries. " (count=1)  	[MsgId: MMSG-26364]
Action.c(72): web_url("Itinerary Button") was successful, 81650 body bytes, 1919 header bytes, 179 chunking overhead bytes  	[MsgId: MMSG-26385]
Action.c(82): Notify: Transaction "Itenerary_click" ended with a "Pass" status (Duration: 15,3247 Wasted Time: 0,0014).	[MsgId: MMSG-16871]
Action.c(84): lr_think_time: 5,00 seconds.	[MsgId: MMSG-15948]
Action.c(86): Notify: Transaction "Choose_reservation" started.	[MsgId: MMSG-16999]
Action.c(88): web_reg_save_param started  	[MsgId: MMSG-26355]
Action.c(88): Registering web_reg_save_param was successful  	[MsgId: MMSG-26390]
Action.c(93): web_submit_form("itinerary.pl") started  	[MsgId: MMSG-26355]
Action.c(93): Submitting form to "http://localhost:1080/cgi-bin/itinerary.pl", Target Frame=""  	[MsgId: MMSG-27978]
Action.c(93): Error -26377: No match found for the requested parameter "1_FlightID_AfterDelete". Either the specified boundaries were not found in the response or the matched text is longer than current max html parameter size of 256 bytes. The total length of the response is 932 bytes. You can use "web_set_max_html_param_len" to increase the max parameter size.  	[MsgId: MERR-26377]
End auto log messages stack.	[MsgId: MMSG-10544]


Start auto log messages stack - Iteration 59.	[MsgId: MMSG-10545]
Action.c(72): Registered web_reg_find successful for "Text= User wants the intineraries. " (count=1)  	[MsgId: MMSG-26364]
Action.c(72): web_url("Itinerary Button") was successful, 53087 body bytes, 1919 header bytes, 123 chunking overhead bytes  	[MsgId: MMSG-26385]
Action.c(82): Notify: Transaction "Itenerary_click" ended with a "Pass" status (Duration: 16,7003 Wasted Time: 0,0006).	[MsgId: MMSG-16871]
Action.c(84): lr_think_time: 5,00 seconds.	[MsgId: MMSG-15948]
Action.c(86): Notify: Transaction "Choose_reservation" started.	[MsgId: MMSG-16999]
Action.c(88): web_reg_save_param started  	[MsgId: MMSG-26355]
Action.c(88): Registering web_reg_save_param was successful  	[MsgId: MMSG-26390]
Action.c(93): web_submit_form("itinerary.pl") started  	[MsgId: MMSG-26355]
Action.c(93): Submitting form to "http://localhost:1080/cgi-bin/itinerary.pl", Target Frame=""  	[MsgId: MMSG-27978]
Action.c(93): Error -26377: No match found for the requested parameter "1_FlightID_AfterDelete". Either the specified boundaries were not found in the response or the matched text is longer than current max html parameter size of 256 bytes. The total length of the response is 932 bytes. You can use "web_set_max_html_param_len" to increase the max parameter size.  	[MsgId: MERR-26377]
End auto log messages stack.	[MsgId: MMSG-10544]


Start auto log messages stack - Iteration 60.	[MsgId: MMSG-10545]
Action.c(72): Registered web_reg_find successful for "Text= User wants the intineraries. " (count=1)  	[MsgId: MMSG-26364]
Action.c(72): web_url("Itinerary Button") was successful, 46347 body bytes, 1919 header bytes, 115 chunking overhead bytes  	[MsgId: MMSG-26385]
Action.c(82): Notify: Transaction "Itenerary_click" ended with a "Pass" status (Duration: 15,8125 Wasted Time: 0,0006).	[MsgId: MMSG-16871]
Action.c(84): lr_think_time: 5,00 seconds.	[MsgId: MMSG-15948]
Action.c(86): Notify: Transaction "Choose_reservation" started.	[MsgId: MMSG-16999]
Action.c(88): web_reg_save_param started  	[MsgId: MMSG-26355]
Action.c(88): Registering web_reg_save_param was successful  	[MsgId: MMSG-26390]
Action.c(93): web_submit_form("itinerary.pl") started  	[MsgId: MMSG-26355]
Action.c(93): Submitting form to "http://localhost:1080/cgi-bin/itinerary.pl", Target Frame=""  	[MsgId: MMSG-27978]
Action.c(93): Error -26377: No match found for the requested parameter "1_FlightID_AfterDelete". Either the specified boundaries were not found in the response or the matched text is longer than current max html parameter size of 256 bytes. The total length of the response is 932 bytes. You can use "web_set_max_html_param_len" to increase the max parameter size.  	[MsgId: MERR-26377]
End auto log messages stack.	[MsgId: MMSG-10544]


Start auto log messages stack - Iteration 121.	[MsgId: MMSG-10545]
Action.c(72): Registered web_reg_find successful for "Text= User wants the intineraries. " (count=1)  	[MsgId: MMSG-26364]
Action.c(72): web_url("Itinerary Button") was successful, 97448 body bytes, 1919 header bytes, 211 chunking overhead bytes  	[MsgId: MMSG-26385]
Action.c(82): Notify: Transaction "Itenerary_click" ended with a "Pass" status (Duration: 15,5044 Wasted Time: 0,0024).	[MsgId: MMSG-16871]
Action.c(84): lr_think_time: 5,00 seconds.	[MsgId: MMSG-15948]
Action.c(86): Notify: Transaction "Choose_reservation" started.	[MsgId: MMSG-16999]
Action.c(88): web_reg_save_param started  	[MsgId: MMSG-26355]
Action.c(88): Registering web_reg_save_param was successful  	[MsgId: MMSG-26390]
Action.c(93): web_submit_form("itinerary.pl") started  	[MsgId: MMSG-26355]
Action.c(93): Submitting form to "http://localhost:1080/cgi-bin/itinerary.pl", Target Frame=""  	[MsgId: MMSG-27978]
Action.c(93): Error -26377: No match found for the requested parameter "1_FlightID_AfterDelete". Either the specified boundaries were not found in the response or the matched text is longer than current max html parameter size of 256 bytes. The total length of the response is 932 bytes. You can use "web_set_max_html_param_len" to increase the max parameter size.  	[MsgId: MERR-26377]
End auto log messages stack.	[MsgId: MMSG-10544]


Start auto log messages stack - Iteration 122.	[MsgId: MMSG-10545]
Action.c(72): Registered web_reg_find successful for "Text= User wants the intineraries. " (count=1)  	[MsgId: MMSG-26364]
Action.c(72): web_url("Itinerary Button") was successful, 105452 body bytes, 1919 header bytes, 227 chunking overhead bytes  	[MsgId: MMSG-26385]
Action.c(82): Notify: Transaction "Itenerary_click" ended with a "Pass" status (Duration: 16,8522 Wasted Time: 0,0014).	[MsgId: MMSG-16871]
Action.c(84): lr_think_time: 5,00 seconds.	[MsgId: MMSG-15948]
Action.c(86): Notify: Transaction "Choose_reservation" started.	[MsgId: MMSG-16999]
Action.c(88): web_reg_save_param started  	[MsgId: MMSG-26355]
Action.c(88): Registering web_reg_save_param was successful  	[MsgId: MMSG-26390]
Action.c(93): web_submit_form("itinerary.pl") started  	[MsgId: MMSG-26355]
Action.c(93): Submitting form to "http://localhost:1080/cgi-bin/itinerary.pl", Target Frame=""  	[MsgId: MMSG-27978]
Action.c(93): Error -26377: No match found for the requested parameter "1_FlightID_AfterDelete". Either the specified boundaries were not found in the response or the matched text is longer than current max html parameter size of 256 bytes. The total length of the response is 932 bytes. You can use "web_set_max_html_param_len" to increase the max parameter size.  	[MsgId: MERR-26377]
End auto log messages stack.	[MsgId: MMSG-10544]


Start auto log messages stack - Iteration 64.	[MsgId: MMSG-10545]
Action.c(72): Registered web_reg_find successful for "Text= User wants the intineraries. " (count=1)  	[MsgId: MMSG-26364]
Action.c(72): web_url("Itinerary Button") was successful, 96440 body bytes, 1919 header bytes, 211 chunking overhead bytes  	[MsgId: MMSG-26385]
Action.c(82): Notify: Transaction "Itenerary_click" ended with a "Pass" status (Duration: 14,9661 Wasted Time: 0,0014).	[MsgId: MMSG-16871]
Action.c(84): lr_think_time: 5,00 seconds.	[MsgId: MMSG-15948]
Action.c(86): Notify: Transaction "Choose_reservation" started.	[MsgId: MMSG-16999]
Action.c(88): web_reg_save_param started  	[MsgId: MMSG-26355]
Action.c(88): Registering web_reg_save_param was successful  	[MsgId: MMSG-26390]
Action.c(93): web_submit_form("itinerary.pl") started  	[MsgId: MMSG-26355]
Action.c(93): Submitting form to "http://localhost:1080/cgi-bin/itinerary.pl", Target Frame=""  	[MsgId: MMSG-27978]
Action.c(93): Error -26377: No match found for the requested parameter "1_FlightID_AfterDelete". Either the specified boundaries were not found in the response or the matched text is longer than current max html parameter size of 256 bytes. The total length of the response is 932 bytes. You can use "web_set_max_html_param_len" to increase the max parameter size.  	[MsgId: MERR-26377]
End auto log messages stack.	[MsgId: MMSG-10544]


Start auto log messages stack - Iteration 93.	[MsgId: MMSG-10545]
Action.c(72): Registered web_reg_find successful for "Text= User wants the intineraries. " (count=1)  	[MsgId: MMSG-26364]
Action.c(72): web_url("Itinerary Button") was successful, 89565 body bytes, 1917 header bytes, 195 chunking overhead bytes  	[MsgId: MMSG-26385]
Action.c(82): Notify: Transaction "Itenerary_click" ended with a "Pass" status (Duration: 14,3950 Wasted Time: 0,0016).	[MsgId: MMSG-16871]
Action.c(84): lr_think_time: 5,00 seconds.	[MsgId: MMSG-15948]
Action.c(86): Notify: Transaction "Choose_reservation" started.	[MsgId: MMSG-16999]
Action.c(88): web_reg_save_param started  	[MsgId: MMSG-26355]
Action.c(88): Registering web_reg_save_param was successful  	[MsgId: MMSG-26390]
Action.c(93): web_submit_form("itinerary.pl") started  	[MsgId: MMSG-26355]
Action.c(93): Submitting form to "http://localhost:1080/cgi-bin/itinerary.pl", Target Frame=""  	[MsgId: MMSG-27978]
Action.c(93): Error -26377: No match found for the requested parameter "1_FlightID_AfterDelete". Either the specified boundaries were not found in the response or the matched text is longer than current max html parameter size of 256 bytes. The total length of the response is 932 bytes. You can use "web_set_max_html_param_len" to increase the max parameter size.  	[MsgId: MERR-26377]
End auto log messages stack.	[MsgId: MMSG-10544]


Start auto log messages stack - Iteration 65.	[MsgId: MMSG-10545]
Action.c(72): Registered web_reg_find successful for "Text= User wants the intineraries. " (count=1)  	[MsgId: MMSG-26364]
Action.c(72): web_url("Itinerary Button") was successful, 92890 body bytes, 1917 header bytes, 203 chunking overhead bytes  	[MsgId: MMSG-26385]
Action.c(82): Notify: Transaction "Itenerary_click" ended with a "Pass" status (Duration: 15,1931 Wasted Time: 0,0011).	[MsgId: MMSG-16871]
Action.c(84): lr_think_time: 5,00 seconds.	[MsgId: MMSG-15948]
Action.c(86): Notify: Transaction "Choose_reservation" started.	[MsgId: MMSG-16999]
Action.c(88): web_reg_save_param started  	[MsgId: MMSG-26355]
Action.c(88): Registering web_reg_save_param was successful  	[MsgId: MMSG-26390]
Action.c(93): web_submit_form("itinerary.pl") started  	[MsgId: MMSG-26355]
Action.c(93): Submitting form to "http://localhost:1080/cgi-bin/itinerary.pl", Target Frame=""  	[MsgId: MMSG-27978]
Action.c(93): Error -26377: No match found for the requested parameter "1_FlightID_AfterDelete". Either the specified boundaries were not found in the response or the matched text is longer than current max html parameter size of 256 bytes. The total length of the response is 932 bytes. You can use "web_set_max_html_param_len" to increase the max parameter size.  	[MsgId: MERR-26377]
End auto log messages stack.	[MsgId: MMSG-10544]


Start auto log messages stack - Iteration 94.	[MsgId: MMSG-10545]
Action.c(72): Registered web_reg_find successful for "Text= User wants the intineraries. " (count=1)  	[MsgId: MMSG-26364]
Action.c(72): web_url("Itinerary Button") was successful, 91659 body bytes, 1919 header bytes, 203 chunking overhead bytes  	[MsgId: MMSG-26385]
Action.c(82): Notify: Transaction "Itenerary_click" ended with a "Pass" status (Duration: 15,3634 Wasted Time: 0,0012).	[MsgId: MMSG-16871]
Action.c(84): lr_think_time: 5,00 seconds.	[MsgId: MMSG-15948]
Action.c(86): Notify: Transaction "Choose_reservation" started.	[MsgId: MMSG-16999]
Action.c(88): web_reg_save_param started  	[MsgId: MMSG-26355]
Action.c(88): Registering web_reg_save_param was successful  	[MsgId: MMSG-26390]
Action.c(93): web_submit_form("itinerary.pl") started  	[MsgId: MMSG-26355]
Action.c(93): Submitting form to "http://localhost:1080/cgi-bin/itinerary.pl", Target Frame=""  	[MsgId: MMSG-27978]
Action.c(93): Error -26377: No match found for the requested parameter "1_FlightID_AfterDelete". Either the specified boundaries were not found in the response or the matched text is longer than current max html parameter size of 256 bytes. The total length of the response is 932 bytes. You can use "web_set_max_html_param_len" to increase the max parameter size.  	[MsgId: MERR-26377]
End auto log messages stack.	[MsgId: MMSG-10544]


Start auto log messages stack - Iteration 14.	[MsgId: MMSG-10545]
Action.c(72): Registered web_reg_find successful for "Text= User wants the intineraries. " (count=1)  	[MsgId: MMSG-26364]
Action.c(72): web_url("Itinerary Button") was successful, 90528 body bytes, 1919 header bytes, 195 chunking overhead bytes  	[MsgId: MMSG-26385]
Action.c(82): Notify: Transaction "Itenerary_click" ended with a "Pass" status (Duration: 16,6822 Wasted Time: 0,0012).	[MsgId: MMSG-16871]
Action.c(84): lr_think_time: 5,00 seconds.	[MsgId: MMSG-15948]
Action.c(86): Notify: Transaction "Choose_reservation" started.	[MsgId: MMSG-16999]
Action.c(88): web_reg_save_param started  	[MsgId: MMSG-26355]
Action.c(88): Registering web_reg_save_param was successful  	[MsgId: MMSG-26390]
Action.c(93): web_submit_form("itinerary.pl") started  	[MsgId: MMSG-26355]
Action.c(93): Submitting form to "http://localhost:1080/cgi-bin/itinerary.pl", Target Frame=""  	[MsgId: MMSG-27978]
Action.c(93): Error -26377: No match found for the requested parameter "1_FlightID_AfterDelete". Either the specified boundaries were not found in the response or the matched text is longer than current max html parameter size of 256 bytes. The total length of the response is 932 bytes. You can use "web_set_max_html_param_len" to increase the max parameter size.  	[MsgId: MERR-26377]
End auto log messages stack.	[MsgId: MMSG-10544]


Start auto log messages stack - Iteration 95.	[MsgId: MMSG-10545]
Action.c(72): Registered web_reg_find successful for "Text= User wants the intineraries. " (count=1)  	[MsgId: MMSG-26364]
Action.c(72): web_url("Itinerary Button") was successful, 88442 body bytes, 1919 header bytes, 195 chunking overhead bytes  	[MsgId: MMSG-26385]
Action.c(82): Notify: Transaction "Itenerary_click" ended with a "Pass" status (Duration: 16,0821 Wasted Time: 0,0013).	[MsgId: MMSG-16871]
Action.c(84): lr_think_time: 5,00 seconds.	[MsgId: MMSG-15948]
Action.c(86): Notify: Transaction "Choose_reservation" started.	[MsgId: MMSG-16999]
Action.c(88): web_reg_save_param started  	[MsgId: MMSG-26355]
Action.c(88): Registering web_reg_save_param was successful  	[MsgId: MMSG-26390]
Action.c(93): web_submit_form("itinerary.pl") started  	[MsgId: MMSG-26355]
Action.c(93): Submitting form to "http://localhost:1080/cgi-bin/itinerary.pl", Target Frame=""  	[MsgId: MMSG-27978]
Action.c(93): Error -26377: No match found for the requested parameter "1_FlightID_AfterDelete". Either the specified boundaries were not found in the response or the matched text is longer than current max html parameter size of 256 bytes. The total length of the response is 932 bytes. You can use "web_set_max_html_param_len" to increase the max parameter size.  	[MsgId: MERR-26377]
End auto log messages stack.	[MsgId: MMSG-10544]


Start auto log messages stack - Iteration 126.	[MsgId: MMSG-10545]
Action.c(72): Registered web_reg_find successful for "Text= User wants the intineraries. " (count=1)  	[MsgId: MMSG-26364]
Action.c(72): web_url("Itinerary Button") was successful, 92964 body bytes, 1919 header bytes, 203 chunking overhead bytes  	[MsgId: MMSG-26385]
Action.c(82): Notify: Transaction "Itenerary_click" ended with a "Pass" status (Duration: 23,0211 Wasted Time: 0,0019).	[MsgId: MMSG-16871]
Action.c(84): lr_think_time: 5,00 seconds.	[MsgId: MMSG-15948]
Action.c(86): Notify: Transaction "Choose_reservation" started.	[MsgId: MMSG-16999]
Action.c(88): web_reg_save_param started  	[MsgId: MMSG-26355]
Action.c(88): Registering web_reg_save_param was successful  	[MsgId: MMSG-26390]
Action.c(93): web_submit_form("itinerary.pl") started  	[MsgId: MMSG-26355]
Action.c(93): Submitting form to "http://localhost:1080/cgi-bin/itinerary.pl", Target Frame=""  	[MsgId: MMSG-27978]
Action.c(93): Error -26377: No match found for the requested parameter "1_FlightID_AfterDelete". Either the specified boundaries were not found in the response or the matched text is longer than current max html parameter size of 256 bytes. The total length of the response is 932 bytes. You can use "web_set_max_html_param_len" to increase the max parameter size.  	[MsgId: MERR-26377]
End auto log messages stack.	[MsgId: MMSG-10544]


Start auto log messages stack - Iteration 67.	[MsgId: MMSG-10545]
Action.c(72): Registered web_reg_find successful for "Text= User wants the intineraries. " (count=1)  	[MsgId: MMSG-26364]
Action.c(72): web_url("Itinerary Button") was successful, 93998 body bytes, 1919 header bytes, 203 chunking overhead bytes  	[MsgId: MMSG-26385]
Action.c(82): Notify: Transaction "Itenerary_click" ended with a "Pass" status (Duration: 15,0813 Wasted Time: 0,0018).	[MsgId: MMSG-16871]
Action.c(84): lr_think_time: 5,00 seconds.	[MsgId: MMSG-15948]
Action.c(86): Notify: Transaction "Choose_reservation" started.	[MsgId: MMSG-16999]
Action.c(88): web_reg_save_param started  	[MsgId: MMSG-26355]
Action.c(88): Registering web_reg_save_param was successful  	[MsgId: MMSG-26390]
Action.c(93): web_submit_form("itinerary.pl") started  	[MsgId: MMSG-26355]
Action.c(93): Submitting form to "http://localhost:1080/cgi-bin/itinerary.pl", Target Frame=""  	[MsgId: MMSG-27978]
Action.c(93): Error -26377: No match found for the requested parameter "1_FlightID_AfterDelete". Either the specified boundaries were not found in the response or the matched text is longer than current max html parameter size of 256 bytes. The total length of the response is 932 bytes. You can use "web_set_max_html_param_len" to increase the max parameter size.  	[MsgId: MERR-26377]
End auto log messages stack.	[MsgId: MMSG-10544]


Start auto log messages stack - Iteration 36.	[MsgId: MMSG-10545]
Action.c(72): Registered web_reg_find successful for "Text= User wants the intineraries. " (count=1)  	[MsgId: MMSG-26364]
Action.c(72): web_url("Itinerary Button") was successful, 88507 body bytes, 1919 header bytes, 195 chunking overhead bytes  	[MsgId: MMSG-26385]
Action.c(82): Notify: Transaction "Itenerary_click" ended with a "Pass" status (Duration: 16,4952 Wasted Time: 0,0014).	[MsgId: MMSG-16871]
Action.c(84): lr_think_time: 5,00 seconds.	[MsgId: MMSG-15948]
Action.c(86): Notify: Transaction "Choose_reservation" started.	[MsgId: MMSG-16999]
Action.c(88): web_reg_save_param started  	[MsgId: MMSG-26355]
Action.c(88): Registering web_reg_save_param was successful  	[MsgId: MMSG-26390]
Action.c(93): web_submit_form("itinerary.pl") started  	[MsgId: MMSG-26355]
Action.c(93): Submitting form to "http://localhost:1080/cgi-bin/itinerary.pl", Target Frame=""  	[MsgId: MMSG-27978]
Action.c(93): Error -26377: No match found for the requested parameter "1_FlightID_AfterDelete". Either the specified boundaries were not found in the response or the matched text is longer than current max html parameter size of 256 bytes. The total length of the response is 932 bytes. You can use "web_set_max_html_param_len" to increase the max parameter size.  	[MsgId: MERR-26377]
End auto log messages stack.	[MsgId: MMSG-10544]


Start auto log messages stack - Iteration 16.	[MsgId: MMSG-10545]
Action.c(72): Registered web_reg_find successful for "Text= User wants the intineraries. " (count=1)  	[MsgId: MMSG-26364]
Action.c(72): web_url("Itinerary Button") was successful, 87351 body bytes, 1919 header bytes, 195 chunking overhead bytes  	[MsgId: MMSG-26385]
Action.c(82): Notify: Transaction "Itenerary_click" ended with a "Pass" status (Duration: 16,7221 Wasted Time: 0,0011).	[MsgId: MMSG-16871]
Action.c(84): lr_think_time: 5,00 seconds.	[MsgId: MMSG-15948]
Action.c(86): Notify: Transaction "Choose_reservation" started.	[MsgId: MMSG-16999]
Action.c(88): web_reg_save_param started  	[MsgId: MMSG-26355]
Action.c(88): Registering web_reg_save_param was successful  	[MsgId: MMSG-26390]
Action.c(93): web_submit_form("itinerary.pl") started  	[MsgId: MMSG-26355]
Action.c(93): Submitting form to "http://localhost:1080/cgi-bin/itinerary.pl", Target Frame=""  	[MsgId: MMSG-27978]
Action.c(93): Error -26377: No match found for the requested parameter "1_FlightID_AfterDelete". Either the specified boundaries were not found in the response or the matched text is longer than current max html parameter size of 256 bytes. The total length of the response is 932 bytes. You can use "web_set_max_html_param_len" to increase the max parameter size.  	[MsgId: MERR-26377]
End auto log messages stack.	[MsgId: MMSG-10544]


Start auto log messages stack - Iteration 97.	[MsgId: MMSG-10545]
Action.c(72): Registered web_reg_find successful for "Text= User wants the intineraries. " (count=1)  	[MsgId: MMSG-26364]
Action.c(72): web_url("Itinerary Button") was successful, 87199 body bytes, 1917 header bytes, 195 chunking overhead bytes  	[MsgId: MMSG-26385]
Action.c(82): Notify: Transaction "Itenerary_click" ended with a "Pass" status (Duration: 14,9802 Wasted Time: 0,0013).	[MsgId: MMSG-16871]
Action.c(84): lr_think_time: 5,00 seconds.	[MsgId: MMSG-15948]
Action.c(86): Notify: Transaction "Choose_reservation" started.	[MsgId: MMSG-16999]
Action.c(88): web_reg_save_param started  	[MsgId: MMSG-26355]
Action.c(88): Registering web_reg_save_param was successful  	[MsgId: MMSG-26390]
Action.c(93): web_submit_form("itinerary.pl") started  	[MsgId: MMSG-26355]
Action.c(93): Submitting form to "http://localhost:1080/cgi-bin/itinerary.pl", Target Frame=""  	[MsgId: MMSG-27978]
Action.c(93): Error -26377: No match found for the requested parameter "1_FlightID_AfterDelete". Either the specified boundaries were not found in the response or the matched text is longer than current max html parameter size of 256 bytes. The total length of the response is 932 bytes. You can use "web_set_max_html_param_len" to increase the max parameter size.  	[MsgId: MERR-26377]
End auto log messages stack.	[MsgId: MMSG-10544]


Start auto log messages stack - Iteration 69.	[MsgId: MMSG-10545]
Action.c(72): Registered web_reg_find successful for "Text= User wants the intineraries. " (count=1)  	[MsgId: MMSG-26364]
Action.c(72): web_url("Itinerary Button") was successful, 92867 body bytes, 1917 header bytes, 203 chunking overhead bytes  	[MsgId: MMSG-26385]
Action.c(82): Notify: Transaction "Itenerary_click" ended with a "Pass" status (Duration: 16,7163 Wasted Time: 0,0019).	[MsgId: MMSG-16871]
Action.c(84): lr_think_time: 5,00 seconds.	[MsgId: MMSG-15948]
Action.c(86): Notify: Transaction "Choose_reservation" started.	[MsgId: MMSG-16999]
Action.c(88): web_reg_save_param started  	[MsgId: MMSG-26355]
Action.c(88): Registering web_reg_save_param was successful  	[MsgId: MMSG-26390]
Action.c(93): web_submit_form("itinerary.pl") started  	[MsgId: MMSG-26355]
Action.c(93): Submitting form to "http://localhost:1080/cgi-bin/itinerary.pl", Target Frame=""  	[MsgId: MMSG-27978]
Action.c(93): Error -26377: No match found for the requested parameter "1_FlightID_AfterDelete". Either the specified boundaries were not found in the response or the matched text is longer than current max html parameter size of 256 bytes. The total length of the response is 932 bytes. You can use "web_set_max_html_param_len" to increase the max parameter size.  	[MsgId: MERR-26377]
End auto log messages stack.	[MsgId: MMSG-10544]


Start auto log messages stack - Iteration 38.	[MsgId: MMSG-10545]
Action.c(72): Registered web_reg_find successful for "Text= User wants the intineraries. " (count=1)  	[MsgId: MMSG-26364]
Action.c(72): web_url("Itinerary Button") was successful, 81585 body bytes, 1919 header bytes, 179 chunking overhead bytes  	[MsgId: MMSG-26385]
Action.c(82): Notify: Transaction "Itenerary_click" ended with a "Pass" status (Duration: 16,4524 Wasted Time: 0,0037).	[MsgId: MMSG-16871]
Action.c(84): lr_think_time: 5,00 seconds.	[MsgId: MMSG-15948]
Action.c(86): Notify: Transaction "Choose_reservation" started.	[MsgId: MMSG-16999]
Action.c(88): web_reg_save_param started  	[MsgId: MMSG-26355]
Action.c(88): Registering web_reg_save_param was successful  	[MsgId: MMSG-26390]
Action.c(93): web_submit_form("itinerary.pl") started  	[MsgId: MMSG-26355]
Action.c(93): Submitting form to "http://localhost:1080/cgi-bin/itinerary.pl", Target Frame=""  	[MsgId: MMSG-27978]
Action.c(93): Error -26377: No match found for the requested parameter "1_FlightID_AfterDelete". Either the specified boundaries were not found in the response or the matched text is longer than current max html parameter size of 256 bytes. The total length of the response is 932 bytes. You can use "web_set_max_html_param_len" to increase the max parameter size.  	[MsgId: MERR-26377]
End auto log messages stack.	[MsgId: MMSG-10544]


Start auto log messages stack - Iteration 129.	[MsgId: MMSG-10545]
Action.c(72): Registered web_reg_find successful for "Text= User wants the intineraries. " (count=1)  	[MsgId: MMSG-26364]
Action.c(72): web_url("Itinerary Button") was successful, 94007 body bytes, 1917 header bytes, 203 chunking overhead bytes  	[MsgId: MMSG-26385]
Action.c(82): Notify: Transaction "Itenerary_click" ended with a "Pass" status (Duration: 13,3723 Wasted Time: 0,0016).	[MsgId: MMSG-16871]
Action.c(84): lr_think_time: 5,00 seconds.	[MsgId: MMSG-15948]
Action.c(86): Notify: Transaction "Choose_reservation" started.	[MsgId: MMSG-16999]
Action.c(88): web_reg_save_param started  	[MsgId: MMSG-26355]
Action.c(88): Registering web_reg_save_param was successful  	[MsgId: MMSG-26390]
Action.c(93): web_submit_form("itinerary.pl") started  	[MsgId: MMSG-26355]
Action.c(93): Submitting form to "http://localhost:1080/cgi-bin/itinerary.pl", Target Frame=""  	[MsgId: MMSG-27978]
Action.c(93): Error -26377: No match found for the requested parameter "1_FlightID_AfterDelete". Either the specified boundaries were not found in the response or the matched text is longer than current max html parameter size of 256 bytes. The total length of the response is 932 bytes. You can use "web_set_max_html_param_len" to increase the max parameter size.  	[MsgId: MERR-26377]
End auto log messages stack.	[MsgId: MMSG-10544]


Start auto log messages stack - Iteration 99.	[MsgId: MMSG-10545]
Action.c(72): Registered web_reg_find successful for "Text= User wants the intineraries. " (count=1)  	[MsgId: MMSG-26364]
Action.c(72): web_url("Itinerary Button") was successful, 61016 body bytes, 1917 header bytes, 139 chunking overhead bytes  	[MsgId: MMSG-26385]
Action.c(82): Notify: Transaction "Itenerary_click" ended with a "Pass" status (Duration: 3,8487 Wasted Time: 0,0009).	[MsgId: MMSG-16871]
Action.c(84): lr_think_time: 5,00 seconds.	[MsgId: MMSG-15948]
Action.c(86): Notify: Transaction "Choose_reservation" started.	[MsgId: MMSG-16999]
Action.c(88): web_reg_save_param started  	[MsgId: MMSG-26355]
Action.c(88): Registering web_reg_save_param was successful  	[MsgId: MMSG-26390]
Action.c(93): web_submit_form("itinerary.pl") started  	[MsgId: MMSG-26355]
Action.c(93): Submitting form to "http://localhost:1080/cgi-bin/itinerary.pl", Target Frame=""  	[MsgId: MMSG-27978]
Action.c(93): Error -26377: No match found for the requested parameter "1_FlightID_AfterDelete". Either the specified boundaries were not found in the response or the matched text is longer than current max html parameter size of 256 bytes. The total length of the response is 932 bytes. You can use "web_set_max_html_param_len" to increase the max parameter size.  	[MsgId: MERR-26377]
End auto log messages stack.	[MsgId: MMSG-10544]


