Virtual User Script started at: 17.07.2020 17:59:36
Starting action vuser_init.
Web Turbo Replay of LoadRunner 12.55.0 for Windows 10; build 911 (июл 24 2017 19:46:00)  	[MsgId: MMSG-26983]
Run mode: HTML  	[MsgId: MMSG-26993]
Replay user agent: Mozilla/5.0 (Windows NT 10.0; WOW64; rv:40.0) Gecko/20100101 Firefox/40.0  	[MsgId: MMSG-26988]
Run-Time Settings file: "C:\Users\Никита\Desktop\IBS\VuGen\AppLine_LoadRunner\Скрипты\02_Reservation_delete\\default.cfg"  	[MsgId: MMSG-27141]
Ending action vuser_init.
Running Vuser...
Starting iteration 1.
Maximum number of concurrent connections per server: 6  	[MsgId: MMSG-26989]
Starting action Action.
Action.c(3): Notify: Transaction "02_Reservation_delete" started.
Action.c(5): Notify: Transaction "open_site" started.
Action.c(7): web_set_sockets_option started  	[MsgId: MMSG-26355]
Action.c(7): web_set_sockets_option was successful  	[MsgId: MMSG-26392]
Action.c(9): web_url("WebTours") started  	[MsgId: MMSG-26355]
Action.c(9): Detected non-resource "http://localhost:1080/WebTours/header.html" in "http://localhost:1080/WebTours/"  	[MsgId: MMSG-26574]
Action.c(9): Detected non-resource "http://localhost:1080/cgi-bin/welcome.pl?signOff=true" in "http://localhost:1080/WebTours/"  	[MsgId: MMSG-26574]
Action.c(9): Found resource "http://localhost:1080/WebTours/images/hp_logo.png" in HTML "http://localhost:1080/WebTours/header.html"  	[MsgId: MMSG-26659]
Action.c(9): Found resource "http://localhost:1080/WebTours/images/webtours.png" in HTML "http://localhost:1080/WebTours/header.html"  	[MsgId: MMSG-26659]
Action.c(9): Detected non-resource "http://localhost:1080/cgi-bin/nav.pl?in=home" in "http://localhost:1080/cgi-bin/welcome.pl?signOff=true"  	[MsgId: MMSG-26574]
Action.c(9): Detected non-resource "http://localhost:1080/WebTours/home.html" in "http://localhost:1080/cgi-bin/welcome.pl?signOff=true"  	[MsgId: MMSG-26574]
Action.c(9): Found resource "http://localhost:1080/WebTours/images/mer_login.gif" in HTML "http://localhost:1080/cgi-bin/nav.pl?in=home"  	[MsgId: MMSG-26659]
Action.c(9): web_url("WebTours") was successful, 10080 body bytes, 2371 header bytes, 24 chunking overhead bytes  	[MsgId: MMSG-26385]
Action.c(18): web_url("header.html") started  	[MsgId: MMSG-26355]
Action.c(18): Retrieving data from cache for "http://localhost:1080/WebTours/header.html"  	[MsgId: MMSG-26558]
Action.c(18): Resource "http://localhost:1080/WebTours/images/hp_logo.png" is in the cache already and will not be downloaded again  	[MsgId: MMSG-26655]
Action.c(18): Resource "http://localhost:1080/WebTours/images/webtours.png" is in the cache already and will not be downloaded again  	[MsgId: MMSG-26655]
Action.c(18): web_url("header.html") was successful, 0 body bytes, 0 header bytes  	[MsgId: MMSG-26386]
Action.c(27): web_reg_save_param_ex started  	[MsgId: MMSG-26355]
Action.c(27): Registering web_reg_save_param_ex was successful  	[MsgId: MMSG-26390]
Action.c(34): web_reg_find started  	[MsgId: MMSG-26355]
Action.c(34): Registering web_reg_find was successful  	[MsgId: MMSG-26390]
Action.c(37): web_url("welcome.pl") started  	[MsgId: MMSG-26355]
Action.c(37): Detected non-resource "http://localhost:1080/cgi-bin/nav.pl?in=home" in "http://localhost:1080/cgi-bin/welcome.pl?signOff=true"  	[MsgId: MMSG-26574]
Action.c(37): Detected non-resource "http://localhost:1080/WebTours/home.html" in "http://localhost:1080/cgi-bin/welcome.pl?signOff=true"  	[MsgId: MMSG-26574]
Action.c(37): Retrieving data from cache for "http://localhost:1080/WebTours/home.html"  	[MsgId: MMSG-26558]
Action.c(37): Resource "http://localhost:1080/WebTours/images/mer_login.gif" is in the cache already and will not be downloaded again  	[MsgId: MMSG-26655]
Action.c(37): Registered web_reg_find successful for "Text=A Session ID has been created and loaded into" (count=1)  	[MsgId: MMSG-26364]
Action.c(37): web_url("welcome.pl") was successful, 2176 body bytes, 582 header bytes, 24 chunking overhead bytes  	[MsgId: MMSG-26385]
Action.c(47): Notify: Transaction "open_site" ended with a "Pass" status (Duration: 1.1360 Wasted Time: 0.3614).
Action.c(50): Notify: Transaction "Login" started.
Action.c(53): web_reg_find started  	[MsgId: MMSG-26355]
Action.c(53): Registering web_reg_find was successful  	[MsgId: MMSG-26390]
Action.c(56): web_submit_data("login.pl") started  	[MsgId: MMSG-26355]
Action.c(56): Detected non-resource "http://localhost:1080/cgi-bin/nav.pl?page=menu&in=home" in "http://localhost:1080/cgi-bin/login.pl"  	[MsgId: MMSG-26574]
Action.c(56): Detected non-resource "http://localhost:1080/cgi-bin/login.pl?intro=true" in "http://localhost:1080/cgi-bin/login.pl"  	[MsgId: MMSG-26574]
Action.c(56): Found resource "http://localhost:1080/WebTours/images/flights.gif" in HTML "http://localhost:1080/cgi-bin/nav.pl?page=menu&in=home"  	[MsgId: MMSG-26659]
Action.c(56): Found resource "http://localhost:1080/WebTours/images/itinerary.gif" in HTML "http://localhost:1080/cgi-bin/nav.pl?page=menu&in=home"  	[MsgId: MMSG-26659]
Action.c(56): Found resource "http://localhost:1080/WebTours/images/in_home.gif" in HTML "http://localhost:1080/cgi-bin/nav.pl?page=menu&in=home"  	[MsgId: MMSG-26659]
Action.c(56): Found resource "http://localhost:1080/WebTours/images/signoff.gif" in HTML "http://localhost:1080/cgi-bin/nav.pl?page=menu&in=home"  	[MsgId: MMSG-26659]
Action.c(56): Registered web_reg_find successful for "Text=User password was correct" (count=1)  	[MsgId: MMSG-26364]
Action.c(56): web_submit_data("login.pl") was successful, 5779 body bytes, 2056 header bytes, 36 chunking overhead bytes  	[MsgId: MMSG-26385]
Action.c(73): Notify: Transaction "Login" ended with a "Pass" status (Duration: 0.5005 Wasted Time: 0.1342).
Action.c(77): Notify: Transaction "Itenerary_click" started.
Action.c(80): web_reg_find started  	[MsgId: MMSG-26355]
Action.c(80): Registering web_reg_find was successful  	[MsgId: MMSG-26390]
Action.c(83): web_url("Itinerary Button") started  	[MsgId: MMSG-26355]
Action.c(83): Detected non-resource "http://localhost:1080/cgi-bin/nav.pl?page=menu&in=itinerary" in "http://localhost:1080/cgi-bin/welcome.pl?page=itinerary"  	[MsgId: MMSG-26574]
Action.c(83): Detected non-resource "http://localhost:1080/cgi-bin/itinerary.pl" in "http://localhost:1080/cgi-bin/welcome.pl?page=itinerary"  	[MsgId: MMSG-26574]
Action.c(83): Resource "http://localhost:1080/WebTours/images/flights.gif" is in the cache already and will not be downloaded again  	[MsgId: MMSG-26655]
Action.c(83): Found resource "http://localhost:1080/WebTours/images/in_itinerary.gif" in HTML "http://localhost:1080/cgi-bin/nav.pl?page=menu&in=itinerary"  	[MsgId: MMSG-26659]
Action.c(83): Found resource "http://localhost:1080/WebTours/images/home.gif" in HTML "http://localhost:1080/cgi-bin/nav.pl?page=menu&in=itinerary"  	[MsgId: MMSG-26659]
Action.c(83): Resource "http://localhost:1080/WebTours/images/signoff.gif" is in the cache already and will not be downloaded again  	[MsgId: MMSG-26655]
Action.c(83): Found resource "http://localhost:1080/WebTours/images/cancelreservation.gif" in HTML "http://localhost:1080/cgi-bin/itinerary.pl"  	[MsgId: MMSG-26659]
Action.c(83): Found resource "http://localhost:1080/WebTours/images/cancelallreservations.gif" in HTML "http://localhost:1080/cgi-bin/itinerary.pl"  	[MsgId: MMSG-26659]
Action.c(83): Registered web_reg_find successful for "Text= User wants the intineraries. " (count=1)  	[MsgId: MMSG-26364]
Action.c(83): web_url("Itinerary Button") was successful, 16756 body bytes, 1913 header bytes, 51 chunking overhead bytes  	[MsgId: MMSG-26385]
Action.c(93): Notify: Transaction "Itenerary_click" ended with a "Pass" status (Duration: 0.4446 Wasted Time: 0.1006).
Action.c(97): Notify: Transaction "Choose_reservation" started.
Action.c(100): web_reg_find started  	[MsgId: MMSG-26355]
Action.c(100): Registering web_reg_find was successful  	[MsgId: MMSG-26390]
Action.c(103): web_submit_form("itinerary.pl") started  	[MsgId: MMSG-26355]
Action.c(103): Submitting form to "http://localhost:1080/cgi-bin/itinerary.pl", Target Frame=""  	[MsgId: MMSG-27978]
Action.c(103): Resource "http://localhost:1080/WebTours/images/cancelreservation.gif" is in the cache already and will not be downloaded again  	[MsgId: MMSG-26655]
Action.c(103): Resource "http://localhost:1080/WebTours/images/cancelallreservations.gif" is in the cache already and will not be downloaded again  	[MsgId: MMSG-26655]
Action.c(103): Registered web_reg_find successful for "Text=Flights List" (count=1)  	[MsgId: MMSG-26364]
Action.c(103): web_submit_form("itinerary.pl") was successful, 10551 body bytes, 255 header bytes, 27 chunking overhead bytes  	[MsgId: MMSG-26385]
Action.c(111): Notify: Transaction "Choose_reservation" ended with a "Pass" status (Duration: 0.3215 Wasted Time: 0.0579).
Action.c(115): Notify: Transaction "Logout" started.
Action.c(118): web_reg_find started  	[MsgId: MMSG-26355]
Action.c(118): Registering web_reg_find was successful  	[MsgId: MMSG-26390]
Action.c(121): web_url("SignOff Button") started  	[MsgId: MMSG-26355]
Action.c(121): Detected non-resource "http://localhost:1080/cgi-bin/nav.pl?in=home" in "http://localhost:1080/cgi-bin/welcome.pl?signOff=1"  	[MsgId: MMSG-26574]
Action.c(121): Detected non-resource "http://localhost:1080/WebTours/home.html" in "http://localhost:1080/cgi-bin/welcome.pl?signOff=1"  	[MsgId: MMSG-26574]
Action.c(121): Retrieving data from cache for "http://localhost:1080/WebTours/home.html"  	[MsgId: MMSG-26558]
Action.c(121): Resource "http://localhost:1080/WebTours/images/mer_login.gif" is in the cache already and will not be downloaded again  	[MsgId: MMSG-26655]
Action.c(121): Registered web_reg_find successful for "Text= A Session ID has been created and loaded into " (count=1)  	[MsgId: MMSG-26364]
Action.c(121): web_url("SignOff Button") was successful, 2174 body bytes, 582 header bytes, 24 chunking overhead bytes  	[MsgId: MMSG-26385]
Action.c(131): Notify: Transaction "Logout" ended with a "Pass" status (Duration: 0.4016 Wasted Time: 0.0936).
Action.c(133): Notify: Transaction "02_Reservation_delete" ended with a "Pass" status (Duration: 3.4109 Wasted Time: 0.7478).
Ending action Action.
Ending iteration 1.
Ending Vuser...
Starting action vuser_end.
Ending action vuser_end.
Vuser Terminated.
