Start auto log messages stack - Iteration 1.	[MsgId: MMSG-10545]
Action.c(83): Registered web_reg_find successful for "Text= User wants the intineraries. " (count=1)  	[MsgId: MMSG-26364]
Action.c(83): web_url("Itinerary Button") was successful, 4381 body bytes, 1323 header bytes, 36 chunking overhead bytes  	[MsgId: MMSG-26385]
Action.c(93): Notify: Transaction "Itenerary_click" ended with a "Pass" status (Duration: 0,4538 Wasted Time: 0,0000).	[MsgId: MMSG-16871]
Action.c(95): lr_think_time: 5,00 seconds.	[MsgId: MMSG-15948]
Action.c(97): Notify: Transaction "Choose_reservation" started.	[MsgId: MMSG-16999]
Action.c(100): web_reg_find started  	[MsgId: MMSG-26355]
Action.c(100): Registering web_reg_find was successful  	[MsgId: MMSG-26390]
Action.c(103): web_submit_form("itinerary.pl") started  	[MsgId: MMSG-26355]
Action.c(103): Error -27979: Requested form not found  	[MsgId: MERR-27979]
End auto log messages stack.	[MsgId: MMSG-10544]


Start auto log messages stack - Iteration 1.	[MsgId: MMSG-10545]
Action.c(103): Warning -26379: Pending web_reg_save_param/web_reg_find/web_create_html_param/web_create_html_param_ex request(s) are deleted and will be handled as "not found"  	[MsgId: MWAR-26379]
Action.c(103): Error -26366: "Text=Flights List" not found for web_reg_find  	[MsgId: MERR-26366]
Action.c(103): Error -26374: The above "not found" error(s) may be explained by header and body byte counts being 0 and 0, respectively.  	[MsgId: MERR-26374]
End auto log messages stack.	[MsgId: MMSG-10544]


Start auto log messages stack - Iteration 1.	[MsgId: MMSG-10545]
Action.c(83): Registered web_reg_find successful for "Text= User wants the intineraries. " (count=1)  	[MsgId: MMSG-26364]
Action.c(83): web_url("Itinerary Button") was successful, 4381 body bytes, 1323 header bytes, 36 chunking overhead bytes  	[MsgId: MMSG-26385]
Action.c(93): Notify: Transaction "Itenerary_click" ended with a "Pass" status (Duration: 0,4347 Wasted Time: 0,0000).	[MsgId: MMSG-16871]
Action.c(95): lr_think_time: 5,00 seconds.	[MsgId: MMSG-15948]
Action.c(97): Notify: Transaction "Choose_reservation" started.	[MsgId: MMSG-16999]
Action.c(100): web_reg_find started  	[MsgId: MMSG-26355]
Action.c(100): Registering web_reg_find was successful  	[MsgId: MMSG-26390]
Action.c(103): web_submit_form("itinerary.pl") started  	[MsgId: MMSG-26355]
Action.c(103): Error -27979: Requested form not found  	[MsgId: MERR-27979]
End auto log messages stack.	[MsgId: MMSG-10544]


Start auto log messages stack - Iteration 1.	[MsgId: MMSG-10545]
Action.c(103): Warning -26379: Pending web_reg_save_param/web_reg_find/web_create_html_param/web_create_html_param_ex request(s) are deleted and will be handled as "not found"  	[MsgId: MWAR-26379]
Action.c(103): Error -26366: "Text=Flights List" not found for web_reg_find  	[MsgId: MERR-26366]
Action.c(103): Error -26374: The above "not found" error(s) may be explained by header and body byte counts being 0 and 0, respectively.  	[MsgId: MERR-26374]
End auto log messages stack.	[MsgId: MMSG-10544]


Start auto log messages stack - Iteration 2.	[MsgId: MMSG-10545]
Action.c(83): Registered web_reg_find successful for "Text= User wants the intineraries. " (count=1)  	[MsgId: MMSG-26364]
Action.c(83): web_url("Itinerary Button") was successful, 4381 body bytes, 1323 header bytes, 36 chunking overhead bytes  	[MsgId: MMSG-26385]
Action.c(93): Notify: Transaction "Itenerary_click" ended with a "Pass" status (Duration: 0,3626 Wasted Time: 0,0001).	[MsgId: MMSG-16871]
Action.c(95): lr_think_time: 5,00 seconds.	[MsgId: MMSG-15948]
Action.c(97): Notify: Transaction "Choose_reservation" started.	[MsgId: MMSG-16999]
Action.c(100): web_reg_find started  	[MsgId: MMSG-26355]
Action.c(100): Registering web_reg_find was successful  	[MsgId: MMSG-26390]
Action.c(103): web_submit_form("itinerary.pl") started  	[MsgId: MMSG-26355]
Action.c(103): Error -27979: Requested form not found  	[MsgId: MERR-27979]
Action.c(103): Error -26366: "Text=Flights List" not found for web_reg_find  	[MsgId: MERR-26366]
Action.c(103): Error -26374: The above "not found" error(s) may be explained by header and body byte counts being 0 and 0, respectively.  	[MsgId: MERR-26374]
End auto log messages stack.	[MsgId: MMSG-10544]


Start auto log messages stack - Iteration 2.	[MsgId: MMSG-10545]
Action.c(83): Registered web_reg_find successful for "Text= User wants the intineraries. " (count=1)  	[MsgId: MMSG-26364]
Action.c(83): web_url("Itinerary Button") was successful, 4381 body bytes, 1322 header bytes, 36 chunking overhead bytes  	[MsgId: MMSG-26385]
Action.c(93): Notify: Transaction "Itenerary_click" ended with a "Pass" status (Duration: 0,4676 Wasted Time: 0,0000).	[MsgId: MMSG-16871]
Action.c(95): lr_think_time: 5,00 seconds.	[MsgId: MMSG-15948]
Action.c(97): Notify: Transaction "Choose_reservation" started.	[MsgId: MMSG-16999]
Action.c(100): web_reg_find started  	[MsgId: MMSG-26355]
Action.c(100): Registering web_reg_find was successful  	[MsgId: MMSG-26390]
Action.c(103): web_submit_form("itinerary.pl") started  	[MsgId: MMSG-26355]
Action.c(103): Error -27979: Requested form not found  	[MsgId: MERR-27979]
Action.c(103): Error -26366: "Text=Flights List" not found for web_reg_find  	[MsgId: MERR-26366]
Action.c(103): Error -26374: The above "not found" error(s) may be explained by header and body byte counts being 0 and 0, respectively.  	[MsgId: MERR-26374]
End auto log messages stack.	[MsgId: MMSG-10544]


Start auto log messages stack - Iteration 3.	[MsgId: MMSG-10545]
Action.c(83): Registered web_reg_find successful for "Text= User wants the intineraries. " (count=1)  	[MsgId: MMSG-26364]
Action.c(83): web_url("Itinerary Button") was successful, 4381 body bytes, 1323 header bytes, 36 chunking overhead bytes  	[MsgId: MMSG-26385]
Action.c(93): Notify: Transaction "Itenerary_click" ended with a "Pass" status (Duration: 0,2462 Wasted Time: 0,0000).	[MsgId: MMSG-16871]
Action.c(95): lr_think_time: 5,00 seconds.	[MsgId: MMSG-15948]
Action.c(97): Notify: Transaction "Choose_reservation" started.	[MsgId: MMSG-16999]
Action.c(100): web_reg_find started  	[MsgId: MMSG-26355]
Action.c(100): Registering web_reg_find was successful  	[MsgId: MMSG-26390]
Action.c(103): web_submit_form("itinerary.pl") started  	[MsgId: MMSG-26355]
Action.c(103): Error -27979: Requested form not found  	[MsgId: MERR-27979]
Action.c(103): Error -26366: "Text=Flights List" not found for web_reg_find  	[MsgId: MERR-26366]
Action.c(103): Error -26374: The above "not found" error(s) may be explained by header and body byte counts being 0 and 0, respectively.  	[MsgId: MERR-26374]
End auto log messages stack.	[MsgId: MMSG-10544]


Start auto log messages stack - Iteration 3.	[MsgId: MMSG-10545]
Action.c(83): Registered web_reg_find successful for "Text= User wants the intineraries. " (count=1)  	[MsgId: MMSG-26364]
Action.c(83): web_url("Itinerary Button") was successful, 4381 body bytes, 1323 header bytes, 36 chunking overhead bytes  	[MsgId: MMSG-26385]
Action.c(93): Notify: Transaction "Itenerary_click" ended with a "Pass" status (Duration: 0,3021 Wasted Time: 0,0014).	[MsgId: MMSG-16871]
Action.c(95): lr_think_time: 5,00 seconds.	[MsgId: MMSG-15948]
Action.c(97): Notify: Transaction "Choose_reservation" started.	[MsgId: MMSG-16999]
Action.c(100): web_reg_find started  	[MsgId: MMSG-26355]
Action.c(100): Registering web_reg_find was successful  	[MsgId: MMSG-26390]
Action.c(103): web_submit_form("itinerary.pl") started  	[MsgId: MMSG-26355]
Action.c(103): Error -27979: Requested form not found  	[MsgId: MERR-27979]
Action.c(103): Error -26366: "Text=Flights List" not found for web_reg_find  	[MsgId: MERR-26366]
Action.c(103): Error -26374: The above "not found" error(s) may be explained by header and body byte counts being 0 and 0, respectively.  	[MsgId: MERR-26374]
End auto log messages stack.	[MsgId: MMSG-10544]


Start auto log messages stack - Iteration 4.	[MsgId: MMSG-10545]
Action.c(83): Registered web_reg_find successful for "Text= User wants the intineraries. " (count=1)  	[MsgId: MMSG-26364]
Action.c(83): web_url("Itinerary Button") was successful, 4381 body bytes, 1323 header bytes, 36 chunking overhead bytes  	[MsgId: MMSG-26385]
Action.c(93): Notify: Transaction "Itenerary_click" ended with a "Pass" status (Duration: 0,1977 Wasted Time: 0,0001).	[MsgId: MMSG-16871]
Action.c(95): lr_think_time: 5,00 seconds.	[MsgId: MMSG-15948]
Action.c(97): Notify: Transaction "Choose_reservation" started.	[MsgId: MMSG-16999]
Action.c(100): web_reg_find started  	[MsgId: MMSG-26355]
Action.c(100): Registering web_reg_find was successful  	[MsgId: MMSG-26390]
Action.c(103): web_submit_form("itinerary.pl") started  	[MsgId: MMSG-26355]
Action.c(103): Error -27979: Requested form not found  	[MsgId: MERR-27979]
Action.c(103): Error -26366: "Text=Flights List" not found for web_reg_find  	[MsgId: MERR-26366]
Action.c(103): Error -26374: The above "not found" error(s) may be explained by header and body byte counts being 0 and 0, respectively.  	[MsgId: MERR-26374]
End auto log messages stack.	[MsgId: MMSG-10544]


Start auto log messages stack - Iteration 4.	[MsgId: MMSG-10545]
Action.c(83): Registered web_reg_find successful for "Text= User wants the intineraries. " (count=1)  	[MsgId: MMSG-26364]
Action.c(83): web_url("Itinerary Button") was successful, 4381 body bytes, 1323 header bytes, 36 chunking overhead bytes  	[MsgId: MMSG-26385]
Action.c(93): Notify: Transaction "Itenerary_click" ended with a "Pass" status (Duration: 0,2208 Wasted Time: 0,0000).	[MsgId: MMSG-16871]
Action.c(95): lr_think_time: 5,00 seconds.	[MsgId: MMSG-15948]
Action.c(97): Notify: Transaction "Choose_reservation" started.	[MsgId: MMSG-16999]
Action.c(100): web_reg_find started  	[MsgId: MMSG-26355]
Action.c(100): Registering web_reg_find was successful  	[MsgId: MMSG-26390]
Action.c(103): web_submit_form("itinerary.pl") started  	[MsgId: MMSG-26355]
Action.c(103): Error -27979: Requested form not found  	[MsgId: MERR-27979]
Action.c(103): Error -26366: "Text=Flights List" not found for web_reg_find  	[MsgId: MERR-26366]
Action.c(103): Error -26374: The above "not found" error(s) may be explained by header and body byte counts being 0 and 0, respectively.  	[MsgId: MERR-26374]
End auto log messages stack.	[MsgId: MMSG-10544]


Start auto log messages stack - Iteration 5.	[MsgId: MMSG-10545]
Action.c(83): Registered web_reg_find successful for "Text= User wants the intineraries. " (count=1)  	[MsgId: MMSG-26364]
Action.c(83): web_url("Itinerary Button") was successful, 4381 body bytes, 1322 header bytes, 36 chunking overhead bytes  	[MsgId: MMSG-26385]
Action.c(93): Notify: Transaction "Itenerary_click" ended with a "Pass" status (Duration: 0,2205 Wasted Time: 0,0000).	[MsgId: MMSG-16871]
Action.c(95): lr_think_time: 5,00 seconds.	[MsgId: MMSG-15948]
Action.c(97): Notify: Transaction "Choose_reservation" started.	[MsgId: MMSG-16999]
Action.c(100): web_reg_find started  	[MsgId: MMSG-26355]
Action.c(100): Registering web_reg_find was successful  	[MsgId: MMSG-26390]
Action.c(103): web_submit_form("itinerary.pl") started  	[MsgId: MMSG-26355]
Action.c(103): Error -27979: Requested form not found  	[MsgId: MERR-27979]
Action.c(103): Error -26366: "Text=Flights List" not found for web_reg_find  	[MsgId: MERR-26366]
Action.c(103): Error -26374: The above "not found" error(s) may be explained by header and body byte counts being 0 and 0, respectively.  	[MsgId: MERR-26374]
End auto log messages stack.	[MsgId: MMSG-10544]


Start auto log messages stack - Iteration 5.	[MsgId: MMSG-10545]
Action.c(83): Registered web_reg_find successful for "Text= User wants the intineraries. " (count=1)  	[MsgId: MMSG-26364]
Action.c(83): web_url("Itinerary Button") was successful, 4381 body bytes, 1323 header bytes, 36 chunking overhead bytes  	[MsgId: MMSG-26385]
Action.c(93): Notify: Transaction "Itenerary_click" ended with a "Pass" status (Duration: 0,2423 Wasted Time: 0,0001).	[MsgId: MMSG-16871]
Action.c(95): lr_think_time: 5,00 seconds.	[MsgId: MMSG-15948]
Action.c(97): Notify: Transaction "Choose_reservation" started.	[MsgId: MMSG-16999]
Action.c(100): web_reg_find started  	[MsgId: MMSG-26355]
Action.c(100): Registering web_reg_find was successful  	[MsgId: MMSG-26390]
Action.c(103): web_submit_form("itinerary.pl") started  	[MsgId: MMSG-26355]
Action.c(103): Error -27979: Requested form not found  	[MsgId: MERR-27979]
Action.c(103): Error -26366: "Text=Flights List" not found for web_reg_find  	[MsgId: MERR-26366]
Action.c(103): Error -26374: The above "not found" error(s) may be explained by header and body byte counts being 0 and 0, respectively.  	[MsgId: MERR-26374]
End auto log messages stack.	[MsgId: MMSG-10544]


Start auto log messages stack - Iteration 6.	[MsgId: MMSG-10545]
Action.c(83): Registered web_reg_find successful for "Text= User wants the intineraries. " (count=1)  	[MsgId: MMSG-26364]
Action.c(83): web_url("Itinerary Button") was successful, 4381 body bytes, 1323 header bytes, 36 chunking overhead bytes  	[MsgId: MMSG-26385]
Action.c(93): Notify: Transaction "Itenerary_click" ended with a "Pass" status (Duration: 0,2022 Wasted Time: 0,0000).	[MsgId: MMSG-16871]
Action.c(95): lr_think_time: 5,00 seconds.	[MsgId: MMSG-15948]
Action.c(97): Notify: Transaction "Choose_reservation" started.	[MsgId: MMSG-16999]
Action.c(100): web_reg_find started  	[MsgId: MMSG-26355]
Action.c(100): Registering web_reg_find was successful  	[MsgId: MMSG-26390]
Action.c(103): web_submit_form("itinerary.pl") started  	[MsgId: MMSG-26355]
Action.c(103): Error -27979: Requested form not found  	[MsgId: MERR-27979]
Action.c(103): Error -26366: "Text=Flights List" not found for web_reg_find  	[MsgId: MERR-26366]
Action.c(103): Error -26374: The above "not found" error(s) may be explained by header and body byte counts being 0 and 0, respectively.  	[MsgId: MERR-26374]
End auto log messages stack.	[MsgId: MMSG-10544]


Start auto log messages stack - Iteration 6.	[MsgId: MMSG-10545]
Action.c(83): Registered web_reg_find successful for "Text= User wants the intineraries. " (count=1)  	[MsgId: MMSG-26364]
Action.c(83): web_url("Itinerary Button") was successful, 4381 body bytes, 1323 header bytes, 36 chunking overhead bytes  	[MsgId: MMSG-26385]
Action.c(93): Notify: Transaction "Itenerary_click" ended with a "Pass" status (Duration: 0,2757 Wasted Time: 0,0001).	[MsgId: MMSG-16871]
Action.c(95): lr_think_time: 5,00 seconds.	[MsgId: MMSG-15948]
Action.c(97): Notify: Transaction "Choose_reservation" started.	[MsgId: MMSG-16999]
Action.c(100): web_reg_find started  	[MsgId: MMSG-26355]
Action.c(100): Registering web_reg_find was successful  	[MsgId: MMSG-26390]
Action.c(103): web_submit_form("itinerary.pl") started  	[MsgId: MMSG-26355]
Action.c(103): Error -27979: Requested form not found  	[MsgId: MERR-27979]
Action.c(103): Error -26366: "Text=Flights List" not found for web_reg_find  	[MsgId: MERR-26366]
Action.c(103): Error -26374: The above "not found" error(s) may be explained by header and body byte counts being 0 and 0, respectively.  	[MsgId: MERR-26374]
End auto log messages stack.	[MsgId: MMSG-10544]


Start auto log messages stack - Iteration 7.	[MsgId: MMSG-10545]
Action.c(83): Registered web_reg_find successful for "Text= User wants the intineraries. " (count=1)  	[MsgId: MMSG-26364]
Action.c(83): web_url("Itinerary Button") was successful, 4381 body bytes, 1323 header bytes, 36 chunking overhead bytes  	[MsgId: MMSG-26385]
Action.c(93): Notify: Transaction "Itenerary_click" ended with a "Pass" status (Duration: 0,1852 Wasted Time: 0,0000).	[MsgId: MMSG-16871]
Action.c(95): lr_think_time: 5,00 seconds.	[MsgId: MMSG-15948]
Action.c(97): Notify: Transaction "Choose_reservation" started.	[MsgId: MMSG-16999]
Action.c(100): web_reg_find started  	[MsgId: MMSG-26355]
Action.c(100): Registering web_reg_find was successful  	[MsgId: MMSG-26390]
Action.c(103): web_submit_form("itinerary.pl") started  	[MsgId: MMSG-26355]
Action.c(103): Error -27979: Requested form not found  	[MsgId: MERR-27979]
Action.c(103): Error -26366: "Text=Flights List" not found for web_reg_find  	[MsgId: MERR-26366]
Action.c(103): Error -26374: The above "not found" error(s) may be explained by header and body byte counts being 0 and 0, respectively.  	[MsgId: MERR-26374]
End auto log messages stack.	[MsgId: MMSG-10544]


Start auto log messages stack - Iteration 7.	[MsgId: MMSG-10545]
Action.c(83): Registered web_reg_find successful for "Text= User wants the intineraries. " (count=1)  	[MsgId: MMSG-26364]
Action.c(83): web_url("Itinerary Button") was successful, 4381 body bytes, 1323 header bytes, 36 chunking overhead bytes  	[MsgId: MMSG-26385]
Action.c(93): Notify: Transaction "Itenerary_click" ended with a "Pass" status (Duration: 0,2041 Wasted Time: 0,0001).	[MsgId: MMSG-16871]
Action.c(95): lr_think_time: 5,00 seconds.	[MsgId: MMSG-15948]
Action.c(97): Notify: Transaction "Choose_reservation" started.	[MsgId: MMSG-16999]
Action.c(100): web_reg_find started  	[MsgId: MMSG-26355]
Action.c(100): Registering web_reg_find was successful  	[MsgId: MMSG-26390]
Action.c(103): web_submit_form("itinerary.pl") started  	[MsgId: MMSG-26355]
Action.c(103): Error -27979: Requested form not found  	[MsgId: MERR-27979]
Action.c(103): Error -26366: "Text=Flights List" not found for web_reg_find  	[MsgId: MERR-26366]
Action.c(103): Error -26374: The above "not found" error(s) may be explained by header and body byte counts being 0 and 0, respectively.  	[MsgId: MERR-26374]
End auto log messages stack.	[MsgId: MMSG-10544]


Start auto log messages stack - Iteration 8.	[MsgId: MMSG-10545]
Action.c(83): Registered web_reg_find successful for "Text= User wants the intineraries. " (count=1)  	[MsgId: MMSG-26364]
Action.c(83): web_url("Itinerary Button") was successful, 4381 body bytes, 1323 header bytes, 36 chunking overhead bytes  	[MsgId: MMSG-26385]
Action.c(93): Notify: Transaction "Itenerary_click" ended with a "Pass" status (Duration: 0,1898 Wasted Time: 0,0000).	[MsgId: MMSG-16871]
Action.c(95): lr_think_time: 5,00 seconds.	[MsgId: MMSG-15948]
Action.c(97): Notify: Transaction "Choose_reservation" started.	[MsgId: MMSG-16999]
Action.c(100): web_reg_find started  	[MsgId: MMSG-26355]
Action.c(100): Registering web_reg_find was successful  	[MsgId: MMSG-26390]
Action.c(103): web_submit_form("itinerary.pl") started  	[MsgId: MMSG-26355]
Action.c(103): Error -27979: Requested form not found  	[MsgId: MERR-27979]
Action.c(103): Error -26366: "Text=Flights List" not found for web_reg_find  	[MsgId: MERR-26366]
Action.c(103): Error -26374: The above "not found" error(s) may be explained by header and body byte counts being 0 and 0, respectively.  	[MsgId: MERR-26374]
End auto log messages stack.	[MsgId: MMSG-10544]


Start auto log messages stack - Iteration 8.	[MsgId: MMSG-10545]
Action.c(83): Registered web_reg_find successful for "Text= User wants the intineraries. " (count=1)  	[MsgId: MMSG-26364]
Action.c(83): web_url("Itinerary Button") was successful, 4381 body bytes, 1323 header bytes, 36 chunking overhead bytes  	[MsgId: MMSG-26385]
Action.c(93): Notify: Transaction "Itenerary_click" ended with a "Pass" status (Duration: 0,2097 Wasted Time: 0,0001).	[MsgId: MMSG-16871]
Action.c(95): lr_think_time: 5,00 seconds.	[MsgId: MMSG-15948]
Action.c(97): Notify: Transaction "Choose_reservation" started.	[MsgId: MMSG-16999]
Action.c(100): web_reg_find started  	[MsgId: MMSG-26355]
Action.c(100): Registering web_reg_find was successful  	[MsgId: MMSG-26390]
Action.c(103): web_submit_form("itinerary.pl") started  	[MsgId: MMSG-26355]
Action.c(103): Error -27979: Requested form not found  	[MsgId: MERR-27979]
Action.c(103): Error -26366: "Text=Flights List" not found for web_reg_find  	[MsgId: MERR-26366]
Action.c(103): Error -26374: The above "not found" error(s) may be explained by header and body byte counts being 0 and 0, respectively.  	[MsgId: MERR-26374]
End auto log messages stack.	[MsgId: MMSG-10544]


