Start auto log messages stack - Iteration 6.	[MsgId: MMSG-10545]
Action.c(73): Registered web_reg_find successful for "Text= User wants the intineraries. " (count=1)  	[MsgId: MMSG-26364]
Action.c(73): web_url("Itinerary Button") was successful, 99842 body bytes, 1917 header bytes, 219 chunking overhead bytes  	[MsgId: MMSG-26385]
Action.c(83): Notify: Transaction "Itenerary_click" ended with a "Pass" status (Duration: 0,2355 Wasted Time: 0,0015).	[MsgId: MMSG-16871]
Action.c(85): lr_think_time: 5,00 seconds.	[MsgId: MMSG-15948]
Action.c(87): Notify: Transaction "Choose_reservation" started.	[MsgId: MMSG-16999]
Action.c(89): web_reg_save_param started  	[MsgId: MMSG-26355]
Action.c(89): Registering web_reg_save_param was successful  	[MsgId: MMSG-26390]
Action.c(94): web_submit_form("itinerary.pl") started  	[MsgId: MMSG-26355]
Action.c(94): Submitting form to "http://localhost:1080/cgi-bin/itinerary.pl", Target Frame=""  	[MsgId: MMSG-27978]
Action.c(94): Error -26377: No match found for the requested parameter "1_FlightID_AfterDelete". Either the specified boundaries were not found in the response or the matched text is longer than current max html parameter size of 256 bytes. The total length of the response is 932 bytes. You can use "web_set_max_html_param_len" to increase the max parameter size.  	[MsgId: MERR-26377]
End auto log messages stack.	[MsgId: MMSG-10544]


Start auto log messages stack - Iteration 9.	[MsgId: MMSG-10545]
Action.c(73): Registered web_reg_find successful for "Text= User wants the intineraries. " (count=1)  	[MsgId: MMSG-26364]
Action.c(73): web_url("Itinerary Button") was successful, 95232 body bytes, 1917 header bytes, 210 chunking overhead bytes  	[MsgId: MMSG-26385]
Action.c(83): Notify: Transaction "Itenerary_click" ended with a "Pass" status (Duration: 0,2132 Wasted Time: 0,0013).	[MsgId: MMSG-16871]
Action.c(85): lr_think_time: 5,00 seconds.	[MsgId: MMSG-15948]
Action.c(87): Notify: Transaction "Choose_reservation" started.	[MsgId: MMSG-16999]
Action.c(89): web_reg_save_param started  	[MsgId: MMSG-26355]
Action.c(89): Registering web_reg_save_param was successful  	[MsgId: MMSG-26390]
Action.c(94): web_submit_form("itinerary.pl") started  	[MsgId: MMSG-26355]
Action.c(94): Submitting form to "http://localhost:1080/cgi-bin/itinerary.pl", Target Frame=""  	[MsgId: MMSG-27978]
Action.c(94): Error -26377: No match found for the requested parameter "1_FlightID_AfterDelete". Either the specified boundaries were not found in the response or the matched text is longer than current max html parameter size of 256 bytes. The total length of the response is 932 bytes. You can use "web_set_max_html_param_len" to increase the max parameter size.  	[MsgId: MERR-26377]
End auto log messages stack.	[MsgId: MMSG-10544]


Start auto log messages stack - Iteration 20.	[MsgId: MMSG-10545]
Action.c(73): Registered web_reg_find successful for "Text= User wants the intineraries. " (count=1)  	[MsgId: MMSG-26364]
Action.c(73): web_url("Itinerary Button") was successful, 102089 body bytes, 1917 header bytes, 219 chunking overhead bytes  	[MsgId: MMSG-26385]
Action.c(83): Notify: Transaction "Itenerary_click" ended with a "Pass" status (Duration: 0,2585 Wasted Time: 0,0061).	[MsgId: MMSG-16871]
Action.c(85): lr_think_time: 5,00 seconds.	[MsgId: MMSG-15948]
Action.c(87): Notify: Transaction "Choose_reservation" started.	[MsgId: MMSG-16999]
Action.c(89): web_reg_save_param started  	[MsgId: MMSG-26355]
Action.c(89): Registering web_reg_save_param was successful  	[MsgId: MMSG-26390]
Action.c(94): web_submit_form("itinerary.pl") started  	[MsgId: MMSG-26355]
Action.c(94): Submitting form to "http://localhost:1080/cgi-bin/itinerary.pl", Target Frame=""  	[MsgId: MMSG-27978]
Action.c(94): Error -26377: No match found for the requested parameter "1_FlightID_AfterDelete". Either the specified boundaries were not found in the response or the matched text is longer than current max html parameter size of 256 bytes. The total length of the response is 932 bytes. You can use "web_set_max_html_param_len" to increase the max parameter size.  	[MsgId: MERR-26377]
End auto log messages stack.	[MsgId: MMSG-10544]


Start auto log messages stack - Iteration 17.	[MsgId: MMSG-10545]
Action.c(73): Registered web_reg_find successful for "Text= User wants the intineraries. " (count=1)  	[MsgId: MMSG-26364]
Action.c(73): web_url("Itinerary Button") was successful, 96355 body bytes, 1917 header bytes, 211 chunking overhead bytes  	[MsgId: MMSG-26385]
Action.c(83): Notify: Transaction "Itenerary_click" ended with a "Pass" status (Duration: 1,9213 Wasted Time: 0,0029).	[MsgId: MMSG-16871]
Action.c(85): lr_think_time: 5,00 seconds.	[MsgId: MMSG-15948]
Action.c(87): Notify: Transaction "Choose_reservation" started.	[MsgId: MMSG-16999]
Action.c(89): web_reg_save_param started  	[MsgId: MMSG-26355]
Action.c(89): Registering web_reg_save_param was successful  	[MsgId: MMSG-26390]
Action.c(94): web_submit_form("itinerary.pl") started  	[MsgId: MMSG-26355]
Action.c(94): Submitting form to "http://localhost:1080/cgi-bin/itinerary.pl", Target Frame=""  	[MsgId: MMSG-27978]
Action.c(94): Error -26377: No match found for the requested parameter "1_FlightID_AfterDelete". Either the specified boundaries were not found in the response or the matched text is longer than current max html parameter size of 256 bytes. The total length of the response is 932 bytes. You can use "web_set_max_html_param_len" to increase the max parameter size.  	[MsgId: MERR-26377]
End auto log messages stack.	[MsgId: MMSG-10544]


