Start auto log messages stack - Iteration 1.	[MsgId: MMSG-10545]
Action.c(85): lr_think_time: 5,00 seconds.	[MsgId: MMSG-15948]
Action.c(87): Notify: Transaction "Choose_reservation" started.	[MsgId: MMSG-16999]
Action.c(89): web_reg_find started  	[MsgId: MMSG-26355]
Action.c(89): Registering web_reg_find was successful  	[MsgId: MMSG-26390]
Action.c(93): web_submit_form("itinerary.pl") started  	[MsgId: MMSG-26355]
Action.c(93): Submitting form to "http://localhost:1080/cgi-bin/itinerary.pl", Target Frame=""  	[MsgId: MMSG-27978]
Action.c(93): Resource "http://localhost:1080/WebTours/images/cancelreservation.gif" is in the cache already and will not be downloaded again  	[MsgId: MMSG-26655]
Action.c(93): Resource "http://localhost:1080/WebTours/images/cancelallreservations.gif" is in the cache already and will not be downloaded again  	[MsgId: MMSG-26655]
Action.c(93): Error -26368: "Text=87549284" found for web_reg_find (count=1)  	[MsgId: MERR-26368]
End auto log messages stack.	[MsgId: MMSG-10544]


Start auto log messages stack - Iteration 1.	[MsgId: MMSG-10545]
Action.c(85): lr_think_time: 5,00 seconds.	[MsgId: MMSG-15948]
Action.c(87): Notify: Transaction "Choose_reservation" started.	[MsgId: MMSG-16999]
Action.c(89): web_reg_find started  	[MsgId: MMSG-26355]
Action.c(89): Registering web_reg_find was successful  	[MsgId: MMSG-26390]
Action.c(93): web_submit_form("itinerary.pl") started  	[MsgId: MMSG-26355]
Action.c(93): Submitting form to "http://localhost:1080/cgi-bin/itinerary.pl", Target Frame=""  	[MsgId: MMSG-27978]
Action.c(93): Resource "http://localhost:1080/WebTours/images/cancelreservation.gif" is in the cache already and will not be downloaded again  	[MsgId: MMSG-26655]
Action.c(93): Resource "http://localhost:1080/WebTours/images/cancelallreservations.gif" is in the cache already and will not be downloaded again  	[MsgId: MMSG-26655]
Action.c(93): Error -26368: "Text=87552975" found for web_reg_find (count=1)  	[MsgId: MERR-26368]
End auto log messages stack.	[MsgId: MMSG-10544]


Start auto log messages stack - Iteration 2.	[MsgId: MMSG-10545]
Action.c(85): lr_think_time: 5,00 seconds.	[MsgId: MMSG-15948]
Action.c(87): Notify: Transaction "Choose_reservation" started.	[MsgId: MMSG-16999]
Action.c(89): web_reg_find started  	[MsgId: MMSG-26355]
Action.c(89): Registering web_reg_find was successful  	[MsgId: MMSG-26390]
Action.c(93): web_submit_form("itinerary.pl") started  	[MsgId: MMSG-26355]
Action.c(93): Submitting form to "http://localhost:1080/cgi-bin/itinerary.pl", Target Frame=""  	[MsgId: MMSG-27978]
Action.c(93): Resource "http://localhost:1080/WebTours/images/cancelreservation.gif" is in the cache already and will not be downloaded again  	[MsgId: MMSG-26655]
Action.c(93): Resource "http://localhost:1080/WebTours/images/cancelallreservations.gif" is in the cache already and will not be downloaded again  	[MsgId: MMSG-26655]
Action.c(93): Error -26368: "Text=339605215" found for web_reg_find (count=1)  	[MsgId: MERR-26368]
End auto log messages stack.	[MsgId: MMSG-10544]


Start auto log messages stack - Iteration 4.	[MsgId: MMSG-10545]
Action.c(85): lr_think_time: 5,00 seconds.	[MsgId: MMSG-15948]
Action.c(87): Notify: Transaction "Choose_reservation" started.	[MsgId: MMSG-16999]
Action.c(89): web_reg_find started  	[MsgId: MMSG-26355]
Action.c(89): Registering web_reg_find was successful  	[MsgId: MMSG-26390]
Action.c(93): web_submit_form("itinerary.pl") started  	[MsgId: MMSG-26355]
Action.c(93): Submitting form to "http://localhost:1080/cgi-bin/itinerary.pl", Target Frame=""  	[MsgId: MMSG-27978]
Action.c(93): Resource "http://localhost:1080/WebTours/images/cancelreservation.gif" is in the cache already and will not be downloaded again  	[MsgId: MMSG-26655]
Action.c(93): Resource "http://localhost:1080/WebTours/images/cancelallreservations.gif" is in the cache already and will not be downloaded again  	[MsgId: MMSG-26655]
Action.c(93): Error -26368: "Text=163277796" found for web_reg_find (count=3)  	[MsgId: MERR-26368]
End auto log messages stack.	[MsgId: MMSG-10544]


